   1: 0000: 
   2: 0000: \*****************************************************************************
   3: 0000: \*****************************************************************************
   4: 0000: \***
   5: 0000: \***                 FILE HANDLING FUNCTIONS SOURCE CODE
   6: 0000: \***
   7: 0000: \***                   FILE TYPE:  KEYED
   8: 0000: \***
   9: 0000: \***                   REFERENCE:  MINLSFUN.BAS
  10: 0000: \***
  11: 0000: \***	             DESCRIPTION:  MINSITS RP - SCREEN COUNT INFORMATION
  12: 0000: \***
  13: 0000: \***
  14: 0000: \***
  15: 0000: \***      VERSION 1 : Julia Stones             8th January 1998  
  16: 0000: \***      
  17: 0000: \*****************************************************************************
  18: 0000: \*****************************************************************************
  19: 0000: 
  20: 0000:   INTEGER*2 GLOBAL            \
  21: 0000:          CURRENT.REPORT.NUM% 
  22: 0000:   
  23: 0000:   STRING GLOBAL               \
  24: 0000:          CURRENT.CODE$,       \
  25: 0000:          FILE.OPERATION$         
  26: 0000: 
  27: 0000:   %INCLUDE MINLSDEC.J86
  28: 0000: 
  29: 0000: \*****************************************************************************
  30: 0000: \*****************************************************************************
  31: 0000: \***
  32: 0000: \***        %INCLUDE FIELD DECLARATIONS AND FILE REFERENCE PARAMETERS
  33: 0000: \***
  34: 0000: \***                   FILE TYPE:  KEYED
  35: 0000: \***
  36: 0000: \***                   REFERENCE:  MINLSDEC.J86
  37: 0000: \***
  38: 0000: \***              DESCRIPTION:  MINSITS RP - SCREEN COUNT INFORMATION
  39: 0000: \***
  40: 0000: \***
  41: 0000: \***
  42: 0000: \***      VERSION 1 : Julia Stones             8th January 1998  
  43: 0000: \***      
  44: 0000: \*****************************************************************************
  45: 0000: \*****************************************************************************
  46: 0000: 
  47: 0000: STRING GLOBAL   \
  48: 0000:    MINLS.FILE.NAME$,  \
  49: 0000:    MINLS.ITEM.CODE$,     \  4 byte UPD;  Record key
  50: 0000:    MINLS.RECOUNT.DATE$,  \  3 byte UPD;  YYMMDD      
  51: 0000:    MINLS.DISCREPANCY$,    \  3 byte UPD        
  52: 0000:    MINLS.COUNT.STATUS$     ! 1 byte ASCII 
  53: 0000: 
  54: 0000: INTEGER*2 GLOBAL  \
  55: 0000:    MINLS.RECL%,   \
  56: 0000:    MINLS.REPORT.NUM%,  \
  57: 0000:    MINLS.SESS.NUM%   !
  58: 0000: 
  59: 0000: 
  60: 0000: 
  61: 0000: 
  62: 0000: 
  63: 0000: 
  64: 0000:   FUNCTION MINLS.SET PUBLIC
  65: 0014: 
  66: 0014:      INTEGER*2 MINLS.SET
  67: 0014:      MINLS.SET = 1
  68: 0019: 
  69: 0019:        MINLS.REPORT.NUM% = 547                                   
  70: 0022:        MINLS.RECL%      = 11 
  71: 002b:        MINLS.FILE.NAME$ = "MINLS"
  72: 003a:   
  73: 003a:      MINLS.SET = 0
  74: 003f: 
  75: 003f:   END FUNCTION
  76: 004e: 
  77: 004e: 
  78: 004e: 
  79: 004e:   FUNCTION READ.MINLS PUBLIC
  80: 0062: 
  81: 0062:     INTEGER*2 READ.MINLS
  82: 0062:     
  83: 0062:     READ.MINLS = 1    
  84: 0067: 
  85: 0067:     IF END #MINLS.SESS.NUM% THEN READ.ERROR
  86: 007b:     READ FORM "T5,C3,C3,C1";  \
  87: 00c3:             #MINLS.SESS.NUM% KEY MINLS.ITEM.CODE$;   \
  88: 00c3:                              MINLS.RECOUNT.DATE$,    \
  89: 00c3:                              MINLS.DISCREPANCY$,     \
  90: 00c3:                              MINLS.COUNT.STATUS$     !
  91: 00c3:        READ.MINLS = 0
  92: 00c8:        EXIT FUNCTION
  93: 00ca:  
  94: 00ca:     READ.ERROR:
  95: 00ca: 
  96: 00ca:         CURRENT.CODE$ = MINLS.ITEM.CODE$
  97: 00e0:  FILE.OPERATION$ = "R"
  98: 00ef:  CURRENT.REPORT.NUM% = MINLS.REPORT.NUM%
  99: 00fd:  EXIT FUNCTION
 100: 00ff: 
 101: 00ff:   END FUNCTION
 102: 010e:   
 103: 010e: 
 104: 010e: 
 105: 010e:   FUNCTION READ.MINLS.LOCKED PUBLIC
 106: 0122: 
 107: 0122:     INTEGER*2 READ.MINLS.LOCKED
 108: 0122:     
 109: 0122:     READ.MINLS.LOCKED = 1    
 110: 0127:        IF END #MINLS.SESS.NUM% THEN READ.LOCKED.ERROR
 111: 013b:        READ FORM "T5,C3,C3,C1";  \
 112: 0183:             #MINLS.SESS.NUM% AUTOLOCK KEY MINLS.ITEM.CODE$;      \
 113: 0183:             MINLS.RECOUNT.DATE$,      \
 114: 0183:             MINLS.DISCREPANCY$,       \
 115: 0183:             MINLS.COUNT.STATUS$      !
 116: 0183:        READ.MINLS.LOCKED = 0
 117: 0188:        EXIT FUNCTION
 118: 018a:  
 119: 018a:     READ.LOCKED.ERROR:
 120: 018a: 
 121: 018a:         CURRENT.CODE$ = MINLS.ITEM.CODE$
 122: 01a0:  FILE.OPERATION$ = "R"
 123: 01af:  CURRENT.REPORT.NUM% = MINLS.REPORT.NUM%
 124: 01bd:     
 125: 01bd:  EXIT FUNCTION
 126: 01bf: 
 127: 01bf:   END FUNCTION  
 128: 01ce: 
 129: 01ce: 
 130: 01ce:   FUNCTION WRITE.UNLOCK.MINLS PUBLIC
 131: 01e2: 
 132: 01e2:     INTEGER*2 WRITE.UNLOCK.MINLS
 133: 01e2:     
 134: 01e2:     WRITE.UNLOCK.MINLS = 1
 135: 01e7: 
 136: 01e7:     IF END #MINLS.SESS.NUM% THEN WRITE.UNLOCK.ERROR
 137: 01fb:     WRITE FORM "C4,C3,C3,C1";   \
 138: 024d:         #MINLS.SESS.NUM% AUTOUNLOCK;   \
 139: 024d:                  MINLS.ITEM.CODE$,     \
 140: 024d:                  MINLS.RECOUNT.DATE$,  \
 141: 024d:                  MINLS.DISCREPANCY$,   \
 142: 024d:                  MINLS.COUNT.STATUS$   !
 143: 024d: 
 144: 024d:        WRITE.UNLOCK.MINLS = 0
 145: 0252:        EXIT FUNCTION
 146: 0254:      
 147: 0254:     WRITE.UNLOCK.ERROR:
 148: 0254:      
 149: 0254:        FILE.OPERATION$ = "W"
 150: 0263:        CURRENT.REPORT.NUM% = MINLS.REPORT.NUM%
 151: 0271:        CURRENT.CODE$ = MINLS.ITEM.CODE$
 152: 0287:     
 153: 0287:        EXIT FUNCTION    
 154: 0289: 
 155: 0289:   END FUNCTION
 156: 0298: 
 157: 0298:   FUNCTION WRITE.MINLS PUBLIC
 158: 02ac: 
 159: 02ac:     INTEGER*2 WRITE.MINLS
 160: 02ac:     
 161: 02ac:     WRITE.MINLS = 1
 162: 02b1: 
 163: 02b1:     IF END #MINLS.SESS.NUM% THEN WRITE.ERROR
 164: 02c5:     WRITE FORM "C4,C3,C3,C1";   \
 165: 0317:         #MINLS.SESS.NUM%;            \
 166: 0317:                 MINLS.ITEM.CODE$,      \   
 167: 0317:                 MINLS.RECOUNT.DATE$,  \
 168: 0317:                 MINLS.DISCREPANCY$,   \
 169: 0317:                 MINLS.COUNT.STATUS$   !
 170: 0317: 
 171: 0317:        WRITE.MINLS = 0
 172: 031c:        EXIT FUNCTION
 173: 031e:      
 174: 031e:     WRITE.ERROR:
 175: 031e:      
 176: 031e:        FILE.OPERATION$ = "W"
 177: 032d:        CURRENT.REPORT.NUM% = MINLS.REPORT.NUM%
 178: 033b:        CURRENT.CODE$ = MINLS.ITEM.CODE$
 179: 0351:     
 180: 0351:        EXIT FUNCTION    
 181: 0353: 
 182: 0353:   END FUNCTION
 183: 0362: 
 184: 0362: End of Compilation
