   1: 0000: \******************************************************************************
   2: 0000: \******************************************************************************
   3: 0000: \***
   4: 0000: \***   $Workfile:   RFSCFFUN.BAS  $
   5: 0000: \***
   6: 0000: \***   $Revision:   1.7  $
   7: 0000: \***
   8: 0000: \*****************************************************************************
   9: 0000: \*****************************************************************************
  10: 0000: \***
  11: 0000: \***                      RFSCF  FILE FUNCTIONS
  12: 0000: \***
  13: 0000: \***                      REFERENCE    : RFSCFFUN
  14: 0000: \***
  15: 0000: \***
  16: 0000: \***           VERSION A       Nik Sen         5th October 1998
  17: 0000: \***
  18: 0000: \*******************************************************************************
  19: 0000: \*******************************************************************************
  20: 0000: \***           VERSION B       Mark Goode       23rd August 2004
  21: 0000: \***
  22: 0000: \***   Updated to reflect current RF version, also includes new fields for OSSR
  23: 0000: \*******************************************************************************
  24: 0000: \***           VERSION C       Jamie Thorpe     9th December 2004
  25: 0000: \***
  26: 0000: \***   Added Read & Write to record 3.
  27: 0000: \*******************************************************************************
  28: 0000: \***           VERSION D       Jamie Thorpe    13th Match 2006
  29: 0000: \***
  30: 0000: \***   Added RFSCF.RECOUNT.DAYS.RETAIN% for the Removal of RF counts project
  31: 0000: \*******************************************************************************
  32: 0000: \***           VERSION E       Peter Sserunkuma   9th September 2008
  33: 0000: \***
  34: 0000: \***   Added RFSCF.PLANNERS.ACTIVE$.  This was currently named
  35: 0000: \***   RFSCF.FILLER$ in record 1.
  36: 0000: \*******************************************************************************
  37: 0000: \***           VERSION F       Peter Sserunkuma   21st January 2009
  38: 0000: \***
  39: 0000: \***   Six new fields added to record 3 as part of SFSCF2 changes.
  40: 0000: \***   RFSCF.DIRECTS.ACTIVE$
  41: 0000: \***   RFSCF.ASN.ACTIVE$
  42: 0000: \***   RFSCF.POS.UOD.ACTIVE$
  43: 0000: \***   RFSCF.ONIGHT.DELIV$
  44: 0000: \***   RFSCF.ONIGHT.SCAN$
  45: 0000: \***   RFSCF.SCAN.BATCH$
  46: 0000: \*******************************************************************************
  47: 0000: \***           VERSION G       Tittoo Thomas          24th May 2012
  48: 0000: \***
  49: 0000: \***   Added RFSCF.PSP.LEAD.TIME$ in record 1, currently named RFSCF.FILLER$.
  50: 0000: \***   1 byte Packed and holds the number of days (usually 7 or 21 days). It
  51: 0000: \***   is used to indicate if a pending sales plan planner should be counted
  52: 0000: \***   if it becomes active in the next N days.
  53: 0000: \*******************************************************************************
  54: 0000: 
  55: 0000:    INTEGER*2 GLOBAL                  \
  56: 0000:       CURRENT.REPORT.NUM%
  57: 0000: 
  58: 0000:    STRING GLOBAL                     \
  59: 0000:       CURRENT.CODE$,                 \
  60: 0000:       FILE.OPERATION$
  61: 0000: 
  62: 0000:    %INCLUDE RFSCFDEC.J86
  63: 0000: \******************************************************************************
  64: 0000: \******************************************************************************
  65: 0000: \***
  66: 0000: \***   $Workfile:   RFSCFDEC.J86  $
  67: 0000: \***
  68: 0000: \***   $Revision:   1.7  $
  69: 0000: \***
  70: 0000: \******************************************************************************
  71: 0000: \******************************************************************************
  72: 0000: \***
  73: 0000: \***
  74: 0000: \***
  75: 0000: \***
  76: 0000: \*****************************************************************************
  77: 0000: \*****************************************************************************
  78: 0000: \***
  79: 0000: \***               %INCLUDE FOR RFSCF - FIELD DECLARATIONS
  80: 0000: \***                                    FILE REFERENCE PARAMETERS
  81: 0000: \***
  82: 0000: \***                      FILE TYPE    : DIRECT
  83: 0000: \***
  84: 0000: \***                      REFERENCE    : RFSCFDEC
  85: 0000: \***
  86: 0000: \***           VERSION A : NIK SEN  5th October 1998
  87: 0000: \***
  88: 0000: \***
  89: 0000: \*******************************************************************************
  90: 0000: \*******************************************************************************
  91: 0000: \***           VERSIOB B       Mark Goode       23rd August 2004
  92: 0000: \***
  93: 0000: \***   Updated to reflect current RF version, also includes new fields for OSSR
  94: 0000: \*******************************************************************************
  95: 0000: \***           VERSION C       Jamie Thorpe      9th December 2004
  96: 0000: \***
  97: 0000: \***   Updated with record 3 variables.
  98: 0000: \*******************************************************************************
  99: 0000: \***           VERSION D       Jamie Thorpe     13th March 2006
 100: 0000: \***
 101: 0000: \***   Updated with record 1 variable.RFSCF.RECOUNT.DAYS.RETAIN%
 102: 0000: \*******************************************************************************
 103: 0000: \***           VERSION E       Peter Sserunkuma 28th September 2008
 104: 0000: \***
 105: 0000: \***   Added RFSCF.PLANNERS.ACTIVE$.  This was currently named
 106: 0000: \***   RFSCF.FILLER$ in record 1.
 107: 0000: \*******************************************************************************
 108: 0000: \***           VERSION F       Peter Sserunkuma   21st January 2009
 109: 0000: \***
 110: 0000: \***   Six new fields added to record 3 as part of SFSCF2 changes.
 111: 0000: \***   RFSCF.DIRECTS.ACTIVE$
 112: 0000: \***   RFSCF.ASN.ACTIVE$
 113: 0000: \***   RFSCF.POS.UOD.ACTIVE$
 114: 0000: \***   RFSCF.ONIGHT.DELIV$
 115: 0000: \***   RFSCF.ONIGHT.SCAN$
 116: 0000: \***   RFSCF.SCAN.BATCH$
 117: 0000: \*******************************************************************************
 118: 0000: \***           VERSION G       Tittoo Thomas          24th May 2012
 119: 0000: \***
 120: 0000: \***   Added RFSCF.PSP.LEAD.TIME$ in record 1, currently named RFSCF.FILLER$.
 121: 0000: \***   1 byte Packed and holds the number of days (usually 7 or 21 days). It
 122: 0000: \***   is used to indicate if a pending sales plan planner should be counted
 123: 0000: \***   if it becomes active in the next N days.
 124: 0000: \*******************************************************************************
 125: 0000: 
 126: 0000:   STRING GLOBAL                 \
 127: 0000:     RFSCF.ACTIVE$,              \ CJT
 128: 0000:     RFSCF.BCENTRES$,            \ CJT
 129: 0000:     RFSCF.CCHIST.NUM.DAYS$,     \CJT
 130: 0000:     RFSCF.FILE.NAME$,           \
 131: 0000:     RFSCF.FILLER$,              \
 132: 0000:     RFSCF.FILLER3$,             \ CJT
 133: 0000:     RFSCF.OSSRSTORE$,           \ BMG
 134: 0000:     RFSCF.PLANNERS.ACTIVE$,     \      !EPS
 135: 0000:     RFSCF.PSP.LEAD.TIME$,       \      !GTT
 136: 0000:     RFSCF.DIRECTS.ACTIVE$,      \      !FPS
 137: 0000:     RFSCF.ASN.ACTIVE$,          \      !FPS
 138: 0000:     RFSCF.POS.UOD.ACTIVE$,      \      !FPS
 139: 0000:     RFSCF.ONIGHT.DELIV$,        \      !FPS
 140: 0000:     RFSCF.ONIGHT.SCAN$,         \      !FPS
 141: 0000:     RFSCF.SCAN.BATCH.SIZE$             !FPS
 142: 0000: 
 143: 0000:   INTEGER*1 GLOBAL        \
 144: 0000:     RFSCF.ACTIVITY%,      \
 145: 0000:     RFSCF.EMUACTIVE%,     \
 146: 0000:     RFSCF.PRIMCURR%       ! BMG
 147: 0000: 
 148: 0000: 
 149: 0000:   INTEGER*2 GLOBAL        \
 150: 0000:     RFSCF.SESS.NUM%,      \
 151: 0000:     RFSCF.REPORT.NUM%,    \
 152: 0000:     RFSCF.RECL%,          \
 153: 0000:     RFSCF.PMEDTERM%,           \
 154: 0000:     RFSCF.QBUSTTERM%,          \
 155: 0000:     RFSCF.PMEDNEXTTXN%,        \
 156: 0000:     RFSCF.QBUSTNXTTXN%,        \
 157: 0000:     RFSCF.PCDATES%,            \
 158: 0000:     RFSCF.PCHKINC%,            \
 159: 0000:     RFSCF.HHTIPMIN%,           \
 160: 0000:     RFSCF.HHTIPMAX%,           \
 161: 0000:     RFSCF.RECOUNT.DAYS.RETAIN% ! DJT
 162: 0000: 
 163: 0000:   INTEGER*4 GLOBAL        \
 164: 0000:     RFSCF.REC.NUM%,       \
 165: 0000:     RFSCF.PMEDTXNCNT%,         \
 166: 0000:     RFSCF.PMEDQTY%,            \
 167: 0000:     RFSCF.QBUSTTXNCNT%,        \
 168: 0000:     RFSCF.QBUSTQTY%,           \
 169: 0000:     RFSCF.LDCPARM1%,           \
 170: 0000:     RFSCF.LDCPARM2%,           \
 171: 0000:     RFSCF.LDCPARM3%,           \
 172: 0000:     RFSCF.PCHKTARGET%,         \
 173: 0000:     RFSCF.CNTPCHK%,            \
 174: 0000:     RFSCF.PCHKUPPER%,          \
 175: 0000:     RFSCF.PCHKLOWER%,          \
 176: 0000:     RFSCF.PCHKDEFAULT%,        \
 177: 0000:     RFSCF.PCHKERRCNT%,         \
 178: 0000:     RFSCF.PCHKERRLST%,         \
 179: 0000:     RFSCF.EMUCNVFACT%          ! BMG
 180: 0000: 
 181: 0000: 
 182: 0000: 
 183: 0000: 
 184: 0000: 
 185: 0000: 
 186: 0000: 
 187: 0000: 
 188: 0000: 
 189: 0000: 
 190: 0000:    FUNCTION RFSCF.SET PUBLIC
 191: 0014: 
 192: 0014: 
 193: 0014:     RFSCF.REPORT.NUM%  = 517
 194: 001d:     RFSCF.RECL%        = 80
 195: 0026:     RFSCF.FILE.NAME$   = "RFSCF"
 196: 0035:     RFSCF.REC.NUM%     = 1
 197: 0044: 
 198: 0044: END FUNCTION
 199: 0050: 
 200: 0050: \----------------------------------------------------------------------------
 201: 0050: 
 202: 0050: FUNCTION READ.RFSCF1 PUBLIC
 203: 0064: 
 204: 0064:       INTEGER*2 READ.RFSCF1
 205: 0064: 
 206: 0064:       READ.RFSCF1 = 1
 207: 0069: 
 208: 0069:       IF END #RFSCF.SESS.NUM% THEN END.OF.RFSCF
 209: 007d:       READ FORM "4I2,4I4,I1,3I4,I2,4I4,I2,3I4,2I1,I4,C1,I2,C1,C1"; \ BMG
 210: 01d5:          #RFSCF.SESS.NUM%,1;                          \
 211: 01d5:            RFSCF.PMEDTERM%,                            \
 212: 01d5:            RFSCF.QBUSTTERM%,                           \
 213: 01d5:            RFSCF.PMEDNEXTTXN%,                         \
 214: 01d5:            RFSCF.QBUSTNXTTXN%,                         \
 215: 01d5:            RFSCF.PMEDTXNCNT%,                          \
 216: 01d5:            RFSCF.PMEDQTY%,                             \
 217: 01d5:            RFSCF.QBUSTTXNCNT%,                         \
 218: 01d5:            RFSCF.QBUSTQTY%,                            \
 219: 01d5:            RFSCF.ACTIVITY%,                            \
 220: 01d5:            RFSCF.LDCPARM1%,                            \
 221: 01d5:            RFSCF.LDCPARM2%,                            \
 222: 01d5:            RFSCF.LDCPARM3%,                            \
 223: 01d5:            RFSCF.PCDATES%,                             \
 224: 01d5:            RFSCF.PCHKTARGET%,                          \
 225: 01d5:            RFSCF.CNTPCHK%,                             \
 226: 01d5:            RFSCF.PCHKUPPER%,                           \
 227: 01d5:            RFSCF.PCHKLOWER%,                           \
 228: 01d5:            RFSCF.PCHKINC%,                             \
 229: 01d5:            RFSCF.PCHKDEFAULT%,                         \
 230: 01d5:            RFSCF.PCHKERRCNT%,                          \
 231: 01d5:            RFSCF.PCHKERRLST%,                          \
 232: 01d5:            RFSCF.EMUACTIVE%,                           \
 233: 01d5:            RFSCF.PRIMCURR%,                            \ BMG
 234: 01d5:            RFSCF.EMUCNVFACT%,                          \ BMG
 235: 01d5:            RFSCF.OSSRSTORE$,                           \ BMG
 236: 01d5:            RFSCF.RECOUNT.DAYS.RETAIN%,                 \ DJT
 237: 01d5:            RFSCF.PLANNERS.ACTIVE$,                     \ EPS
 238: 01d5:            RFSCF.PSP.LEAD.TIME$                        ! GTT
 239: 01d5: !          RFSCF.FILLER$                               ! EPS ! GTT
 240: 01d5: 
 241: 01d5:       READ.RFSCF1 = 0
 242: 01da:       EXIT FUNCTION
 243: 01dc: 
 244: 01dc: 
 245: 01dc: END.OF.RFSCF:
 246: 01dc: 
 247: 01dc:          FILE.OPERATION$     = "R"
 248: 01eb:          CURRENT.CODE$       = PACK$("0000000000000000")
 249: 01ff:          CURRENT.REPORT.NUM% = RFSCF.REPORT.NUM%
 250: 020d: 
 251: 020d:          EXIT FUNCTION
 252: 020f: 
 253: 020f: 
 254: 020f: END FUNCTION
 255: 021e: 
 256: 021e: \----------------------------------------------------------------------------
 257: 021e: 
 258: 021e: FUNCTION READ.RFSCF3 PUBLIC
 259: 0232: 
 260: 0232:       INTEGER*2 READ.RFSCF3
 261: 0232: 
 262: 0232:       READ.RFSCF3 = 1
 263: 0237: 
 264: 0237:       IF END #RFSCF.SESS.NUM% THEN END.OF.READ.RFSCF3
 265: 024b:       READ FORM "C1,C30,C3,C1,C1,C1,C1,C1,C3,C38";      \    !FPS
 266: 02dd:          #RFSCF.SESS.NUM%,3;                            \
 267: 02dd:            RFSCF.ACTIVE$,                               \
 268: 02dd:            RFSCF.BCENTRES$,                             \
 269: 02dd:            RFSCF.CCHIST.NUM.DAYS$,                      \
 270: 02dd:            RFSCF.DIRECTS.ACTIVE$,                       \    !FPS
 271: 02dd:            RFSCF.ASN.ACTIVE$,                           \    !FPS
 272: 02dd:            RFSCF.POS.UOD.ACTIVE$,                       \    !FPS
 273: 02dd:            RFSCF.ONIGHT.DELIV$,                         \    !FPS
 274: 02dd:            RFSCF.ONIGHT.SCAN$,                          \    !FPS
 275: 02dd:            RFSCF.SCAN.BATCH.SIZE$,                      \    !FPS
 276: 02dd:            RFSCF.FILLER3$
 277: 02dd: 
 278: 02dd:       READ.RFSCF3 = 0
 279: 02e2:       EXIT FUNCTION
 280: 02e4: 
 281: 02e4: END.OF.READ.RFSCF3:
 282: 02e4: 
 283: 02e4:          FILE.OPERATION$     = "R"
 284: 02f3:          CURRENT.CODE$       = PACK$("0000000000000000")
 285: 0307:          CURRENT.REPORT.NUM% = RFSCF.REPORT.NUM%
 286: 0315: 
 287: 0315:          EXIT FUNCTION
 288: 0317: 
 289: 0317: END FUNCTION
 290: 0326: 
 291: 0326: \----------------------------------------------------------------------------
 292: 0326: 
 293: 0326: FUNCTION WRITE.RFSCF1 PUBLIC
 294: 033a: 
 295: 033a:       INTEGER*2 WRITE.RFSCF1
 296: 033a: 
 297: 033a:       WRITE.RFSCF1 = 1
 298: 033f: 
 299: 033f:       IF END #RFSCF.SESS.NUM% THEN END.OF.RFSCF
 300: 0353:       WRITE FORM "4I2,4I4,I1,3I4,I2,4I4,I2,3I4,2I1,I4,C1,I2,C1,C1"; \
 301: 0510:          #RFSCF.SESS.NUM%,1;                          \  BMG
 302: 0510:            RFSCF.PMEDTERM%,                            \ BMG
 303: 0510:            RFSCF.QBUSTTERM%,                           \ BMG
 304: 0510:            RFSCF.PMEDNEXTTXN%,                         \ BMG
 305: 0510:            RFSCF.QBUSTNXTTXN%,                         \ BMG
 306: 0510:            RFSCF.PMEDTXNCNT%,                          \ BMG
 307: 0510:            RFSCF.PMEDQTY%,                             \ BMG
 308: 0510:            RFSCF.QBUSTTXNCNT%,                         \ BMG
 309: 0510:            RFSCF.QBUSTQTY%,                            \ BMG
 310: 0510:            RFSCF.ACTIVITY%,                            \ BMG
 311: 0510:            RFSCF.LDCPARM1%,                            \ BMG
 312: 0510:            RFSCF.LDCPARM2%,                            \ BMG
 313: 0510:            RFSCF.LDCPARM3%,                            \ BMG
 314: 0510:            RFSCF.PCDATES%,                             \ BMG
 315: 0510:            RFSCF.PCHKTARGET%,                          \ BMG
 316: 0510:            RFSCF.CNTPCHK%,                             \ BMG
 317: 0510:            RFSCF.PCHKUPPER%,                           \ BMG
 318: 0510:            RFSCF.PCHKLOWER%,                           \ BMG
 319: 0510:            RFSCF.PCHKINC%,                             \ BMG
 320: 0510:            RFSCF.PCHKDEFAULT%,                         \ BMG
 321: 0510:            RFSCF.PCHKERRCNT%,                          \ BMG
 322: 0510:            RFSCF.PCHKERRLST%,                          \ BMG
 323: 0510:            RFSCF.EMUACTIVE%,                           \ BMG
 324: 0510:            RFSCF.PRIMCURR%,                            \ BMG
 325: 0510:            RFSCF.EMUCNVFACT%,                          \ BMG
 326: 0510:            RFSCF.OSSRSTORE$,                           \ BMG
 327: 0510:            RFSCF.RECOUNT.DAYS.RETAIN%,                 \ DJT
 328: 0510:            RFSCF.PLANNERS.ACTIVE$,                     \ EPS GTT
 329: 0510:            RFSCF.PSP.LEAD.TIME$                        ! GTT
 330: 0510: 
 331: 0510:       WRITE.RFSCF1 = 0                                 ! BMG
 332: 0515:       EXIT FUNCTION                                    ! BMG
 333: 0517: 
 334: 0517: END.OF.RFSCF:                                          ! BMG
 335: 0517:                                                        ! BMG
 336: 0517:          FILE.OPERATION$     = "W"
 337: 0526:          CURRENT.CODE$       = PACK$("0000000000000000") ! BMG
 338: 053a:          CURRENT.REPORT.NUM% = RFSCF.REPORT.NUM%         ! BMG
 339: 0548: 
 340: 0548:          EXIT FUNCTION                                   ! BMG
 341: 054a: 
 342: 054a: 
 343: 054a: END FUNCTION                                             ! BMG
 344: 0559: 
 345: 0559: \----------------------------------------------------------------------------
 346: 0559: 
 347: 0559: FUNCTION WRITE.RFSCF3 PUBLIC
 348: 056d: 
 349: 056d:       INTEGER*2 WRITE.RFSCF3
 350: 056d: 
 351: 056d:       WRITE.RFSCF3 = 1
 352: 0572:       IF END #RFSCF.SESS.NUM% THEN END.OF.WRITE.RFSCF3
 353: 0586:       WRITE FORM "C1,C30,C3,C1,C1,C1,C1,C1,C3,C38";     \    !FPS
 354: 0645:          #RFSCF.SESS.NUM%,3;                            \
 355: 0645:            RFSCF.ACTIVE$,                               \
 356: 0645:            RFSCF.BCENTRES$,                             \
 357: 0645:            RFSCF.CCHIST.NUM.DAYS$,                      \
 358: 0645:            RFSCF.DIRECTS.ACTIVE$,                       \    !FPS
 359: 0645:            RFSCF.ASN.ACTIVE$,                           \    !FPS
 360: 0645:            RFSCF.POS.UOD.ACTIVE$,                       \    !FPS
 361: 0645:            RFSCF.ONIGHT.DELIV$,                         \    !FPS
 362: 0645:            RFSCF.ONIGHT.SCAN$,                          \    !FPS
 363: 0645:            RFSCF.SCAN.BATCH.SIZE$,                      \    !FPS
 364: 0645:            RFSCF.FILLER3$
 365: 0645: 
 366: 0645:       WRITE.RFSCF3 = 0
 367: 064a:       EXIT FUNCTION
 368: 064c: 
 369: 064c: END.OF.WRITE.RFSCF3:
 370: 064c: 
 371: 064c:          FILE.OPERATION$     = "W"
 372: 065b:          CURRENT.CODE$       = PACK$("0000000000000000")
 373: 066f:          CURRENT.REPORT.NUM% = RFSCF.REPORT.NUM%
 374: 067d: 
 375: 067d:          EXIT FUNCTION
 376: 067f: 
 377: 067f: 
 378: 067f: END FUNCTION
 379: 068e: 
 380: 068e: End of Compilation
