   1: 0000: REM \
   2: 0000: \******************************************************************************
   3: 0000: \******************************************************************************
   4: 0000: \***
   5: 0000: \***    %INCLUDE FOR RETURNS CLAIMING SUMMARY REPORT FILE EXTERNAL FUNCTIONS
   6: 0000: \***
   7: 0000: \***               REFERENCE    : CCSMYFUN.BAS
   8: 0000: \***
   9: 0000: \***       VERSION A       Michael Kelsall      3rd November 1993
  10: 0000: \***
  11: 0000: \******************************************************************************
  12: 0000: \******************************************************************************
  13: 0000: 
  14: 0000:   %INCLUDE CCSMYDEC.J86
  15: 0000: REM \
  16: 0000: \******************************************************************************
  17: 0000: \******************************************************************************
  18: 0000: \***
  19: 0000: \***               %INCLUDE FOR RETURNS SUMMARY REPORT FILE  
  20: 0000: \***
  21: 0000: \***                      REFERENCE    :   CCSMYDEA.J86
  22: 0000: \***
  23: 0000: \***                      FILE TYPE    :   SEQUENTIAL
  24: 0000: \***
  25: 0000: \***       VERSION A        Michael J. Kelsall          3rd November 1993
  26: 0000: \***
  27: 0000: \******************************************************************************
  28: 0000: *******************************************************************************
  29: 0000: 
  30: 0000:   STRING GLOBAL           \
  31: 0000:     CCSMY.FILE.NAME$,     \
  32: 0000:     CCSMY.REPORT.LINE$    \ 80 bytes report line
  33: 0000: 
  34: 0000:   INTEGER*2 GLOBAL        \
  35: 0000:     CCSMY.REPORT.NUM%,    \
  36: 0000:     CCSMY.SESS.NUM%,      \
  37: 0000:     CCSMY.RECL%
  38: 0000:   
  39: 0000:   STRING GLOBAL                     \
  40: 0000:       CURRENT.CODE$,                \
  41: 0000:       FILE.OPERATION$ 
  42: 0000:       
  43: 0000:   INTEGER*2 GLOBAL                  \
  44: 0000:       CURRENT.REPORT.NUM%    
  45: 0000: 
  46: 0000:   FUNCTION CCSMY.SET PUBLIC
  47: 0014: 
  48: 0014:   INTEGER*2 CCSMY.SET
  49: 0014:   
  50: 0014:     CCSMY.SET = 1
  51: 0019: 
  52: 0019:     CCSMY.REPORT.NUM% = 406
  53: 0022:     CCSMY.FILE.NAME$  = "CCSMY"
  54: 0031: 
  55: 0031:     CCSMY.SET = 0
  56: 0036:     
  57: 0036:   END FUNCTION
  58: 0045:   
  59: 0045: 
  60: 0045:   FUNCTION WRITE.CCSMY PUBLIC
  61: 0059:   
  62: 0059:   INTEGER*2 WRITE.CCSMY
  63: 0059:   
  64: 0059:     WRITE.CCSMY = 1
  65: 005e:   
  66: 005e:     IF END #CCSMY.SESS.NUM% THEN WRITE.CCSMY.ERROR
  67: 0072:     WRITE #CCSMY.SESS.NUM%; CCSMY.REPORT.LINE$
  68: 0090: 
  69: 0090:     WRITE.CCSMY = 0
  70: 0095:     
  71: 0095:     EXIT FUNCTION
  72: 0097:     
  73: 0097:   WRITE.CCSMY.ERROR:
  74: 0097: 
  75: 0097:     FILE.OPERATION$ = "W"
  76: 00a6:     CURRENT.REPORT.NUM% = CCSMY.REPORT.NUM%
  77: 00b4:     CURRENT.CODE$ = ""
  78: 00c3:     
  79: 00c3:     EXIT FUNCTION
  80: 00c5: 
  81: 00c5:   END FUNCTION
  82: 00d4: 
  83: 00d4: 
  84: 00d4: End of Compilation
