   1: 0000: 
   2: 0000: \*****************************************************************************
   3: 0000: \*****************************************************************************
   4: 0000: \***
   5: 0000: \***                 FILE HANDLING FUNCTIONS SOURCE CODE
   6: 0000: \***
   7: 0000: \***                   FILE TYPE:  DIRECT
   8: 0000: \***
   9: 0000: \***                   REFERENCE:  CCSTSFUN.BAS
  10: 0000: \***
  11: 0000: \***                 DESCRIPTION:  CREDIT CLAIMING STOCKTAKING
  12: 0000: \***                               SUMMARY FILE
  13: 0000: \***
  14: 0000: \***
  15: 0000: \***      VERSION A : Clive Norris             9th February 1994
  16: 0000: \***      
  17: 0000: \*****************************************************************************
  18: 0000: \*****************************************************************************
  19: 0000: 
  20: 0000:   INTEGER*2 GLOBAL            \
  21: 0000:          CURRENT.REPORT.NUM% 
  22: 0000:          
  23: 0000:   STRING GLOBAL               \
  24: 0000:          CURRENT.CODE$,       \
  25: 0000:          FILE.OPERATION$           
  26: 0000: 
  27: 0000:   %INCLUDE CCSTSDEC.J86
  28: 0000: \*****************************************************************************
  29: 0000: \*****************************************************************************
  30: 0000: \***
  31: 0000: \***        %INCLUDE FIELD DECLARATIONS AND FILE REFERENCE PARAMETERS
  32: 0000: \***
  33: 0000: \***                   FILE TYPE:  DIRECT
  34: 0000: \***
  35: 0000: \***                   REFERENCE:  CCSTSDEC.J86
  36: 0000: \***
  37: 0000: \***	             DESCRIPTION:  CREDIT CLAIMING STOCKTAKING
  38: 0000: \***				   SUMMARY FILE
  39: 0000: \***
  40: 0000: \***
  41: 0000: \***      VERSION A : Clive Norris             9th February 1994
  42: 0000: \***      
  43: 0000: \*****************************************************************************
  44: 0000: \*****************************************************************************
  45: 0000: 
  46: 0000: STRING GLOBAL			\
  47: 0000:    CCSTS.FILE.NAME$,		\
  48: 0000:    CCSTS.RECORD$,		\  Breaks down into the following fields... 
  49: 0000:    CCSTS.FSI$,             	\  1 byte ASC   Folio series ID (from BCSMF)
  50: 0000:    CCSTS.NAME$,               	\ 14 byte ASC   Business Centre name
  51: 0000:    CCSTS.CLAIM$,                \  8 byte ASC   Latest credit claim no. 
  52: 0000:    CCSTS.FILLER$		!  9 byte ASC;  Spaces
  53: 0000:    
  54: 0000: 
  55: 0000: INTEGER*2 GLOBAL		\
  56: 0000:    CCSTS.RECL%,			\
  57: 0000:    CCSTS.REPORT.NUM%,		\
  58: 0000:    CCSTS.SESS.NUM%,		\
  59: 0000:    CCSTS.REC.NUM%
  60: 0000: 
  61: 0000: 
  62: 0000: 
  63: 0000: 
  64: 0000: 
  65: 0000:   FUNCTION CCSTS.SET PUBLIC
  66: 0014: 
  67: 0014:      INTEGER*2 CCSTS.SET
  68: 0014:      CCSTS.SET = 1
  69: 0019: 
  70: 0019:        CCSTS.REPORT.NUM% = 424
  71: 0022:        CCSTS.RECL%       = 32
  72: 002b:        CCSTS.FILE.NAME$  = "CCSTS"
  73: 003a:   
  74: 003a:      CCSTS.SET = 0
  75: 003f: 
  76: 003f:   END FUNCTION
  77: 004e: 
  78: 004e: 
  79: 004e: 
  80: 004e:   FUNCTION READ.CCSTS PUBLIC
  81: 0062: 
  82: 0062:     INTEGER*2 READ.CCSTS
  83: 0062:        READ.CCSTS = 1    
  84: 0067:          IF END #CCSTS.SESS.NUM% THEN READ.ERROR   
  85: 007b:          READ FORM "C32"; #CCSTS.SESS.NUM%, CCSTS.REC.NUM%; CCSTS.RECORD$
  86: 00ac: 
  87: 00ac:            CCSTS.FSI$    = MID$(CCSTS.RECORD$,1,1)
  88: 00cb:            CCSTS.NAME$   = MID$(CCSTS.RECORD$,2,14)
  89: 00ea:            CCSTS.CLAIM$  = MID$(CCSTS.RECORD$,16,8)
  90: 0109:            CCSTS.FILLER$ = MID$(CCSTS.RECORD$,24,9)
  91: 0128:        READ.CCSTS = 0
  92: 012d:        EXIT FUNCTION     
  93: 012f: 
  94: 012f:     READ.ERROR:
  95: 012f:        CURRENT.CODE$ = CCSTS.FSI$ + CCSTS.NAME$
  96: 0153:        FILE.OPERATION$ = "R"
  97: 0162:        CURRENT.REPORT.NUM% = CCSTS.REPORT.NUM%
  98: 0170:        EXIT FUNCTION
  99: 0172: 
 100: 0172:   END FUNCTION
 101: 0181:   
 102: 0181: 
 103: 0181: 
 104: 0181:   FUNCTION READ.CCSTS.LOCKED PUBLIC
 105: 0195: 
 106: 0195:     INTEGER*2 READ.CCSTS.LOCKED
 107: 0195:     
 108: 0195:        READ.CCSTS.LOCKED = 1    
 109: 019a:        IF END #CCSTS.SESS.NUM% THEN READ.LOCKED.ERROR   
 110: 01ae:        READ FORM "C32"; #CCSTS.SESS.NUM% AUTOLOCK,                      \
 111: 01df:          CCSTS.REC.NUM%; CCSTS.RECORD$
 112: 01df: 
 113: 01df:            CCSTS.FSI$    = MID$(CCSTS.RECORD$,1,1)
 114: 01fe:            CCSTS.NAME$   = MID$(CCSTS.RECORD$,2,14)
 115: 021d:            CCSTS.CLAIM$  = MID$(CCSTS.RECORD$,16,8)
 116: 023c:            CCSTS.FILLER$ = MID$(CCSTS.RECORD$,24,9)
 117: 025b: 
 118: 025b:        READ.CCSTS.LOCKED = 0
 119: 0260:        EXIT FUNCTION     
 120: 0262:         
 121: 0262:     READ.LOCKED.ERROR:
 122: 0262: 
 123: 0262:         CURRENT.CODE$ = CCSTS.FSI$ + CCSTS.NAME$
 124: 0286:         FILE.OPERATION$ = "R"
 125: 0295:         CURRENT.REPORT.NUM% = CCSTS.REPORT.NUM%
 126: 02a3:            
 127: 02a3:         EXIT FUNCTION
 128: 02a5: 
 129: 02a5:   END FUNCTION  
 130: 02b4: 
 131: 02b4: 
 132: 02b4: 
 133: 02b4:   FUNCTION WRITE.HOLD.CCSTS PUBLIC
 134: 02c8: 
 135: 02c8:     INTEGER*2 WRITE.HOLD.CCSTS
 136: 02c8:     
 137: 02c8:        WRITE.HOLD.CCSTS = 1
 138: 02cd: 
 139: 02cd:          IF END #CCSTS.SESS.NUM% THEN WRITE.HOLD.ERROR
 140: 02e1: 
 141: 02e1:          CCSTS.RECORD$ = CCSTS.FSI$ +                                   \
 142: 034a:                          CCSTS.NAME$ +                                  \
 143: 034a:                          CCSTS.CLAIM$ +                                 \
 144: 034a:                          RIGHT$(STRING$(9," ")+CCSTS.FILLER$,9)
 145: 034a: 
 146: 034a:          WRITE FORM "C32"; HOLD #CCSTS.SESS.NUM%,                       \
 147: 037b:            CCSTS.REC.NUM%; CCSTS.RECORD$
 148: 037b:        
 149: 037b:        WRITE.HOLD.CCSTS = 0
 150: 0380:        EXIT FUNCTION         
 151: 0382:      
 152: 0382:     WRITE.HOLD.ERROR:
 153: 0382:        FILE.OPERATION$ = "W"
 154: 0391:        CURRENT.REPORT.NUM% = CCSTS.REPORT.NUM%
 155: 039f:        CURRENT.CODE$ = CCSTS.FSI$ + CCSTS.NAME$
 156: 03c3:        EXIT FUNCTION    
 157: 03c5: 
 158: 03c5:   END FUNCTION
 159: 03d4: 
 160: 03d4: 
 161: 03d4: 
 162: 03d4:   FUNCTION WRITE.UNLOCK.CCSTS PUBLIC
 163: 03e8: 
 164: 03e8:     INTEGER*2 WRITE.UNLOCK.CCSTS
 165: 03e8:     
 166: 03e8:        WRITE.UNLOCK.CCSTS = 1
 167: 03ed: 
 168: 03ed:        IF END #CCSTS.SESS.NUM% THEN WRITE.UNLOCK.ERROR
 169: 0401: 
 170: 0401:          CCSTS.RECORD$ = CCSTS.FSI$ +                                   \
 171: 046a:                          CCSTS.NAME$ +                                  \
 172: 046a:                          CCSTS.CLAIM$ +                                 \
 173: 046a:                          RIGHT$(STRING$(9," ")+CCSTS.FILLER$,9)
 174: 046a: 
 175: 046a:          WRITE FORM "C32"; #CCSTS.SESS.NUM% AUTOUNLOCK,                 \
 176: 049b:             CCSTS.REC.NUM%; CCSTS.RECORD$
 177: 049b: 
 178: 049b:        WRITE.UNLOCK.CCSTS = 0
 179: 04a0:        EXIT FUNCTION         
 180: 04a2:      
 181: 04a2:     WRITE.UNLOCK.ERROR:
 182: 04a2:        FILE.OPERATION$ = "W"
 183: 04b1:        CURRENT.REPORT.NUM% = CCSTS.REPORT.NUM%
 184: 04bf:        CURRENT.CODE$ = CCSTS.FSI$ + CCSTS.NAME$
 185: 04e3:        EXIT FUNCTION    
 186: 04e5: 
 187: 04e5:   END FUNCTION
 188: 04f4: 
 189: 04f4: 
 190: 04f4: 
 191: 04f4:   FUNCTION WRITE.HOLD.UNLOCK.CCSTS PUBLIC
 192: 0508: 
 193: 0508:     INTEGER*2 WRITE.HOLD.UNLOCK.CCSTS
 194: 0508:     
 195: 0508:        WRITE.HOLD.UNLOCK.CCSTS = 1
 196: 050d:        IF END #CCSTS.SESS.NUM% THEN WRITE.HOLD.UNLOCK.ERROR
 197: 0521: 
 198: 0521:          CCSTS.RECORD$ = CCSTS.FSI$ +                                   \
 199: 058a:                          CCSTS.NAME$ +                                  \
 200: 058a:                          CCSTS.CLAIM$ +                                 \
 201: 058a:                          RIGHT$(STRING$(9," ")+CCSTS.FILLER$,9)
 202: 058a: 
 203: 058a:          WRITE FORM "C32"; HOLD #CCSTS.SESS.NUM% AUTOUNLOCK,            \
 204: 05bb:            CCSTS.REC.NUM%; CCSTS.RECORD$
 205: 05bb: 
 206: 05bb:        WRITE.HOLD.UNLOCK.CCSTS = 0
 207: 05c0:        EXIT FUNCTION         
 208: 05c2:      
 209: 05c2:     WRITE.HOLD.UNLOCK.ERROR:
 210: 05c2:        FILE.OPERATION$ = "W"
 211: 05d1:        CURRENT.REPORT.NUM% = CCSTS.REPORT.NUM%
 212: 05df:        CURRENT.CODE$ = CCSTS.FSI$ + CCSTS.NAME$
 213: 0603:        EXIT FUNCTION    
 214: 0605: 
 215: 0605:   END FUNCTION
 216: 0614: 
 217: 0614: 
 218: 0614: 
 219: 0614:   FUNCTION WRITE.CCSTS PUBLIC
 220: 0628: 
 221: 0628:     INTEGER*2 WRITE.CCSTS
 222: 0628:        WRITE.CCSTS = 1
 223: 062d: 
 224: 062d:        IF END #CCSTS.SESS.NUM% THEN WRITE.ERROR
 225: 0641: 
 226: 0641:          CCSTS.RECORD$ = CCSTS.FSI$ +                                   \
 227: 06aa:                          CCSTS.NAME$ +                                  \
 228: 06aa:                          CCSTS.CLAIM$ +                                 \
 229: 06aa:                          RIGHT$(STRING$(9," ")+CCSTS.FILLER$,9)
 230: 06aa: 
 231: 06aa:          WRITE FORM "C32"; #CCSTS.SESS.NUM%, CCSTS.REC.NUM%; CCSTS.RECORD$
 232: 06db: 
 233: 06db:        WRITE.CCSTS = 0
 234: 06e0:        EXIT FUNCTION         
 235: 06e2:      
 236: 06e2:     WRITE.ERROR:
 237: 06e2:        FILE.OPERATION$ = "W"
 238: 06f1:        CURRENT.REPORT.NUM% = CCSTS.REPORT.NUM%
 239: 06ff:        CURRENT.CODE$ = CCSTS.FSI$ + CCSTS.NAME$
 240: 0723:        EXIT FUNCTION    
 241: 0725: 
 242: 0725:   END FUNCTION
 243: 0734: 
 244: 0734: End of Compilation
