   1: 0000: \/******************************************************************/
   2: 0000: \/*                                                                */
   3: 0000: \/* CARTON FILE GLOBAL VARIABLE DECLARATIONS                       */
   4: 0000: \/*                                                                */
   5: 0000: \/* REFERENCE   : CRTNDEC.J86                                      */
   6: 0000: \/*                                                                */
   7: 0000: \/* VERSION A.          Neil Bennett.           12 DECEMBER 2006   */
   8: 0000: \/*                                                                */
   9: 0000: \/* VERSION B.          Arun Sudhakaran.        10 APRIL 2013      */
  10: 0000: \/* Added new variables for including CRTN field positions and     */
  11: 0000: \/* lengths as part of Automatic Booking In of Chilled Food        */
  12: 0000: \/* ASNs project                                                   */
  13: 0000: \/*                                                                */
  14: 0000: \/******************************************************************/
  15: 0000: 
  16: 0000:    STRING GLOBAL                \
  17: 0000:       CRTN.FILE.NAME$,          \
  18: 0000:                                 \
  19: 0000:       CRTN.SUPPLIER$,           \ PD 3
  20: 0000:       CRTN.NO$,                 \ PD 4
  21: 0000:       CRTN.STATUS$,             \ ASC 1
  22: 0000:       CRTN.ASN.CODE$,           \ ASC 35
  23: 0000:       CRTN.ORD.NO$,             \ ASC  5
  24: 0000:       CRTN.ORD.SUFFIX$,         \ ASC  1
  25: 0000:       CRTN.BUS.CNTR$,           \ ASC  1
  26: 0000:       CRTN.DEL.DTTM$,           \ ASC 12 (CCYYMMDDHHmm)
  27: 0000:       CRTN.ITEM.CNT$,           \ ASC  3
  28: 0000:       CRTN.ITEM.CODE$(1),       \ PD 3
  29: 0000:       CRTN.FILLER$              ! ASC 22
  30: 0000: 
  31: 0000:    INTEGER*2 GLOBAL             \
  32: 0000:       CHAIN.OFFSET%,            \ CHAIN% field offset               !BAS
  33: 0000:       CRTN.NO.KEY.LEN%,         \ CARTON.NO$ field length           !BAS
  34: 0000:       CRTN.NO.KEY.OFFSET%,      \ CARTON.NO$ field offset           !BAS
  35: 0000:       CRTN.RECL%,               \
  36: 0000:       CRTN.REPORT.NUM%,         \
  37: 0000:       CRTN.SESS.NUM%,           \
  38: 0000:                                 \
  39: 0000:       CRTN.DESP.QTY%(1),        \
  40: 0000:       CRTN.IN.QTY%(1),          \
  41: 0000:       DELIVERY.DATE.LEN%,       \ Length of delivery date           !BAS
  42: 0000:       DELIVERY.DATE.OFFSET%,    \ Offset of delivery date           !BAS
  43: 0000:       STATUS.LEN%,              \ STATUS$ field length              !BAS
  44: 0000:       STATUS.OFFSET%,           \ STATUS$ field offset              !BAS
  45: 0000:       SUPPLIER.NUMBER.LEN%,     \ SUPPLIER$ field length            !BAS
  46: 0000:       SUPPLIER.NUMBER.OFFSET%   ! SUPPLIER$ field offset            !BAS
  47: 0000: 
  48: 0000:    INTEGER*1 GLOBAL             \
  49: 0000:       CRTN.CHAIN%               !
  50: 0000: 
  51: 0000: \/******************************************************************/
  52: 0000: End of Compilation
