   1: 0000: 
   2: 0000: \*****************************************************************************
   3: 0000: \*****************************************************************************
   4: 0000: \***
   5: 0000: \***                 FILE HANDLING FUNCTIONS SOURCE CODE
   6: 0000: \***
   7: 0000: \***                   FILE TYPE:  KEYED
   8: 0000: \***
   9: 0000: \***                   REFERENCE:  CCDMYFUN.BAS
  10: 0000: \***
  11: 0000: \***                 DESCRIPTION:  RETURNS / AUTOMATIC CREDIT CLAIMING
  12: 0000: \***                               DUMMY FILE 
  13: 0000: \***
  14: 0000: \***      VERSION A         Michael J. Kelsall      30th September 1993
  15: 0000: \***      
  16: 0000: \*****************************************************************************
  17: 0000: \*****************************************************************************
  18: 0000: 
  19: 0000:   INTEGER*2 GLOBAL            \
  20: 0000:          CURRENT.REPORT.NUM% 
  21: 0000:          
  22: 0000:   STRING GLOBAL               \
  23: 0000:          CURRENT.CODE$,       \
  24: 0000:          FILE.OPERATION$           
  25: 0000: 
  26: 0000:   %INCLUDE CCDMYDEC.J86
  27: 0000: \******************************************************************************
  28: 0000: \******************************************************************************
  29: 0000: \***
  30: 0000: \***         %INCLUDE FOR RETURNS DUMMY FILE I/O SESSION NUMBER
  31: 0000: \***
  32: 0000: \***               REFERENCE    : CCDMYDEC.J86
  33: 0000: \***
  34: 0000: \***    Version A           Michael J. Kelsall          30th September 1993
  35: 0000: \***
  36: 0000: \******************************************************************************
  37: 0000: \*******************************************************************************
  38: 0000: 
  39: 0000:   STRING GLOBAL           \
  40: 0000:     CCDMY.FILE.NAME$
  41: 0000: 
  42: 0000:   INTEGER*2 GLOBAL        \
  43: 0000:     CCDMY.REPORT.NUM%,    \
  44: 0000:     CCDMY.SESS.NUM%
  45: 0000: 
  46: 0000: 
  47: 0000: 
  48: 0000:   FUNCTION CCDMY.SET PUBLIC
  49: 0014: 
  50: 0014:      INTEGER*2 CCDMY.SET
  51: 0014:      CCDMY.SET = 1
  52: 0019: 
  53: 0019:        CCDMY.REPORT.NUM% = 324
  54: 0022:        CCDMY.FILE.NAME$  = "CCDMY"
  55: 0031:   
  56: 0031:      CCDMY.SET = 0
  57: 0036: 
  58: 0036:   END FUNCTION
  59: 0045: 
  60: 0045: End of Compilation
