   1: 0000: REM \
   2: 0000: \*******************************************************************************
   3: 0000: \*******************************************************************************
   4: 0000: \***
   5: 0000: \***              CSR BUFFER WORKFILE FUNCTIONS
   6: 0000: \***
   7: 0000: \***                REFERENCE    : CSRBFFUN.BAS
   8: 0000: \***
   9: 0000: \*******************************************************************************
  10: 0000: \*******************************************************************************
  11: 0000: 
  12: 0000:   STRING GLOBAL                         \
  13: 0000:       CURRENT.CODE$,                    \
  14: 0000:       FILE.OPERATION$                   \
  15: 0000:       
  16: 0000:   INTEGER*2                             \
  17: 0000:       CURRENT.REPORT.NUM%
  18: 0000:       
  19: 0000:   %INCLUDE CSRBFDEC.J86
  20: 0000: REM \
  21: 0000: \******************************************************************************
  22: 0000: \******************************************************************************
  23: 0000: \***
  24: 0000: \***     %INCLUDE FOR CSR BUFFER WORKFILE - FIELD DECLARATIONS
  25: 0000: \***                                        FILE REFERENCE PARAMETERS
  26: 0000: \***
  27: 0000: \***               REFERENCE    : CSRBFDEC.J86
  28: 0000: \***
  29: 0000: \******************************************************************************
  30: 0000: *******************************************************************************
  31: 0000: 
  32: 0000:   STRING GLOBAL             \
  33: 0000:     CSRBF.DATA$,	    \
  34: 0000:     CSRBF.FILE.NAME$
  35: 0000: 
  36: 0000:   INTEGER*2 GLOBAL          \
  37: 0000:     CSRBF.REPORT.NUM%,      \     
  38: 0000:     CSRBF.SESS.NUM% 
  39: 0000:   
  40: 0000:   
  41: 0000:   FUNCTION CSRBF.SET PUBLIC
  42: 0014: \***************************  
  43: 0014: 
  44: 0014:     CSRBF.REPORT.NUM% = 200
  45: 001d:     CSRBF.FILE.NAME$ = "CSRBF"
  46: 002c:     
  47: 002c:   END FUNCTION
  48: 0038: 
  49: 0038:   
  50: 0038: \-----------------------------------------------------------------------------
  51: 0038:                                                                      
  52: 0038:   FUNCTION READ.CSRBF PUBLIC
  53: 004c: \****************************
  54: 004c: 
  55: 004c:     INTEGER*2 READ.CSRBF
  56: 004c:     
  57: 004c:     READ.CSRBF = 1  
  58: 0051: 
  59: 0051:     IF END #CSRBF.SESS.NUM% THEN READ.ERROR
  60: 0065:     READ #CSRBF.SESS.NUM%; CSRBF.DATA$
  61: 0083: 
  62: 0083:     READ.CSRBF = 0
  63: 0088:     EXIT FUNCTION
  64: 008a:     
  65: 008a:     READ.ERROR:
  66: 008a:     
  67: 008a:     CURRENT.CODE$ = CSRBF.DATA$
  68: 00a0:     FILE.OPERATION$ = "R"
  69: 00af:     CURRENT.REPORT.NUM% = CSRBF.REPORT.NUM%
  70: 00b9:     
  71: 00b9:     EXIT FUNCTION
  72: 00bb: 
  73: 00bb:    END FUNCTION
  74: 00ca: \-----------------------------------------------------------------------------
  75: 00ca: 
  76: 00ca:    
  77: 00ca:    FUNCTION WRITE.CSRBF PUBLIC
  78: 00de: \*******************************
  79: 00de: 
  80: 00de:     INTEGER*2 WRITE.CSRBF
  81: 00de:     
  82: 00de:     WRITE.CSRBF = 1
  83: 00e3:        
  84: 00e3:     IF END #CSRBF.SESS.NUM% THEN WRITE.ERROR  
  85: 00f7:     WRITE #CSRBF.SESS.NUM%; CSRBF.DATA$  
  86: 0115:     
  87: 0115:     WRITE.CSRBF = 0
  88: 011a:     EXIT FUNCTION
  89: 011c:     
  90: 011c:     WRITE.ERROR:
  91: 011c:     
  92: 011c:     CURRENT.CODE$ = CSRBF.DATA$
  93: 0132:     FILE.OPERATION$ = "O"
  94: 0141:     CURRENT.REPORT.NUM% = CSRBF.REPORT.NUM%
  95: 014b:     
  96: 014b:     EXIT FUNCTION
  97: 014d:                                                                                                   
  98: 014d:    END FUNCTION 
  99: 015c:                                      
 100: 015c: End of Compilation
