   1: 0000: \******************************************************************************
   2: 0000: \******************************************************************************
   3: 0000: \***
   4: 0000: \***         CSR DUMMY FILE - FILE FUNCTIONS
   5: 0000: \***
   6: 0000: \***         REFERENCE    : CSRFUN.BAS
   7: 0000: \***
   8: 0000: \******************************************************************************
   9: 0000: \*******************************************************************************
  10: 0000: 
  11: 0000:     %INCLUDE CSRDEC.J86
  12: 0000: \******************************************************************************
  13: 0000: \******************************************************************************
  14: 0000: \***
  15: 0000: \***         %INCLUDE FOR CSR DUMMY FILE I/O SESSION NUMBER
  16: 0000: \***
  17: 0000: \***               REFERENCE    : CSRDEC.J86
  18: 0000: \***
  19: 0000: \******************************************************************************
  20: 0000: \*******************************************************************************
  21: 0000: 
  22: 0000:   STRING GLOBAL           \
  23: 0000:     CSR.FILE.NAME$
  24: 0000: 
  25: 0000:   INTEGER*2 GLOBAL        \
  26: 0000:     CSR.REPORT.NUM%,      \
  27: 0000:     CSR.SESS.NUM%
  28: 0000:     
  29: 0000:     FUNCTION CSR.SET PUBLIC
  30: 0014: 
  31: 0014:     CSR.REPORT.NUM%  = 187
  32: 001d:     CSR.FILE.NAME$  = "CSR"
  33: 002c: 
  34: 002c:     END FUNCTION
  35: 0038: End of Compilation
