   1: 0000: \*******************************************************************************
   2: 0000: \*******************************************************************************
   3: 0000: \***
   4: 0000: \***                 FILE FUNCTIONS FOR DIRWF - DIRECT WORK FILE
   5: 0000: \***
   6: 0000: \***                 REFERENCE: DIRWFFUN.BAS
   7: 0000: \***
   8: 0000: \*******************************************************************************
   9: 0000: \*******************************************************************************
  10: 0000:                                             
  11: 0000:    INTEGER*2 GLOBAL                     \
  12: 0000:       CURRENT.REPORT.NUM%
  13: 0000:       
  14: 0000:    STRING GLOBAL                        \
  15: 0000:       CURRENT.CODE$,                    \
  16: 0000:       FILE.OPERATION$
  17: 0000:       
  18: 0000:    %INCLUDE DIRWFDEC.J86
  19: 0000: \******************************************************************************
  20: 0000: \******************************************************************************
  21: 0000: \***
  22: 0000: \***      %INCLUDE FOR DIRWF - DIRECT WORK FILE - FIELD DEFINITIONS
  23: 0000: \***                                              FILE REFERENCE PARAMETERS
  24: 0000: \***
  25: 0000: \***
  26: 0000: \***       REFERENCE: DIRWFDEC.J86
  27: 0000: \***
  28: 0000: \******************************************************************************
  29: 0000: \*******************************************************************************
  30: 0000: 
  31: 0000:   STRING GLOBAL								\
  32: 0000: 	DIRWF.FILE.NAME$,						\
  33: 0000: 	DIRWF.RECORD$
  34: 0000: 
  35: 0000:   INTEGER*2 GLOBAL							\
  36: 0000: 	DIRWF.RECL%,	          					\
  37: 0000: 	DIRWF.SESS.NUM%,						\
  38: 0000: 	DIRWF.REPORT.NUM%
  39: 0000:    
  40: 0000:   FUNCTION DIRWF.SET PUBLIC
  41: 0014: \***************************
  42: 0014: 
  43: 0014:    DIRWF.REPORT.NUM% = 241
  44: 001d:    DIRWF.FILE.NAME$  = "DIRWF"
  45: 002c:    DIRWF.RECL%  = 128
  46: 0035:    
  47: 0035:   END FUNCTION
  48: 0041: \-----------------------------------------------------------------------------                                              
  49: 0041:                                                                      
  50: 0041:   FUNCTION READ.DIRWF PUBLIC
  51: 0055: \****************************   
  52: 0055:    
  53: 0055:       INTEGER*2 READ.DIRWF
  54: 0055:       
  55: 0055:       READ.DIRWF = 1
  56: 005a:       
  57: 005a:       IF END #DIRWF.SESS.NUM% THEN READ.ERROR
  58: 006e:       READ #DIRWF.SESS.NUM%; LINE DIRWF.RECORD$
  59: 0087:       READ.DIRWF = 0
  60: 008c:       EXIT FUNCTION
  61: 008e:       
  62: 008e:       READ.ERROR:
  63: 008e:       
  64: 008e:          CURRENT.CODE$ = DIRWF.RECORD$
  65: 00a4:          FILE.OPERATION$ = "R"
  66: 00b3:          CURRENT.REPORT.NUM% = DIRWF.REPORT.NUM%
  67: 00c1:          
  68: 00c1:          EXIT FUNCTION
  69: 00c3:                             
  70: 00c3:    END FUNCTION
  71: 00d2: \-----------------------------------------------------------------------------   
  72: 00d2: 
  73: 00d2: 
  74: 00d2:   FUNCTION WRITE.DIRWF PUBLIC
  75: 00e6: \*****************************
  76: 00e6: 
  77: 00e6:       INTEGER*2 WRITE.DIRWF
  78: 00e6:       
  79: 00e6:       WRITE.DIRWF = 1
  80: 00eb:       
  81: 00eb:       IF END #DIRWF.SESS.NUM% THEN WRITE.ERROR   
  82: 00ff:       PRINT #DIRWF.SESS.NUM%; DIRWF.RECORD$   
  83: 011d:       WRITE.DIRWF = 0
  84: 0122:       EXIT FUNCTION
  85: 0124:       
  86: 0124:       WRITE.ERROR:
  87: 0124:       
  88: 0124:          CURRENT.CODE$ = DIRWF.RECORD$
  89: 013a:          FILE.OPERATION$ = "O"
  90: 0149:          CURRENT.REPORT.NUM% = DIRWF.REPORT.NUM%
  91: 0157:          
  92: 0157:          EXIT FUNCTION
  93: 0159: 
  94: 0159:    END FUNCTION
  95: 0168: End of Compilation
