   1: 0000: \*****************************************************************************
   2: 0000: \***                                                                         *
   3: 0000: \***           GAPBF - GAP BUFFER FILE FUNCTIONS                             *
   4: 0000: \***                                                                         *
   5: 0000: \***                    REFERENCE : GAPBFFUN.BAS                             *
   6: 0000: \***                                                                         *
   7: 0000: \*****************************************************************************
   8: 0000: 
   9: 0000: 
  10: 0000: %INCLUDE GAPBFDEC.J86
  11: 0000: \*****************************************************************************
  12: 0000: \***                                                                         *
  13: 0000: \***           %INCLUDE FOR GAPBF - GAP BUFFER FILE                          *
  14: 0000: \***                                                                         *
  15: 0000: \***                    - FIELD DECLARATIONS                                 *
  16: 0000: \***                    - FILE REFERENCE PARAMETERS                          *
  17: 0000: \***                                                                         *
  18: 0000: \***                    REFERENCE: GAPBFDEC.J86                              *
  19: 0000: \***                                                                         *
  20: 0000: \*****************************************************************************
  21: 0000: 
  22: 0000:    INTEGER*1 GLOBAL            \
  23: 0000:    GAPBF.SESS.NUM%
  24: 0000: 
  25: 0000:    INTEGER*2 GLOBAL            \   
  26: 0000:    GAPBF.REPORT.NUM%    
  27: 0000: 
  28: 0000:    STRING GLOBAL               \
  29: 0000:    GAPBF.BOOTS.CODE$,          \ 7 bytes ASC - Item code
  30: 0000:    GAPBF.FILE.NAME$
  31: 0000: 
  32: 0000: 
  33: 0000: INTEGER*2 GLOBAL       CURRENT.REPORT.NUM%
  34: 0000:   
  35: 0000: STRING    GLOBAL       FILE.OPERATION$,                                \
  36: 0000:                        CURRENT.CODE$
  37: 0000:   
  38: 0000: 
  39: 0000: FUNCTION GAPBF.SET PUBLIC
  40: 0014: 
  41: 0014:     GAPBF.FILE.NAME$  = "GAPBF"
  42: 0023:     GAPBF.REPORT.NUM% = 473    
  43: 002c:      
  44: 002c: END FUNCTION
  45: 0038: 
  46: 0038:        
  47: 0038: FUNCTION READ.GAPBF PUBLIC
  48: 004c:   
  49: 004c:     INTEGER*2 READ.GAPBF
  50: 004c:      
  51: 004c:     READ.GAPBF = 1          
  52: 0051:     IF END #GAPBF.SESS.NUM% THEN READ.ERROR     
  53: 0067:     READ #GAPBF.SESS.NUM% ; GAPBF.BOOTS.CODE$
  54: 0087:     READ.GAPBF = 0   
  55: 008c: 
  56: 008c:     EXIT FUNCTION
  57: 008e:          
  58: 008e:     READ.ERROR:
  59: 008e:      
  60: 008e:         FILE.OPERATION$     = "R"
  61: 009d:         CURRENT.CODE$       = PACK$("0" + GAPBF.BOOTS.CODE$)
  62: 00c4:         CURRENT.REPORT.NUM% = GAPBF.REPORT.NUM%
  63: 00d2:      
  64: 00d2: END FUNCTION          
  65: 00e1:      
  66: 00e1: 
  67: 00e1: FUNCTION WRITE.GAPBF PUBLIC
  68: 00f5: 
  69: 00f5:     INTEGER*2 WRITE.GAPBF
  70: 00f5:    
  71: 00f5:     WRITE.GAPBF = 1
  72: 00fa:     IF END #GAPBF.SESS.NUM% THEN WRITE.ERROR
  73: 0110:     WRITE #GAPBF.SESS.NUM% ; GAPBF.BOOTS.CODE$
  74: 0130:     WRITE.GAPBF = 0 
  75: 0135: 
  76: 0135:     EXIT FUNCTION
  77: 0137:    
  78: 0137:     WRITE.ERROR:
  79: 0137:    
  80: 0137:         CURRENT.CODE$ = PACK$("0" + GAPBF.BOOTS.CODE$)
  81: 015e:         FILE.OPERATION$ = "O"
  82: 016d:         CURRENT.REPORT.NUM% = GAPBF.REPORT.NUM%
  83: 017b:       
  84: 017b: END FUNCTION
  85: 018a: 
  86: 018a: End of Compilation
