   1: 0000: \*******************************************************************************
   2: 0000: \*******************************************************************************
   3: 0000: \***
   4: 0000: \***         LDTCF - LDT CHECK FILE - FILE FUNCTIONS
   5: 0000: \***
   6: 0000: \***         REFERENCE: LDTCFFUN.BAS
   7: 0000: \***
   8: 0000: \*******************************************************************************
   9: 0000: \*******************************************************************************
  10: 0000:                                     
  11: 0000:    INTEGER*2 GLOBAL             \
  12: 0000:       CURRENT.REPORT.NUM%
  13: 0000:       
  14: 0000:    STRING GLOBAL                \
  15: 0000:       CURRENT.CODE$,            \
  16: 0000:       FILE.OPERATION$
  17: 0000:       
  18: 0000:    %INCLUDE LDTCFDEC.J86
  19: 0000: \******************************************************************************
  20: 0000: \******************************************************************************
  21: 0000: \***
  22: 0000: \***      %INCLUDE FOR LDTCF - LDT CHECK FILE - FILE REFERENCE PARAMETERS
  23: 0000: \***                                            FIELD DEFINITIONS
  24: 0000: \***
  25: 0000: \***       REFERENCE: LDTCFDEC.J86
  26: 0000: \***
  27: 0000: \***
  28: 0000: \******************************************************************************
  29: 0000: \*******************************************************************************
  30: 0000: 
  31: 0000:    STRING GLOBAL							\
  32: 0000: 	LDTCF.FILE.NAME$,						\
  33: 0000: 	LDTCF.VERSION.NO$,                                              \
  34: 0000: 	LDTCF.VERSION.DATE$
  35: 0000: 	
  36: 0000:    INTEGER*2 GLOBAL							\
  37: 0000:         LDTCF.SESS.NUM%,						\
  38: 0000: 	LDTCF.REPORT.NUM%
  39: 0000:    
  40: 0000:   FUNCTION LDTCF.SET PUBLIC
  41: 0014: \***************************
  42: 0014: 
  43: 0014:    LDTCF.REPORT.NUM% = 242
  44: 001d:    LDTCF.FILE.NAME$  = "LDTCF"
  45: 002c:    
  46: 002c:   END FUNCTION
  47: 0038: \-----------------------------------------------------------------------------
  48: 0038:                                     
  49: 0038:                                                                      
  50: 0038:   FUNCTION READ.LDTCF PUBLIC
  51: 004c: \****************************
  52: 004c: 
  53: 004c:       INTEGER*2 READ.LDTCF
  54: 004c:       
  55: 004c:       READ.LDTCF = 1
  56: 0051:       
  57: 0051:       IF END #LDTCF.SESS.NUM% THEN READ.ERROR
  58: 0065:       READ FORM "C3,C6"; #LDTCF.SESS.NUM%;                              \
  59: 0092:            LDTCF.VERSION.NO$,                                           \
  60: 0092:            LDTCF.VERSION.DATE$
  61: 0092:       READ.LDTCF = 0
  62: 0097:       EXIT FUNCTION
  63: 0099:       
  64: 0099:       READ.ERROR:
  65: 0099:       
  66: 0099:          CURRENT.CODE$ = LDTCF.VERSION.NO$
  67: 00af:          FILE.OPERATION$ = "R"
  68: 00be:          CURRENT.REPORT.NUM% = LDTCF.REPORT.NUM%
  69: 00cc:          
  70: 00cc:          EXIT FUNCTION
  71: 00ce:                             
  72: 00ce:    END FUNCTION
  73: 00dd: \-----------------------------------------------------------------------------   
  74: 00dd: 
  75: 00dd: 
  76: 00dd:   FUNCTION WRITE.LDTCF PUBLIC
  77: 00f1: \*****************************
  78: 00f1: 
  79: 00f1:       INTEGER*2 WRITE.LDTCF
  80: 00f1:       
  81: 00f1:       WRITE.LDTCF = 1
  82: 00f6:       
  83: 00f6:       IF END #LDTCF.SESS.NUM% THEN WRITE.ERROR
  84: 010a:       WRITE FORM "C3,C6"; #LDTCF.SESS.NUM%;                             \
  85: 013c:             LDTCF.VERSION.NO$,                                          \
  86: 013c:             LDTCF.VERSION.DATE$
  87: 013c:       WRITE.LDTCF = 0
  88: 0141:       EXIT FUNCTION
  89: 0143:       
  90: 0143:       WRITE.ERROR:
  91: 0143:       
  92: 0143:          CURRENT.CODE$ = LDTCF.VERSION.NO$
  93: 0159:          FILE.OPERATION$ = "O"
  94: 0168:          CURRENT.REPORT.NUM% = LDTCF.REPORT.NUM%
  95: 0176:          
  96: 0176:          EXIT FUNCTION
  97: 0178: 
  98: 0178:    END FUNCTION
  99: 0187: End of Compilation
