   1: 0000: 
   2: 0000: \*******************************************************************************
   3: 0000: \*******************************************************************************
   4: 0000: \***
   5: 0000: \***        LDTPF - LDT PROGRAM FILE - PUBLIC FUNCTIONS
   6: 0000: \***
   7: 0000: \***        REFERENCE: LDTPFFUN.BAS
   8: 0000: \***
   9: 0000: \***        VERSION A       LES COOK                 2ND NOVEMBER 1992
  10: 0000: \***
  11: 0000: \*******************************************************************************
  12: 0000: \*******************************************************************************
  13: 0000:                                                                      
  14: 0000:    STRING GLOBAL                        \
  15: 0000:       CURRENT.CODE$,                    \
  16: 0000:       FILE.OPERATION$
  17: 0000:       
  18: 0000:    INTEGER*2 GLOBAL                     \
  19: 0000:       CURRENT.REPORT.NUM%
  20: 0000:       
  21: 0000:    %INCLUDE LDTPFDEC.J86
  22: 0000: REM \
  23: 0000: \******************************************************************************
  24: 0000: \******************************************************************************
  25: 0000: \***
  26: 0000: \***        %INCLUDE FOR LDTPF - LDT PROGRAM FILE - FIELD DECLARATIONS   
  27: 0000: \***                                                FILE REFERENCE PARAMETERS
  28: 0000: \***
  29: 0000: \***         Version A.   Les Cook            2nd November 1992
  30: 0000: \***
  31: 0000: \******************************************************************************
  32: 0000: \*******************************************************************************
  33: 0000: 
  34: 0000:   STRING GLOBAL								\
  35: 0000: 	LDTPF.FILE.NAME$,						\
  36: 0000: 	LDTPF.RECORD$
  37: 0000: 
  38: 0000:   INTEGER*2 GLOBAL							\
  39: 0000: 	LDTPF.RECL%,       						\
  40: 0000: 	LDTPF.SESS.NUM%,						\
  41: 0000: 	LDTPF.REPORT.NUM%
  42: 0000:    
  43: 0000:    FUNCTION LDTPF.SET PUBLIC
  44: 0014: \*****************************
  45: 0014: 
  46: 0014:    LDTPF.REPORT.NUM% = 243
  47: 001d:    LDTPF.FILE.NAME$  = "LDTPF"
  48: 002c:    LDTPF.RECL% = 10
  49: 0035:    
  50: 0035:    END FUNCTION
  51: 0041: \-----------------------------------------------------------------------------   
  52: 0041:                                                                      
  53: 0041:    FUNCTION READ.LDTPF PUBLIC
  54: 0055: \******************************   
  55: 0055: 
  56: 0055:       INTEGER*2 READ.LDTPF
  57: 0055:       
  58: 0055:       READ.LDTPF = 1
  59: 005a: 
  60: 005a:       IF END #LDTPF.SESS.NUM% THEN READ.ERROR
  61: 006e:       READ #LDTPF.SESS.NUM%; LINE LDTPF.RECORD$
  62: 0087:       READ.LDTPF = 0
  63: 008c:       EXIT FUNCTION
  64: 008e:       
  65: 008e:       READ.ERROR:
  66: 008e:       
  67: 008e:       CURRENT.CODE$ = LDTPF.RECORD$
  68: 00a4:       FILE.OPERATION$ = "R"
  69: 00b3:       CURRENT.REPORT.NUM% = LDTPF.REPORT.NUM%
  70: 00c1:       
  71: 00c1:       EXIT FUNCTION
  72: 00c3:                             
  73: 00c3:    END FUNCTION
  74: 00d2: \-----------------------------------------------------------------------------   
  75: 00d2: 
  76: 00d2:    FUNCTION WRITE.LDTPF PUBLIC
  77: 00e6: \*******************************
  78: 00e6: 
  79: 00e6:       INTEGER*2 WRITE.LDTPF
  80: 00e6:       
  81: 00e6:       WRITE.LDTPF = 1
  82: 00eb:          
  83: 00eb:       IF END #LDTPF.SESS.NUM% THEN WRITE.ERROR
  84: 00ff:       PRINT #LDTPF.SESS.NUM%; LDTPF.RECORD$   
  85: 011d:       WRITE.LDTPF = 0
  86: 0122:       EXIT FUNCTION
  87: 0124:       
  88: 0124:       WRITE.ERROR:
  89: 0124:       
  90: 0124:          CURRENT.CODE$ = LDTPF.RECORD$
  91: 013a:          FILE.OPERATION$ = "O"
  92: 0149:          CURRENT.REPORT.NUM% = LDTPF.REPORT.NUM%               
  93: 0157:          
  94: 0157:          EXIT FUNCTION
  95: 0159: 
  96: 0159:    END FUNCTION
  97: 0168: End of Compilation
