   1: 0000: \******************************************************************************
   2: 0000: \******************************************************************************
   3: 0000: \***
   4: 0000: \***               FUNCTIONS FOR THE LSS STOCK COUNT FILE
   5: 0000: \***
   6: 0000: \***                     REFERENCE    : LSSSTFUN.BAS
   7: 0000: \***
   8: 0000: \***       Version A          Brian Greenfield         16th October 2002
   9: 0000: \***
  10: 0000: \******************************************************************************
  11: 0000: \******************************************************************************
  12: 0000: 
  13: 0000: %INCLUDE LSSSTDEC.J86
  14: 0000: REM \
  15: 0000: \******************************************************************************
  16: 0000: \******************************************************************************
  17: 0000: \***
  18: 0000: \***                 %INCLUDE FOR THE LSS STOCK COUNT FILE
  19: 0000: \***   
  20: 0000: \***                      FILE TYPE  :   Direct
  21: 0000: \***
  22: 0000: \***                      REFERENCE  :   LSSSTDEC.J86
  23: 0000: \***
  24: 0000: \***    Version A          Brian Greenfield          16th October 2002
  25: 0000: \***
  26: 0000: \******************************************************************************
  27: 0000: \*******************************************************************************
  28: 0000: 
  29: 0000:   STRING GLOBAL              \ 
  30: 0000:     LSSST.FILE.NAME$,        \
  31: 0000:     LSSST.IRF.BAR.CODE$,     \
  32: 0000:     LSSST.STOCK.BOOTS.CODE$, \
  33: 0000:     LSSST.STOCK.COUNT$,      \
  34: 0000:     LSSST.TSF$
  35: 0000:         
  36: 0000:   INTEGER*2 GLOBAL        \
  37: 0000:     LSSST.RECL%,          \            
  38: 0000:     LSSST.REPORT.NUM%,    \      
  39: 0000:     LSSST.SESS.NUM%
  40: 0000: 
  41: 0000:          
  42: 0000: 
  43: 0000: INTEGER*2 GLOBAL CURRENT.REPORT.NUM%
  44: 0000: 
  45: 0000: STRING GLOBAL FILE.OPERATION$
  46: 0000: 
  47: 0000: STRING SPACE$          
  48: 0000: 
  49: 0000: \------------------------------------------------------------------------------\
  50: 0000:    
  51: 0000: FUNCTION LSSST.SET PUBLIC   
  52: 0014:       
  53: 0014:    LSSST.REPORT.NUM% = 657
  54: 001d:    LSSST.RECL%       = 27
  55: 0026:    LSSST.FILE.NAME$ = "C:\LSSST.BIN"
  56: 0035:       
  57: 0035: END FUNCTION
  58: 0041: 
  59: 0041: \------------------------------------------------------------------------------\
  60: 0041: 
  61: 0041: FUNCTION READ.LSSST PUBLIC
  62: 0055:       
  63: 0055:    INTEGER*2 READ.LSSST      
  64: 0055:     
  65: 0055:    READ.LSSST = 1
  66: 005a: 
  67: 005a:    IF END #LSSST.SESS.NUM% THEN END.OF.LSSST
  68: 006e:    READ FORM "T1,C11,C4,C5,C5,C2"; #LSSST.SESS.NUM%; \
  69: 00ba:              LSSST.IRF.BAR.CODE$,     \
  70: 00ba:              LSSST.STOCK.BOOTS.CODE$, \
  71: 00ba:              LSSST.STOCK.COUNT$,      \
  72: 00ba:              LSSST.TSF$,              \
  73: 00ba:              SPACE$
  74: 00ba:     
  75: 00ba:    READ.LSSST = 0     
  76: 00bf:    
  77: 00bf:    EXIT FUNCTION      
  78: 00c1:       
  79: 00c1: END.OF.LSSST:
  80: 00c1:       
  81: 00c1:    FILE.OPERATION$     = "R"
  82: 00d0:    CURRENT.REPORT.NUM% = LSSST.REPORT.NUM%          
  83: 00de:    
  84: 00de:    EXIT FUNCTION                     
  85: 00e0:           
  86: 00e0: END FUNCTION                             
  87: 00ef: 
  88: 00ef: \----------------------------------------------------------------------------\
  89: 00ef: 
  90: 00ef: FUNCTION WRITE.LSSST PUBLIC
  91: 0103:  
  92: 0103:    INTEGER*2 WRITE.LSSST                                                    
  93: 0103:     
  94: 0103:    WRITE.LSSST = 1      
  95: 0108:   
  96: 0108:    IF END #LSSST.SESS.NUM% THEN END.OF.WRITE.LSSST
  97: 011c:    WRITE FORM "C11,C4,C5,C5,C2"; #LSSST.SESS.NUM%; \
  98: 0197:               LSSST.IRF.BAR.CODE$,     \
  99: 0197:               LSSST.STOCK.BOOTS.CODE$, \
 100: 0197:               LSSST.STOCK.COUNT$,      \
 101: 0197:               LSSST.TSF$,              \
 102: 0197:               CHR$(13) + CHR$(10)
 103: 0197:  
 104: 0197:    WRITE.LSSST = 0     
 105: 019c:    
 106: 019c:    EXIT FUNCTION      
 107: 019e:       
 108: 019e: END.OF.WRITE.LSSST:
 109: 019e:       
 110: 019e:    FILE.OPERATION$     = "W"
 111: 01ad:    CURRENT.REPORT.NUM% = LSSST.REPORT.NUM%          
 112: 01bb: 
 113: 01bb:    EXIT FUNCTION
 114: 01bd: 
 115: 01bd: END FUNCTION
 116: 01cc: End of Compilation
