   1: 0000: \******************************************************************************
   2: 0000: \******************************************************************************
   3: 0000: \***
   4: 0000: \***         %INCLUDE FOR PRICE CHECK FILE FUNCTIONS
   5: 0000: \***
   6: 0000: \***               REFERENCE    : PCHKFUN.BAS
   7: 0000: \***
   8: 0000: \******************************************************************************
   9: 0000: \******************************************************************************
  10: 0000: 
  11: 0000:   %INCLUDE PCHKDEC.J86
  12: 0000: \******************************************************************************
  13: 0000: \******************************************************************************
  14: 0000: \***
  15: 0000: \***         %INCLUDE FOR PRICE CHECK FILE - FILE REFERENCE PARAMETERS
  16: 0000: \***
  17: 0000: \***               REFERENCE    : PCHKDEC.J86
  18: 0000: \***
  19: 0000: \******************************************************************************
  20: 0000: \*******************************************************************************
  21: 0000: 
  22: 0000:   STRING GLOBAL           \
  23: 0000:     PCHK.FILE.NAME$
  24: 0000: 
  25: 0000:   INTEGER*2 GLOBAL        \
  26: 0000:     PCHK.REPORT.NUM%,      \
  27: 0000:     PCHK.SESS.NUM%
  28: 0000: 
  29: 0000:   FUNCTION PCHK.SET PUBLIC
  30: 0014:   
  31: 0014:     PCHK.REPORT.NUM%  = 190
  32: 001d:     PCHK.FILE.NAME$  = "PCHK"
  33: 002c: 
  34: 002c:   END FUNCTION
  35: 0038:      
  36: 0038: 
  37: 0038:   FUNCTION READ.PCHK PUBLIC
  38: 004c:  
  39: 004c:   END FUNCTION
  40: 0058: 
  41: 0058: 
  42: 0058:   FUNCTION WRITE.PCHK PUBLIC
  43: 006c: 
  44: 006c:   END FUNCTION
  45: 0078: 
  46: 0078: 
  47: 0078: 
  48: 0078: End of Compilation
