   1: 0000: 
   2: 0000: \*******************************************************************************
   3: 0000: \*******************************************************************************
   4: 0000: \***
   5: 0000: \***        PDTWF - PDT WORK FILE - FILE FUNCTIONS
   6: 0000: \***
   7: 0000: \***        REFERENCE: PDTWFFUN.BAS
   8: 0000: \***
   9: 0000: \***        8th October 1992
  10: 0000: \***
  11: 0000: \*******************************************************************************
  12: 0000: \*******************************************************************************
  13: 0000:                                                                      
  14: 0000:    INTEGER*2 GLOBAL             \
  15: 0000:       CURRENT.REPORT.NUM%
  16: 0000:       
  17: 0000:    STRING GLOBAL                \
  18: 0000:       CURRENT.CODE$,            \
  19: 0000:       FILE.OPERATION$
  20: 0000:       
  21: 0000:    %INCLUDE PDTWFDEC.J86
  22: 0000: REM \
  23: 0000: \******************************************************************************
  24: 0000: \******************************************************************************
  25: 0000: \***
  26: 0000: \***            %INCLUDE FOR PDT WORK FILE - FIELD DECLARATIONS
  27: 0000: \***                                         FILE REFERENCE PARAMETERS
  28: 0000: \***
  29: 0000: \***                          8th October 1992
  30: 0000: \***
  31: 0000: \******************************************************************************
  32: 0000: \*******************************************************************************
  33: 0000: 
  34: 0000:   STRING GLOBAL								\
  35: 0000:         PDTWF.RECORD$,							\
  36: 0000: 	PDTWF.FILE.NAME$
  37: 0000: 
  38: 0000:   INTEGER*2 GLOBAL							\
  39: 0000: 	PDTWF.SESS.NUM%,						\
  40: 0000: 	PDTWF.REPORT.NUM%
  41: 0000:    
  42: 0000:   FUNCTION PDTWF.SET PUBLIC
  43: 0014: \****************************   
  44: 0014: 
  45: 0014:    PDTWF.REPORT.NUM% = 136
  46: 001d:    PDTWF.FILE.NAME$  = "PDTWF"
  47: 002c:  
  48: 002c:  END FUNCTION
  49: 0038: \-----------------------------------------------------------------------------
  50: 0038:    
  51: 0038:   FUNCTION READ.PDTWF PUBLIC
  52: 004c: \****************************
  53: 004c: 
  54: 004c:      INTEGER*2 READ.PDTWF
  55: 004c:      
  56: 004c:      READ.PDTWF = 1
  57: 0051:      
  58: 0051:      IF END #PDTWF.SESS.NUM% THEN READ.ERROR 
  59: 0065:      READ #PDTWF.SESS.NUM%; LINE PDTWF.RECORD$
  60: 007e: 
  61: 007e:      READ.PDTWF = 0
  62: 0083:      EXIT FUNCTION
  63: 0085:      
  64: 0085:      READ.ERROR:
  65: 0085:      
  66: 0085:      CURRENT.CODE$ = PDTWF.RECORD$
  67: 009b:      FILE.OPERATION$ = "R"
  68: 00aa:      CURRENT.REPORT.NUM% = PDTWF.REPORT.NUM%
  69: 00b8:      
  70: 00b8:      EXIT FUNCTION
  71: 00ba:                             
  72: 00ba:    END FUNCTION
  73: 00c9: \-----------------------------------------------------------------------------
  74: 00c9:    
  75: 00c9: 
  76: 00c9:   FUNCTION WRITE.PDTWF PUBLIC
  77: 00dd: \*****************************
  78: 00dd: 
  79: 00dd:      INTEGER*2 WRITE.PDTWF
  80: 00dd:      
  81: 00dd:      WRITE.PDTWF = 1
  82: 00e2:      
  83: 00e2:      IF END #PDTWF.SESS.NUM% THEN WRITE.ERROR
  84: 00f6:      PRINT #PDTWF.SESS.NUM%; PDTWF.RECORD$                  
  85: 0114:      
  86: 0114:      WRITE.PDTWF = 0
  87: 0119:      EXIT FUNCTION
  88: 011b:      
  89: 011b:      WRITE.ERROR:
  90: 011b:      
  91: 011b:      CURRENT.CODE$ = PDTWF.RECORD$
  92: 0131:      FILE.OPERATION$ = "O"
  93: 0140:      CURRENT.REPORT.NUM% = PDTWF.REPORT.NUM%
  94: 014e:      
  95: 014e:      EXIT FUNCTION
  96: 0150: 
  97: 0150:    END FUNCTION
  98: 015f: End of Compilation
