   1: 0000: \******************************************************************************
   2: 0000: \******************************************************************************
   3: 0000: \***
   4: 0000: \***         INCLUDE FOR RECALLS.BIN FUNCTIONS
   5: 0000: \***
   6: 0000: \***               REFERENCE    : RECALFUN.BAS
   7: 0000: \***
   8: 0000: \***    VERSION A               BRIAN GREENFIELD                    14th May 2007
   9: 0000: \***    Initial Version
  10: 0000: \***
  11: 0000: \***    Version B               BRIAN GREENFIELD                    20th June 2007
  12: 0000: \***    Altered due to a change in the file layout.
  13: 0000: \***
  14: 0000: \***    Version C               CHARLES SKADORWA                    26th June 2007
  15: 0000: \***    Added DELETE.RECALLS function.
  16: 0000: \***
  17: 0000: \*******************************************************************************
  18: 0000: \*******************************************************************************
  19: 0000: 
  20: 0000:   INTEGER*2 GLOBAL                   \
  21: 0000:       CURRENT.REPORT.NUM%
  22: 0000: 
  23: 0000:   STRING GLOBAL                      \
  24: 0000:       CURRENT.CODE$,                 \
  25: 0000:       FILE.OPERATION$
  26: 0000: 
  27: 0000:   STRING                             \
  28: 0000:       RECALLS.ARRAY$
  29: 0000: 
  30: 0000:   %INCLUDE RECALDEC.J86
  31: 0000: \******************************************************************************
  32: 0000: \******************************************************************************
  33: 0000: \***
  34: 0000: \***         INCLUDE FOR RECALLS.BIN DECLARATIONS
  35: 0000: \***
  36: 0000: \***               FILE TYPE    : Keyed
  37: 0000: \***
  38: 0000: \***               REFERENCE    : RECALDEC.J86
  39: 0000: \***
  40: 0000: \***    VERSION A               BRIAN GREENFIELD                    14th May 2007
  41: 0000: \***    Initial Version
  42: 0000: \***
  43: 0000: \***    Version B               BRIAN GREENFIELD                    20th June 2007
  44: 0000: \***    Altered due to a change in the file layout.
  45: 0000: \***
  46: 0000: \*******************************************************************************
  47: 0000: \*******************************************************************************
  48: 0000: 
  49: 0000:   STRING GLOBAL                \
  50: 0000:     RECALLS.FILE.NAME$,        \
  51: 0000:                                \
  52: 0000:     RECALLS.REFERENCE$,        \ 8 bytes UPD  - Key is reference + RECALLS.CHAIN%
  53: 0000:     RECALLS.TYPE$,             \ 1 byte  ASC  - E = Emergency
  54: 0000:                                \                F = Batch Emergency
  55: 0000:                                \                G = generic items not authorised for sale
  56: 0000:                                \                R = 100% Returns
  57: 0000:                                \                S = Batch 100% Returns
  58: 0000:                                \                W = Withdrawn
  59: 0000:                                \                X = batch Withdrawn
  60: 0000:     RECALLS.DESCRIPTION$,      \ 20 bytes ASC
  61: 0000:     RECALLS.LABEL.TYPE$,       \ 8 bytes ASC
  62: 0000:     RECALLS.SUPPLY.ROUTE$,     \ 1 byte ASC
  63: 0000:     RECALLS.REASON.CODE$,      \ 1 byte ASC
  64: 0000:     RECALLS.BC$,               \ 1 byte ASC
  65: 0000:     RECALLS.ACTIVE.DATE$,      \ 8 bytes ASC  - YYYYMMDD
  66: 0000:     RECALLS.DUE.BY.DATE$,      \ 8 bytes ASC  - YYYYMMDD
  67: 0000:     RECALLS.COMPLETION.DATE$,  \ 8 bytes ASC  - YYYYMMDD
  68: 0000:     RECALLS.STATUS$,           \ 1 byte ASC   - N = Not Actioned, A = Actioned, P = Partially Actioned
  69: 0000:     RECALLS.BATCH.NUM$,        \ 30 bytes ASC
  70: 0000:     RECALLS.ITEM.COUNT$,       \ 4 bytes ASC  - Total count of items in this recall
  71: 0000:                                \
  72: 0000:                                \ The following 8 bytes are repeated for the number of items in this part
  73: 0000:                                \ of the recall chain - up to 50 items per chain.
  74: 0000:     RECALLS.ITEM.CODE$(1),     \ 4 bytes PD   - 6 digit Item Code
  75: 0000:     RECALLS.ITEM.STOCK$(1),    \ 2 bytes PD   - SPACES if not yet actioned                         !BBG
  76: 0000:     RECALLS.SESS.STOCK$(1),    \ 2 bytes PD   - 4 digit session stock count - used only by the PPC !BBG
  77: 0000:     RECALLS.ITEM.UPT.FLAG$(1), \ 1 byte ASC   - used by the PPC only - Y = actioned, N - reset, space = unactioned
  78: 0000:                                \
  79: 0000:     RECALLS.FILLER$            !
  80: 0000:     
  81: 0000:   INTEGER*1 GLOBAL             \
  82: 0000:     RECALLS.CHAIN%
  83: 0000:     
  84: 0000:   INTEGER*2 GLOBAL             \
  85: 0000:     RECALLS.RECL%,             \
  86: 0000:     RECALLS.KEYL%,             \
  87: 0000:     RECALLS.REPORT.NUM%,       \
  88: 0000:     RECALLS.SESS.NUM%,         \
  89: 0000:     RECALLS.MAX.REC.ITEMS%
  90: 0000: 
  91: 0000: 
  92: 0000: 
  93: 0000: \--------------------------------------------------------------------
  94: 0000:                                                                      
  95: 0000:   SUB RECALLS.SPLIT.ARRAY
  96: 0014: 
  97: 0014:    INTEGER*2 I%
  98: 0014: 
  99: 0014:    FOR I% = 0 TO RECALLS.MAX.REC.ITEMS% -1
 100: 001d: 
 101: 001d:       RECALLS.ITEM.CODE$(I%)  =    MID$(RECALLS.ARRAY$, I%*8+1,3)
 102: 004d:       RECALLS.ITEM.STOCK$(I%) =    MID$(RECALLS.ARRAY$, I%*8+4,2) !BBG
 103: 007f:       RECALLS.SESS.STOCK$(I%) =    MID$(RECALLS.ARRAY$, I%*8+6,2) !BBG
 104: 00b1:       RECALLS.ITEM.UPT.FLAG$(I%) = MID$(RECALLS.ARRAY$, I%*8+8,1)
 105: 00e3:       
 106: 00e3:    NEXT I%
 107: 00fb: 
 108: 00fb:   END SUB
 109: 0107: 
 110: 0107: \--------------------------------------------------------------------
 111: 0107: 
 112: 0107:   SUB RECALLS.CONCAT.ARRAY
 113: 011b: 
 114: 011b:    INTEGER*2 I%
 115: 011b: 
 116: 011b:    RECALLS.ARRAY$ = ""
 117: 0128: 
 118: 0128:    FOR I% = 0 TO RECALLS.MAX.REC.ITEMS% -1
 119: 0130: 
 120: 0130:       RECALLS.ARRAY$ = RECALLS.ARRAY$ + \
 121: 01a8:                        RECALLS.ITEM.CODE$(I%)  + \ CCSk
 122: 01a8:                        RECALLS.ITEM.STOCK$(I%) + \
 123: 01a8:                        RECALLS.SESS.STOCK$(I%) + \ BBG
 124: 01a8:                        RECALLS.ITEM.UPT.FLAG$(I%)
 125: 01a8:       
 126: 01a8:    NEXT I%
 127: 01c0:    
 128: 01c0:    RECALLS.ARRAY$ = LEFT$(RECALLS.ARRAY$ + STRING$(RECALLS.MAX.REC.ITEMS%*8,CHR$(00)), RECALLS.MAX.REC.ITEMS%*8)
 129: 0222: 
 130: 0222:   END SUB
 131: 022e: 
 132: 022e: \--------------------------------------------------------------------
 133: 022e: 
 134: 022e:   FUNCTION RECALLS.SET PUBLIC
 135: 0242:   
 136: 0242:    INTEGER*2 RECALLS.SET
 137: 0242: 
 138: 0242:    RECALLS.REPORT.NUM%    = 745
 139: 024b:    RECALLS.RECL%          = 508
 140: 0254:    RECALLS.FILE.NAME$     = "RECALLS"
 141: 0263:    RECALLS.MAX.REC.ITEMS% = 50
 142: 026c:    RECALLS.KEYL%          = 9
 143: 0275: 
 144: 0275:    DIM RECALLS.ITEM.CODE$     (RECALLS.MAX.REC.ITEMS%-1)
 145: 02a3:    DIM RECALLS.ITEM.STOCK$    (RECALLS.MAX.REC.ITEMS%-1)
 146: 02d1:    DIM RECALLS.SESS.STOCK$    (RECALLS.MAX.REC.ITEMS%-1) !BBG
 147: 02ff:    DIM RECALLS.ITEM.UPT.FLAG$ (RECALLS.MAX.REC.ITEMS%-1)
 148: 032d:    
 149: 032d:    RECALLS.SET = 0
 150: 0332:    
 151: 0332:   END FUNCTION
 152: 0341: 
 153: 0341: \--------------------------------------------------------------------
 154: 0341: 
 155: 0341:   FUNCTION READ.RECALLS PUBLIC
 156: 0355: 
 157: 0355:    INTEGER*2 READ.RECALLS
 158: 0355:    STRING    KEY$
 159: 0355: 
 160: 0355:    READ.RECALLS = 1
 161: 035a: 
 162: 035a:    IF END #RECALLS.SESS.NUM% THEN READ.RECALLS.ERROR
 163: 036e: 
 164: 036e:    KEY$ = RECALLS.REFERENCE$ + CHR$(RECALLS.CHAIN%)
 165: 0393: 
 166: 0393:    READ FORM "T10,C1,C20,C8,C1,C1,C1,C8,C8,C8,C1,C30,C4,C400,C8"; \
 167: 044f:           #RECALLS.SESS.NUM% KEY KEY$; \
 168: 044f:              RECALLS.TYPE$,            \
 169: 044f:              RECALLS.DESCRIPTION$,     \
 170: 044f:              RECALLS.LABEL.TYPE$,      \
 171: 044f:              RECALLS.SUPPLY.ROUTE$,    \
 172: 044f:              RECALLS.REASON.CODE$,     \
 173: 044f:              RECALLS.BC$,              \
 174: 044f:              RECALLS.ACTIVE.DATE$,     \
 175: 044f:              RECALLS.DUE.BY.DATE$,     \
 176: 044f:              RECALLS.COMPLETION.DATE$, \
 177: 044f:              RECALLS.STATUS$,          \
 178: 044f:              RECALLS.BATCH.NUM$,       \
 179: 044f:              RECALLS.ITEM.COUNT$,      \
 180: 044f:              RECALLS.ARRAY$,           \
 181: 044f:              RECALLS.FILLER$
 182: 044f: 
 183: 044f:    CALL RECALLS.SPLIT.ARRAY
 184: 0453: 
 185: 0453:    READ.RECALLS = 0
 186: 0458:    EXIT FUNCTION
 187: 045a: 
 188: 045a: READ.RECALLS.ERROR:
 189: 045a: 
 190: 045a:    CURRENT.REPORT.NUM% = RECALLS.REPORT.NUM%
 191: 0468:    FILE.OPERATION$ = "R"
 192: 0477:    CURRENT.CODE$ = KEY$
 193: 048a: 
 194: 048a:   END FUNCTION
 195: 0499: 
 196: 0499: \--------------------------------------------------------------------
 197: 0499: 
 198: 0499:   FUNCTION WRITE.RECALLS PUBLIC
 199: 04ad: 
 200: 04ad:    INTEGER*2 WRITE.RECALLS
 201: 04ad:    STRING    KEY$
 202: 04ad: 
 203: 04ad:    WRITE.RECALLS = 1
 204: 04b2: 
 205: 04b2:    IF END #RECALLS.SESS.NUM% THEN WRITE.RECALLS.ERROR
 206: 04c6: 
 207: 04c6:    KEY$ = RECALLS.REFERENCE$ + CHR$(RECALLS.CHAIN%)
 208: 04eb:    CALL RECALLS.CONCAT.ARRAY
 209: 04ef:    
 210: 04ef:    RECALLS.FILLER$ = STRING$(19,CHR$(00))
 211: 0508: 
 212: 0508:    WRITE FORM "C9,C1,C20,C8,C1,C1,C1,C8,C8,C8,C1,C30,C4,C400,C8"; \
 213: 0604:           #RECALLS.SESS.NUM%;          \
 214: 0604:              KEY$,                     \
 215: 0604:              RECALLS.TYPE$,            \
 216: 0604:              RECALLS.DESCRIPTION$,     \
 217: 0604:              RECALLS.LABEL.TYPE$,      \
 218: 0604:              RECALLS.SUPPLY.ROUTE$,    \
 219: 0604:              RECALLS.REASON.CODE$,     \
 220: 0604:              RECALLS.BC$,              \
 221: 0604:              RECALLS.ACTIVE.DATE$,     \
 222: 0604:              RECALLS.DUE.BY.DATE$,     \
 223: 0604:              RECALLS.COMPLETION.DATE$, \
 224: 0604:              RECALLS.STATUS$,          \
 225: 0604:              RECALLS.BATCH.NUM$,       \
 226: 0604:              RECALLS.ITEM.COUNT$,      \
 227: 0604:              RECALLS.ARRAY$,           \
 228: 0604:              RECALLS.FILLER$
 229: 0604: 
 230: 0604:    WRITE.RECALLS = 0
 231: 0609:    EXIT FUNCTION
 232: 060b: 
 233: 060b: WRITE.RECALLS.ERROR:
 234: 060b: 
 235: 060b:    CURRENT.REPORT.NUM% = RECALLS.REPORT.NUM%
 236: 0619:    FILE.OPERATION$ = "W"
 237: 0628:    CURRENT.CODE$ = KEY$
 238: 063b: 
 239: 063b:   END FUNCTION
 240: 064a:   
 241: 064a:   
 242: 064a: 
 243: 064a: 
 244: 064a: \--------------------------------------------------------------------!CCSk
 245: 064a: \ DELETE.RECALLS                                                     !CCSk
 246: 064a: \                                                                    !CCSk
 247: 064a: \    This function returns 4 different return codes                  !CCSk
 248: 064a: \                                                                    !CCSk
 249: 064a: \            0 - Record successfully deleted                         !CCSk
 250: 064a: \            1 - Record Deletion error                               !CCSk
 251: 064a: \            2 - Session number invalid ie. 0                        !CCSk
 252: 064a: \            3 - Invalid Key Length                                  !CCSk
 253: 064a: \                                                                    !CCSk
 254: 064a: \--------------------------------------------------------------------!CCSk
 255: 064a:   FUNCTION DELETE.RECALLS (KEY$) PUBLIC                              !CCSk
 256: 0663:                                                                      !CCSk
 257: 0663:    INTEGER*2 DELETE.RECALLS                                          !CCSk
 258: 0663:    STRING    KEY$                                                    !CCSk
 259: 0663:                                                                      !CCSk
 260: 0663:    DELETE.RECALLS = 0                                                !CCSk
 261: 0668:                                                                      !CCSk
 262: 0668:    IF RECALLS.SESS.NUM% = 0 THEN BEGIN                               !CCSk
 263: 0672:        DELETE.RECALLS = 2                                            !CCSk
 264: 0677:        GOTO SET.RECALLS.DELETE.ERROR                                 !CCSk
 265: 0679:    ENDIF                                                             !CCSk
 266: 0679:                                                                      !CCSk
 267: 0679:    IF LEN(KEY$) <> RECALLS.KEYL% THEN BEGIN                          !CCSk
 268: 068e:        DELETE.RECALLS = 3                                            !CCSk
 269: 0693:        GOTO SET.RECALLS.DELETE.ERROR                                 !CCSk
 270: 0695:    ENDIF                                                             !CCSk
 271: 0695:                                                                      !CCSk
 272: 0695:    IF END #RECALLS.SESS.NUM% THEN DELETE.RECALLS.ERROR               !CCSk
 273: 06a9:                                                                      !CCSk
 274: 06a9:    DELREC RECALLS.SESS.NUM%; KEY$                                    !CCSk
 275: 06bb:                                                                      !CCSk
 276: 06bb: EXIT.FUNCTION:                                                       !CCSk
 277: 06bb:    EXIT FUNCTION                                                     !CCSk
 278: 06bd:                                                                      !CCSk
 279: 06bd: DELETE.RECALLS.ERROR:                                                !CCSk
 280: 06bd:                                                                      !CCSk
 281: 06bd:    DELETE.RECALLS = 1                                                !CCSk
 282: 06c2:                                                                      !CCSk
 283: 06c2: SET.RECALLS.DELETE.ERROR:                                            !CCSk
 284: 06c2:       FILE.OPERATION$     = "D"                                      !CCSk
 285: 06d1:       CURRENT.REPORT.NUM% = RECALLS.REPORT.NUM%                      !CCSk
 286: 06df:       CURRENT.CODE$       = ""                                       !CCSk
 287: 06ee:                                                                      !CCSk
 288: 06ee:   END FUNCTION                                                       !CCSk
 289: 0702:                                                                      
 290: 0702:                                                                      
 291: 0702:                                                                      
 292: 0702:                                                                      
 293: 0702:                                                                      
 294: 0702:                                                                      
 295: 0702:                                                                      
 296: 0702: End of Compilation
