   1: 0000: REM \
   2: 0000: \******************************************************************************
   3: 0000: \******************************************************************************
   4: 0000: \***
   5: 0000: \***          SHELF EDGE LABELS INDIVIDUAL ITEM FILE FUNCTIONS
   6: 0000: \***
   7: 0000: \***                   REFERENCE    : SITEMFUN.BAS
   8: 0000: \***               
   9: 0000: \***   Version A               Jamie Thorpe            25th June 1997
  10: 0000: \***   Removed version letter from SITEMDEC.
  11: 0000: \***
  12: 0000: \******************************************************************************
  13: 0000: *******************************************************************************
  14: 0000: 
  15: 0000:   STRING GLOBAL              \
  16: 0000:          CURRENT.CODE$,      \  
  17: 0000:          FILE.OPERATION$,    \	 
  18: 0000:          RPRT.LINE$	 
  19: 0000: 
  20: 0000:   INTEGER*1 GLOBAL           \
  21: 0000:          CURRENT.REPORT.NUM%  
  22: 0000:   
  23: 0000: 
  24: 0000:   %INCLUDE SITEMDEC.J86                                        ! AJT
  25: 0000: REM \
  26: 0000: \******************************************************************************
  27: 0000: \******************************************************************************
  28: 0000: \***
  29: 0000: \***         %INCLUDE FOR SHELF EDGE LABELS INDIVIDUAL ITEM 
  30: 0000: \***
  31: 0000: \***               - FIELD DECLARATIONS
  32: 0000: \***               - FILE REFERENCE PARAMETERS
  33: 0000: \***
  34: 0000: \***               REFERENCE    : SITEMDEC.J86
  35: 0000: \***
  36: 0000: \***
  37: 0000: \***    VERSION B.             STUART HIGHLEY              26TH JUNE 1997
  38: 0000: \***    Added global variable RPRT.LINE$ (already referenced in WRITE.SITEM).
  39: 0000: \***
  40: 0000: \***    VERSION C.             STUART HIGHLEY              30TH JUNE 1997
  41: 0000: \***    Removed it!!!
  42: 0000: \***
  43: 0000: \******************************************************************************
  44: 0000: *******************************************************************************
  45: 0000: 
  46: 0000:   STRING GLOBAL           \
  47: 0000:     SELFITEM.FILE.NAME$
  48: 0000: 
  49: 0000:   INTEGER*2 GLOBAL        \
  50: 0000:     SELFITEM.REPORT.NUM%, \
  51: 0000:     SELFITEM.SESS.NUM%
  52: 0000:   
  53: 0000:   
  54: 0000:   FUNCTION SITEM.SET PUBLIC
  55: 0014: \***************************
  56: 0014: 
  57: 0014:      SELFITEM.REPORT.NUM% = 48           
  58: 001d:      SELFITEM.FILE.NAME$  = "SITEM"
  59: 002c:      
  60: 002c:   END FUNCTION
  61: 0038: \------------------------------------------------------------------------------
  62: 0038: REM EJECT       
  63: 0038:     
  64: 0038:   FUNCTION READ.SITEM PUBLIC
  65: 004c: \****************************
  66: 004c: 
  67: 004c:     INTEGER*2 READ.SITEM 
  68: 004c:     
  69: 004c:     READ.SITEM = 1      
  70: 0051: 
  71: 0051:     IF END #SELFITEM.SESS.NUM% THEN READ.ERROR
  72: 0065:     READ #SELFITEM.SESS.NUM%; RPRT.LINE$
  73: 0083:     
  74: 0083:     READ.SITEM = 0
  75: 0088:     EXIT FUNCTION
  76: 008a:     
  77: 008a:     
  78: 008a:     READ.ERROR:
  79: 008a:     
  80: 008a:        FILE.OPERATION$ = "R"
  81: 0099:        CURRENT.REPORT.NUM% = SELFITEM.REPORT.NUM%
  82: 00a7:        CURRENT.CODE$ = PACK$("0000000000000000")
  83: 00bb:                          
  84: 00bb:        EXIT FUNCTION            
  85: 00bd:         
  86: 00bd: 
  87: 00bd:   END FUNCTION
  88: 00cc: \------------------------------------------------------------------------------
  89: 00cc: REM EJECT  
  90: 00cc: 
  91: 00cc:   FUNCTION WRITE.SITEM PUBLIC
  92: 00e0: \*****************************  
  93: 00e0: 
  94: 00e0:     INTEGER*2 WRITE.SITEM
  95: 00e0:     
  96: 00e0:     WRITE.SITEM = 1    
  97: 00e5: 
  98: 00e5: 
  99: 00e5:     IF END #SELFITEM.SESS.NUM% THEN WRITE.ERROR
 100: 00f9:     WRITE #SELFITEM.SESS.NUM%; RPRT.LINE$
 101: 0117: 
 102: 0117:     WRITE.SITEM = 0
 103: 011c:     EXIT FUNCTION
 104: 011e:     
 105: 011e:     
 106: 011e:     WRITE.ERROR:
 107: 011e:     
 108: 011e:        FILE.OPERATION$ = "W"
 109: 012d:        CURRENT.REPORT.NUM% = SELFITEM.REPORT.NUM%
 110: 013b:        CURRENT.CODE$ = PACK$("0000000000000000")                  
 111: 014f:        EXIT FUNCTION         
 112: 0151: 
 113: 0151:   END FUNCTION
 114: 0160: End of Compilation
