   1: 0000: \******************************************************************************
   2: 0000: \******************************************************************************
   3: 0000: \***
   4: 0000: \***              STOCKTAKE ITEM GROUP FILE FUNCTIONS
   5: 0000: \***
   6: 0000: \***               REFERENCE    : STKIGFUN.BAS
   7: 0000: \***
   8: 0000: \***         VERSION A            Nik Sen         17th June 1997
   9: 0000: \***
  10: 0000: \***
  11: 0000: \*******************************************************************************
  12: 0000: \*******************************************************************************
  13: 0000: 
  14: 0000:     INTEGER*2 GLOBAL                \
  15: 0000:        CURRENT.REPORT.NUM%
  16: 0000:        
  17: 0000:     STRING GLOBAL                    \
  18: 0000:        CURRENT.CODE$,                \
  19: 0000:        FILE.OPERATION$
  20: 0000:     
  21: 0000:     %INCLUDE STKIGDEC.J86                                              ! BRC
  22: 0000: \******************************************************************************
  23: 0000: \******************************************************************************
  24: 0000: \***
  25: 0000: \***         %INCLUDE FOR STOCKTAKE ITEM GROUP FIELD DECLARATIONS
  26: 0000: \***
  27: 0000: \***               FILE TYPE    : DIRECT
  28: 0000: \***
  29: 0000: \***               REFERENCE    : STKIGDEC.J86
  30: 0000: \***
  31: 0000: \***    VERSION A.              Nik Sen.               17 Jun 1997.
  32: 0000: \***    New file for stocktaking system. Holds Business Centres, Concept
  33: 0000: \***    and product groups which define scope of stocktake.
  34: 0000: \***
  35: 0000: \*******************************************************************************
  36: 0000: \*******************************************************************************
  37: 0000: 
  38: 0000: STRING GLOBAL                                                  \
  39: 0000:    STKIG.FILE.NAME$,            \
  40: 0000:    STKIG.DATA$
  41: 0000: 
  42: 0000: INTEGER*4 GLOBAL               \
  43: 0000:    STKIG.RECORD.NUM%
  44: 0000: 
  45: 0000: INTEGER*2 GLOBAL                \
  46: 0000:    STKIG.REPORT.NUM%,           \
  47: 0000:    STKIG.SESS.NUM%             
  48: 0000: 
  49: 0000: 
  50: 0000: INTEGER*1 GLOBAL                \
  51: 0000:    STKIG.RECL%         
  52: 0000: 
  53: 0000: 
  54: 0000: 
  55: 0000:   FUNCTION STKIG.SET PUBLIC
  56: 0014: \***************************
  57: 0014: 
  58: 0014:     STKIG.REPORT.NUM% = 524
  59: 001d:     STKIG.RECL%       = 6
  60: 0025:     STKIG.FILE.NAME$  = "STKIG"
  61: 0034:     
  62: 0034:   END FUNCTION
  63: 0040:     
  64: 0040: \-----------------------------------------------------------------------------
  65: 0040: 
  66: 0040: FUNCTION READ.STKIG PUBLIC
  67: 0054: \****************************
  68: 0054: 
  69: 0054:     INTEGER*2 READ.STKIG
  70: 0054:     
  71: 0054:     READ.STKIG = 1
  72: 0059:     
  73: 0059:     IF END #STKIG.SESS.NUM% THEN READ.STKIG.ERROR
  74: 006d:     READ FORM "C6"; #STKIG.SESS.NUM%,STKIG.RECORD.NUM%;  STKIG.DATA$
  75: 009f: 
  76: 009f:     READ.STKIG = 0
  77: 00a4:     EXIT FUNCTION
  78: 00a6:     
  79: 00a6: READ.STKIG.ERROR:
  80: 00a6:     
  81: 00a6:        FILE.OPERATION$ = "R"
  82: 00b5:        CURRENT.REPORT.NUM% = STKIG.REPORT.NUM%
  83: 00c3:        
  84: 00c3:        EXIT FUNCTION
  85: 00c5: 
  86: 00c5: END FUNCTION
  87: 00d4: 
  88: 00d4: \-----------------------------------------------------------------------------
  89: 00d4:   
  90: 00d4: 
  91: 00d4:   
  92: 00d4: FUNCTION WRITE.STKIG PUBLIC
  93: 00e8: \*****************************
  94: 00e8: 
  95: 00e8:        INTEGER*2 WRITE.STKIG
  96: 00e8:     
  97: 00e8:        WRITE.STKIG = 1
  98: 00ed:     
  99: 00ed:        IF END #STKIG.SESS.NUM% THEN WRITE.STKIG.ERROR
 100: 0101:        WRITE FORM "C6"; #STKIG.SESS.NUM%,STKIG.RECORD.NUM%; STKIG.DATA$  
 101: 0133: 
 102: 0133:        WRITE.STKIG = 0
 103: 0138:        EXIT FUNCTION
 104: 013a:    
 105: 013a: WRITE.STKIG.ERROR:
 106: 013a:    
 107: 013a:       FILE.OPERATION$ = "W"                                            
 108: 0149:       CURRENT.REPORT.NUM% = STKIG.REPORT.NUM%
 109: 0157:       
 110: 0157:       EXIT FUNCTION
 111: 0159: 
 112: 0159: END FUNCTION
 113: 0168: 
 114: 0168: 
 115: 0168: End of Compilation
