   1: 0000: \******************************************************************************
   2: 0000: \******************************************************************************
   3: 0000: \***
   4: 0000: \***   $Workfile:   STKRCFUN.BAS  $
   5: 0000: \***
   6: 0000: \***   $Revision:   1.5  $
   7: 0000: \***
   8: 0000: \******************************************************************************
   9: 0000: \******************************************************************************\******************************************************************************
  10: 0000: \******************************************************************************
  11: 0000: \***
  12: 0000: \***              STOCKTAKE RECOUNT FILE FUNCTIONS
  13: 0000: \***
  14: 0000: \***               REFERENCE    : STKRCFUN.BAS
  15: 0000: \***
  16: 0000: \***         VERSION A            Nik Sen         19th June 1997
  17: 0000: \***
  18: 0000: \***
  19: 0000: \***         VERSION B            Nik Sen         20th August 1997
  20: 0000: \***         Changed length of item code field.
  21: 0000: \***
  22: 0000: \***         VERSION C            Johnnie Chan    11th December 1997
  23: 0000: \***         Added extra digit to location code.
  24: 0000: \***
  25: 0000: \***         VERSION D            Johnnie Chan    3rd February 1998
  26: 0000: \***         Added a new one byte field - location count number
  27: 0000: \***
  28: 0000: \*******************************************************************************
  29: 0000: \*******************************************************************************
  30: 0000: 
  31: 0000:     INTEGER*2 GLOBAL                \
  32: 0000:        CURRENT.REPORT.NUM%
  33: 0000:        
  34: 0000:     STRING GLOBAL                    \
  35: 0000:        CURRENT.CODE$,                \
  36: 0000:        FILE.OPERATION$
  37: 0000:     
  38: 0000:     %INCLUDE STKRCDEC.J86                                             
  39: 0000: \******************************************************************************
  40: 0000: \******************************************************************************
  41: 0000: \***
  42: 0000: \***   $Workfile:   STKRCDEC.J86  $
  43: 0000: \***
  44: 0000: \***   $Revision:   1.1  $
  45: 0000: \***
  46: 0000: \******************************************************************************
  47: 0000: \******************************************************************************
  48: 0000: \***
  49: 0000: \***   $Log:   V:\archive\j86\stkrcdec.j8v  $
  50: 0000: \***   
  51: 0000: \***      Rev 1.1   03 Feb 1998 10:06:02   DEV69PS
  52: 0000: \***    
  53: 0000: \***   
  54: 0000: \***      Rev 1.0   15 Jul 1997 14:20:58   DEV45PS
  55: 0000: \***    
  56: 0000: \***   
  57: 0000: \***      Rev 1.0   09 Jul 1997 11:05:22   DEV45PS
  58: 0000: \***   Stocktake System New Files
  59: 0000: \***   
  60: 0000: \******************************************************************************
  61: 0000: \******************************************************************************\******************************************************************************
  62: 0000: \******************************************************************************
  63: 0000: \***
  64: 0000: \***         %INCLUDE FOR STOCKTAKE RECOUNT FILE FIELD DECLARATIONS
  65: 0000: \***
  66: 0000: \***               FILE TYPE    : DIRECT
  67: 0000: \***
  68: 0000: \***               REFERENCE    : STKRCDEC.J86
  69: 0000: \***
  70: 0000: \***    VERSION A.              Nik Sen.               19 Jun 1997.
  71: 0000: \***    New file for stocktaking system. Holds all items where a recount
  72: 0000: \***    has occurred.
  73: 0000: \***
  74: 0000: \*******************************************************************************
  75: 0000: \*******************************************************************************
  76: 0000: 
  77: 0000: STRING GLOBAL                                                  \
  78: 0000:        STKRC.FILE.NAME$,               \
  79: 0000:        STKRC.ITEM.CODE$,               \
  80: 0000:        STKRC.ITEM.DESCRIPTION$,        \
  81: 0000:        STKRC.LOCATION$,                \
  82: 0000:        STKRC.INITIAL.QUANTITY$,        \
  83: 0000:        STKRC.INITIAL.STOCKTAKER$,      \
  84: 0000:        STKRC.FINAL.QUANTITY$,          \
  85: 0000:        STKRC.FINAL.STOCKTAKER$
  86: 0000: 
  87: 0000: INTEGER*4 GLOBAL               \     !1.1
  88: 0000:        STKRC.RECORD.NUM%
  89: 0000: 
  90: 0000: 
  91: 0000: INTEGER*2 GLOBAL                \
  92: 0000:    STKRC.REPORT.NUM%,           \
  93: 0000:    STKRC.SESS.NUM%             
  94: 0000: 
  95: 0000: 
  96: 0000: INTEGER*1 GLOBAL                \
  97: 0000:    STKRC.LOC.CNT%,              \     
  98: 0000:    STKRC.RECL%         
  99: 0000: 
 100: 0000: 
 101: 0000: 
 102: 0000:   FUNCTION STKRC.SET PUBLIC
 103: 0014: \***************************
 104: 0014: 
 105: 0014:     STKRC.REPORT.NUM% = 529
 106: 001d:     STKRC.RECL%       = 47                                     ! *Ver D*
 107: 0025:     STKRC.FILE.NAME$  = "STKRC"
 108: 0034:     
 109: 0034:   END FUNCTION
 110: 0040:     
 111: 0040: \-----------------------------------------------------------------------------
 112: 0040: 
 113: 0040: FUNCTION READ.STKRC PUBLIC
 114: 0054: \****************************
 115: 0054: 
 116: 0054:     INTEGER*2 READ.STKRC
 117: 0054:     
 118: 0054:     READ.STKRC = 1
 119: 0059:     
 120: 0059:     IF END #STKRC.SESS.NUM% THEN READ.STKRC.ERROR
 121: 006d:     READ FORM "C7,C24,C5,C3,C2,C3,C2,I1"; #STKRC.SESS.NUM%,STKRC.RECORD.NUM%; \ *Ver D*
 122: 00ec:        STKRC.ITEM.CODE$,                                       \
 123: 00ec:        STKRC.ITEM.DESCRIPTION$,                                \
 124: 00ec:        STKRC.LOCATION$,                                        \
 125: 00ec:        STKRC.INITIAL.QUANTITY$,                                \
 126: 00ec:        STKRC.INITIAL.STOCKTAKER$,                              \
 127: 00ec:        STKRC.FINAL.QUANTITY$,                                  \
 128: 00ec:        STKRC.FINAL.STOCKTAKER$,                                \ *Ver D*
 129: 00ec:        STKRC.LOC.CNT%                                          ! *Ver D*
 130: 00ec: 
 131: 00ec:     READ.STKRC = 0
 132: 00f1:     EXIT FUNCTION
 133: 00f3:     
 134: 00f3: READ.STKRC.ERROR:
 135: 00f3:     
 136: 00f3: 
 137: 00f3:        FILE.OPERATION$ = "R"
 138: 0102:        CURRENT.REPORT.NUM% = STKRC.REPORT.NUM%
 139: 0110:        
 140: 0110:        EXIT FUNCTION
 141: 0112: 
 142: 0112: END FUNCTION
 143: 0121: 
 144: 0121: \-----------------------------------------------------------------------------
 145: 0121:   
 146: 0121: 
 147: 0121:   
 148: 0121: FUNCTION WRITE.STKRC PUBLIC
 149: 0135: \*****************************
 150: 0135: 
 151: 0135:        INTEGER*2 WRITE.STKRC
 152: 0135:     
 153: 0135:        WRITE.STKRC = 1
 154: 013a:     
 155: 013a:        IF END #STKRC.SESS.NUM% THEN WRITE.STKRC.ERROR
 156: 014e:        WRITE FORM "C7,C24,C5,C3,C2,C3,C2,I1"; #STKRC.SESS.NUM%,STKRC.RECORD.NUM%; \ *Ver D*
 157: 01ee:          STKRC.ITEM.CODE$,                                       \
 158: 01ee:          STKRC.ITEM.DESCRIPTION$,                                \
 159: 01ee:          STKRC.LOCATION$,                                        \
 160: 01ee:          STKRC.INITIAL.QUANTITY$,                                \
 161: 01ee:          STKRC.INITIAL.STOCKTAKER$,                              \
 162: 01ee:          STKRC.FINAL.QUANTITY$,                                  \
 163: 01ee:          STKRC.FINAL.STOCKTAKER$,                                \ *Ver D*
 164: 01ee:          STKRC.LOC.CNT%                                          ! *Ver D*
 165: 01ee:        
 166: 01ee:        WRITE.STKRC = 0
 167: 01f3:        EXIT FUNCTION
 168: 01f5:    
 169: 01f5: WRITE.STKRC.ERROR:
 170: 01f5:    
 171: 01f5:       FILE.OPERATION$ = "W"                                            
 172: 0204:       CURRENT.REPORT.NUM% = STKRC.REPORT.NUM%
 173: 0212:       
 174: 0212:       EXIT FUNCTION
 175: 0214: 
 176: 0214: END FUNCTION
 177: 0223: 
 178: 0223: 
 179: 0223: End of Compilation
