   1: 0000: \******************************************************************************
   2: 0000: \******************************************************************************
   3: 0000: \***
   4: 0000: \***         STOCKTAKE DUMMY FILE SET UP OF DATA - FILE FUNCTIONS
   5: 0000: \***
   6: 0000: \***               REFERENCE    : STKTKFUN.BAS
   7: 0000: \***
   8: 0000: \******************************************************************************
   9: 0000: \*******************************************************************************
  10: 0000:     
  11: 0000: 
  12: 0000: %INCLUDE STKTKDEC.J86
  13: 0000: REM \
  14: 0000: \******************************************************************************
  15: 0000: \******************************************************************************
  16: 0000: \***
  17: 0000: \***         %INCLUDE FOR STOCKTAKE DUMMY FILE - FILE REFERENCE PARAMETERS
  18: 0000: \***
  19: 0000: \***               REFERENCE    : STKTKDEC.J86
  20: 0000: \***
  21: 0000: \******************************************************************************
  22: 0000: \*******************************************************************************
  23: 0000: 
  24: 0000:   STRING GLOBAL           \
  25: 0000:     STKTK.FILE.NAME$
  26: 0000: 
  27: 0000:   INTEGER*2 GLOBAL        \
  28: 0000:     STKTK.REPORT.NUM%,      \
  29: 0000:     STKTK.SESS.NUM%
  30: 0000: 
  31: 0000: 
  32: 0000: 
  33: 0000:    FUNCTION STKTK.SET PUBLIC
  34: 0014:    
  35: 0014: 
  36: 0014:     STKTK.REPORT.NUM%  = 532
  37: 001d:     STKTK.FILE.NAME$  = "STKTK"
  38: 002c: 
  39: 002c:    END FUNCTION
  40: 0038: End of Compilation
