   1: 0000: \******************************************************************************
   2: 0000: \******************************************************************************
   3: 0000: \***
   4: 0000: \***         UOD DUMMY FILE - FILE FUNCTIONS
   5: 0000: \***
   6: 0000: \***         REFERENCE    : UODFUN.BAS
   7: 0000: \***
   8: 0000: \******************************************************************************
   9: 0000: \*******************************************************************************
  10: 0000: 
  11: 0000:     %INCLUDE UODDEC.J86
  12: 0000: \******************************************************************************
  13: 0000: \******************************************************************************
  14: 0000: \***
  15: 0000: \***         %INCLUDE FOR UOD DUMMY FILE I/O SESSION NUMBER
  16: 0000: \***
  17: 0000: \***               REFERENCE    : UODDEC.J86
  18: 0000: \***
  19: 0000: \******************************************************************************
  20: 0000: \*******************************************************************************
  21: 0000: 
  22: 0000:   STRING GLOBAL           \
  23: 0000:     UOD.FILE.NAME$
  24: 0000: 
  25: 0000:   INTEGER*2 GLOBAL        \
  26: 0000:     UOD.REPORT.NUM%,      \
  27: 0000:     UOD.SESS.NUM%
  28: 0000:     
  29: 0000:     FUNCTION UOD.SET PUBLIC
  30: 0014: 
  31: 0014:     UOD.REPORT.NUM%  = 277
  32: 001d:     UOD.FILE.NAME$  = "UOD"
  33: 002c: 
  34: 002c:     END FUNCTION
  35: 0038: End of Compilation
