   1: 0000: \*****************************************************************************
   2: 0000: \***
   3: 0000: \***               FUNCTIONS FOR THE DIRECTS SUPPLIER FILE
   4: 0000: \***
   5: 0000: \***               REFERENCE    : SETSUFUN.BAS
   6: 0000: \***               Directs supplier file
   7: 0000: \***
   8: 0000: \***    Version A               Mark Goode                  01.12.08
   9: 0000: \***
  10: 0000: \.............................................................................
  11: 0000: 
  12: 0000:    INTEGER*2 GLOBAL                  \
  13: 0000:       CURRENT.REPORT.NUM%
  14: 0000: 
  15: 0000:    STRING GLOBAL                     \
  16: 0000:       CURRENT.CODE$,                 \
  17: 0000:       FILE.OPERATION$              
  18: 0000: 
  19: 0000:    %INCLUDE SETSUDEC.J86
  20: 0000: \******************************************************************************
  21: 0000: \***
  22: 0000: \***       %INCLUDE FOR Supplier Directs - FIELD DECLARATIONS
  23: 0000: \***
  24: 0000: \***                         FILE TYPE : Direct
  25: 0000: \***
  26: 0000: \***                         REFERENCE : SETSUDEC
  27: 0000: \***
  28: 0000: \***    Version A               Mark Goode                  2nd December 2008
  29: 0000: \***
  30: 0000: \******************************************************************************
  31: 0000: 
  32: 0000:     STRING GLOBAL     SETSUP.FILE.NAME$,    \
  33: 0000:                       SETSUP.RECORD$
  34: 0000: 
  35: 0000:     INTEGER*2 GLOBAL  SETSUP.RECL%,         \
  36: 0000:                       SETSUP.REPORT.NUM%,   \
  37: 0000:                       SETSUP.SESS.NUM%
  38: 0000: 
  39: 0000:     INTEGER*4 GLOBAL  SETSUP.REC.NO%
  40: 0000: 
  41: 0000:    FUNCTION SETSU.SET PUBLIC
  42: 0014: 
  43: 0014:     SETSUP.REPORT.NUM% = 783         
  44: 001d:     SETSUP.FILE.NAME$  = "SETSUPPL"  
  45: 002c:     SETSUP.RECL%       = 11
  46: 0035:     
  47: 0035:    END FUNCTION
  48: 0041: 
  49: 0041: \----------------------------------------------------------------------------
  50: 0041: 
  51: 0041:    FUNCTION READ.SETSUP PUBLIC
  52: 0055: 
  53: 0055:    INTEGER*2 READ.SETSUP
  54: 0055: 
  55: 0055:    READ.SETSUP = 1
  56: 005a: 
  57: 005a:    IF END#SETSUP.SESS.NUM% THEN READ.SETSUP.ERROR
  58: 006e:      
  59: 006e:      READ FORM "C11"; #SETSUP.SESS.NUM%; SETSUP.RECORD$                                  
  60: 0090:    
  61: 0090:    READ.SETSUP = 0
  62: 0095:    EXIT FUNCTION
  63: 0097: 
  64: 0097:    READ.SETSUP.ERROR:
  65: 0097: 
  66: 0097:    CURRENT.REPORT.NUM% = SETSUP.REPORT.NUM%
  67: 00a5:    FILE.OPERATION$ = "R"
  68: 00b4:    CURRENT.CODE$ = ""
  69: 00c3: 
  70: 00c3:    EXIT FUNCTION
  71: 00c5:   END FUNCTION
  72: 00d4: 
  73: 00d4: 
  74: 00d4:    FUNCTION WRITE.SETSUP PUBLIC
  75: 00e8: 
  76: 00e8:    INTEGER*2 WRITE.SETSUP
  77: 00e8: 
  78: 00e8:    WRITE.SETSUP = 1
  79: 00ed: 
  80: 00ed:    IF END#SETSUP.SESS.NUM% THEN WRITE.SETSUP.ERROR
  81: 0101: 
  82: 0101:      WRITE FORM "C11"; #SETSUP.SESS.NUM%; SETSUP.RECORD$                          
  83: 0123: 
  84: 0123:    WRITE.SETSUP = 0
  85: 0128:    EXIT FUNCTION
  86: 012a: 
  87: 012a:    WRITE.SETSUP.ERROR:
  88: 012a: 
  89: 012a:    CURRENT.REPORT.NUM% = SETSUP.REPORT.NUM%
  90: 0138:    FILE.OPERATION$ = "W"
  91: 0147:    CURRENT.CODE$ = ""
  92: 0156: 
  93: 0156:    EXIT FUNCTION
  94: 0158:   END FUNCTION
  95: 0167: 
  96: 0167:      
  97: 0167: End of Compilation
