   1: 0000: \***********************************************************************
   2: 0000: \***********************************************************************
   3: 0000: \***
   4: 0000: \***    DESCRIPTION: Dallas UOD Index file (WHINDX)
   5: 0000: \***                 Public File Function Definitions
   6: 0000: \***
   7: 0000: \***    FILE TYPE : Direct
   8: 0000: \***
   9: 0000: \***********************************************************************
  10: 0000: \***
  11: 0000: \***    Version A.          Arun Venugopalan              9th April 2015
  12: 0000: \***    Initial version.
  13: 0000: \***   
  14: 0000: \***    Version B           Kiran Krishnan                14th July 2015
  15: 0000: \***    Corrected the File operation value in WRITE.WHINDX
  16: 0000: \***
  17: 0000: \***********************************************************************
  18: 0000: \***********************************************************************
  19: 0000: 
  20: 0000:     %INCLUDE WHINDDEC.J86             ! WHINDX variable declarations
  21: 0000: \***********************************************************************
  22: 0000: \***********************************************************************
  23: 0000: \***
  24: 0000: \***    DESCRIPTION: Dallas UOD Index file (WHINDX)
  25: 0000: \***                 Field Definitions
  26: 0000: \***
  27: 0000: \***    FILE TYPE : Direct
  28: 0000: \***
  29: 0000: \***********************************************************************
  30: 0000: \***
  31: 0000: \***    Version A.          Arun Venugopalan              9th April 2015
  32: 0000: \***    Initial version.
  33: 0000: \***
  34: 0000: \***********************************************************************
  35: 0000: \***********************************************************************
  36: 0000: 
  37: 0000: \***********************************************************************
  38: 0000: \*
  39: 0000: \* WHINDX File Record Layout
  40: 0000: \*
  41: 0000: \* Variable name            Length    Type    Description
  42: 0000: \*
  43: 0000: \* WHINDX.BARCODENO$            14      ASC    Barcode Number
  44: 0000: \* WHINDX.EXPCT.DELDATE$        6       ASC    Expected date of delivery
  45: 0000: \* WHINDX.STATUS$               1       ASC    UOD Status
  46: 0000: \*
  47: 0000: \***********************************************************************
  48: 0000: 
  49: 0000:     INTEGER*1 GLOBAL                 \
  50: 0000:         WHINDX.AVAILABLE.FLAG,       \ Flag for WHINDX File available
  51: 0000:                                      \ 0 = Not Available,-1 = Available
  52: 0000:         WHINDX.FILE.OPEN,            \ Flag for WHINDX file open/close
  53: 0000:                                      \ 0 = File Close,-1 = File Open
  54: 0000:         WHINDX.RECL%                 ! WHINDX record length
  55: 0000: 
  56: 0000:     INTEGER*2 GLOBAL                 \
  57: 0000:         WHINDX.REC.NUM%,             \ WHINDX record number
  58: 0000:         WHINDX.REPORT.NUM%,          \ WHINDX report number
  59: 0000:         WHINDX.SESS.NUM%             ! WHINDX session number
  60: 0000: 
  61: 0000:     STRING GLOBAL                    \
  62: 0000:         WHINDX.FILE.FORM$,           \ WHINDX file format
  63: 0000:         WHINDX.FILE.NAME$,           \ WHINDX file name
  64: 0000:         WHINDX.BARCODENO$,           \ Barcode number
  65: 0000:         WHINDX.EXPCT.DELDATE$,       \ Expected date of delivery
  66: 0000:         WHINDX.STATUS$               ! UOD status
  67: 0000: 
  68: 0000:     INTEGER*2 GLOBAL                  \
  69: 0000:         CURRENT.REPORT.NUM%           ! Current report number
  70: 0000: 
  71: 0000:     STRING GLOBAL                     \
  72: 0000:         CURRENT.CODE$,                \ Error code
  73: 0000:         FILE.OPERATION$               ! File operation
  74: 0000: 
  75: 0000: \***********************************************************************
  76: 0000: \*
  77: 0000: \* WHINDX.SET:
  78: 0000: \* Sets WHINDX file variables
  79: 0000: \*
  80: 0000: \***********************************************************************
  81: 0000: 
  82: 0000: FUNCTION WHINDX.SET PUBLIC
  83: 0014: 
  84: 0014:     WHINDX.FILE.FORM$  = "C14,C6,C1"
  85: 0023:     WHINDX.FILE.NAME$  = "WHINDX"
  86: 0032:     WHINDX.RECL%       = 21
  87: 003a:     WHINDX.REPORT.NUM% = 891
  88: 0043: 
  89: 0043: END FUNCTION
  90: 004f: 
  91: 004f: \***********************************************************************
  92: 004f: \*
  93: 004f: \* READ.WHINDX:
  94: 004f: \* Reads the record based on the record number and stores field values
  95: 004f: \* into the variables.
  96: 004f: \*
  97: 004f: \***********************************************************************
  98: 004f: 
  99: 004f: FUNCTION READ.WHINDX PUBLIC
 100: 0063: 
 101: 0063:     INTEGER*1 READ.WHINDX
 102: 0063: 
 103: 0063:     READ.WHINDX = 1                   ! Error
 104: 0067: 
 105: 0067:     IF END # WHINDX.SESS.NUM% THEN READ.WHINDX.ERROR
 106: 007b:     READ FORM WHINDX.FILE.FORM$; # WHINDX.SESS.NUM%, WHINDX.REC.NUM%;  \
 107: 00c9:               WHINDX.BARCODENO$,      \ Barcode number
 108: 00c9:               WHINDX.EXPCT.DELDATE$,  \ Expected Date of Delivery
 109: 00c9:               WHINDX.STATUS$          ! UOD Status
 110: 00c9: 
 111: 00c9:     READ.WHINDX = 0                   ! No error
 112: 00cd: 
 113: 00cd:     EXIT FUNCTION
 114: 00cf: 
 115: 00cf: READ.WHINDX.ERROR:
 116: 00cf: 
 117: 00cf:     FILE.OPERATION$     = "R"         ! To log Read Error
 118: 00de:     CURRENT.REPORT.NUM% = WHINDX.REPORT.NUM%
 119: 00ec:     CURRENT.CODE$       = STR$(WHINDX.REC.NUM%)
 120: 0106: 
 121: 0106: END FUNCTION
 122: 0115: 
 123: 0115: \***********************************************************************
 124: 0115: \*
 125: 0115: \* WRITE.WHINDX:
 126: 0115: \* Writes record to the file based on the values set to the
 127: 0115: \* variables by the calling program.
 128: 0115: \*
 129: 0115: \***********************************************************************
 130: 0115: 
 131: 0115: FUNCTION WRITE.WHINDX PUBLIC
 132: 0129: 
 133: 0129:     INTEGER*1 WRITE.WHINDX
 134: 0129: 
 135: 0129:     WRITE.WHINDX = 1                    ! Error
 136: 012d: 
 137: 012d:     IF END # WHINDX.SESS.NUM% THEN WRITE.WHINDX.ERROR
 138: 0141:     WRITE FORM WHINDX.FILE.FORM$; # WHINDX.SESS.NUM%, WHINDX.REC.NUM%; \
 139: 0199:                WHINDX.BARCODENO$,       \ Bar code number
 140: 0199:                WHINDX.EXPCT.DELDATE$,   \ Expected Date of Delivery
 141: 0199:                WHINDX.STATUS$           ! UOD Status
 142: 0199: 
 143: 0199:     WRITE.WHINDX = 0                    ! No error
 144: 019d: 
 145: 019d:     EXIT FUNCTION
 146: 019f: 
 147: 019f: WRITE.WHINDX.ERROR:
 148: 019f: 
 149: 019f:     FILE.OPERATION$     = "W"           ! To log Read Error             !BKK
 150: 01ae:     CURRENT.REPORT.NUM% = WHINDX.REPORT.NUM%
 151: 01bc:     CURRENT.CODE$       = STR$(WHINDX.REC.NUM%)
 152: 01d6: 
 153: 01d6: END FUNCTION
 154: 01e5: End of Compilation
