   1: 0000: \******************************************************************************
   2: 0000: \******************************************************************************
   3: 0000: \***
   4: 0000: \***               FUNCTIONS FOR THE DAILY DEC API LOG FILE
   5: 0000: \***
   6: 0000: \***                     REFERENCE    : DECAPFUN.BAS
   7: 0000: \***
   8: 0000: \***       Version A      Mark Goode      20th October 2010
   9: 0000: \***
  10: 0000: \******************************************************************************
  11: 0000: \*******************************************************************************
  12: 0000: 
  13: 0000:    %INCLUDE DECAPDEC.J86
  14: 0000: REM \
  15: 0000: \******************************************************************************
  16: 0000: \******************************************************************************
  17: 0000: \***
  18: 0000: \***                 %INCLUDE FOR THE DAILY DEC API LOG FILE
  19: 0000: \***   
  20: 0000: \***                      FILE TYPE  :   Sequential
  21: 0000: \***
  22: 0000: \***                      REFERENCE  :   DECAPDEC.J86
  23: 0000: \***
  24: 0000: \***    Version A         Mark Goode      20th October 2010
  25: 0000: \***
  26: 0000: \******************************************************************************
  27: 0000: \*******************************************************************************
  28: 0000: 
  29: 0000:   STRING GLOBAL           \
  30: 0000:     DECAP.RECORD$,        \ 
  31: 0000:     DECAP.FILE.NAME$
  32: 0000:     
  33: 0000:   INTEGER*2 GLOBAL        \          
  34: 0000:     DECAP.REPORT.NUM%,    \      
  35: 0000:     DECAP.SESS.NUM%
  36: 0000: 
  37: 0000:   INTEGER*4 GLOBAL        \
  38: 0000:     DECAP.REC.NUM%
  39: 0000: 
  40: 0000: 
  41: 0000:    INTEGER*2 GLOBAL CURRENT.REPORT.NUM%
  42: 0000: 
  43: 0000:    STRING GLOBAL                                                       \
  44: 0000:       CURRENT.CODE$,                                                   \
  45: 0000:       FILE.OPERATION$          
  46: 0000:    
  47: 0000: \------------------------------------------------------------------------------   
  48: 0000: 
  49: 0000:    FUNCTION DECAP.SET PUBLIC   
  50: 0014:  \***************************
  51: 0014:   
  52: 0014:       DECAP.REPORT.NUM% = 814
  53: 001d:       DECAP.FILE.NAME$  = "DECAPIL:"
  54: 002c:   
  55: 002c:    END FUNCTION
  56: 0038: 
  57: 0038: \------------------------------------------------------------------------------
  58: 0038:   
  59: 0038:    FUNCTION READ.DECAP PUBLIC
  60: 004c:  \****************************   
  61: 004c: 
  62: 004c:       INTEGER*2 I%, READ.DECAP      
  63: 004c:     
  64: 004c:       READ.DECAP = 1
  65: 0051: 
  66: 0051:       IF END #DECAP.SESS.NUM% THEN END.OF.DECAP    
  67: 0065:       READ   #DECAP.SESS.NUM%; DECAP.RECORD$
  68: 0083:     
  69: 0083:       READ.DECAP = 0     
  70: 0088:       EXIT FUNCTION      
  71: 008a:       
  72: 008a:       
  73: 008a:       END.OF.DECAP:
  74: 008a:       
  75: 008a:          FILE.OPERATION$     = "R"
  76: 0099:          CURRENT.CODE$       = RIGHT$(PACK$("0000000000000000"), 8)
  77: 00bf:          CURRENT.REPORT.NUM% = DECAP.REPORT.NUM%
  78: 00cd: 
  79: 00cd:       EXIT FUNCTION
  80: 00cf:           
  81: 00cf:    END FUNCTION                             
  82: 00de: 
  83: 00de: \---------------------------------------------------------------------------- 
  84: 00de: 
  85: 00de:    FUNCTION WRITE.DECAP PUBLIC
  86: 00f2:  \****************************   
  87: 00f2: 
  88: 00f2:       INTEGER*2 I%, WRITE.DECAP                                                    
  89: 00f2:     
  90: 00f2:       WRITE.DECAP = 1      
  91: 00f7:   
  92: 00f7:       IF END #DECAP.SESS.NUM% THEN DECAP.WRITE.PROBLEM  
  93: 010b:       PRINT USING "&"; #DECAP.SESS.NUM%; DECAP.RECORD$
  94: 0132:  
  95: 0132:       WRITE.DECAP = 0     
  96: 0137:       EXIT FUNCTION      
  97: 0139:       
  98: 0139:       
  99: 0139:       DECAP.WRITE.PROBLEM:
 100: 0139:       
 101: 0139:           
 102: 0139:         FILE.OPERATION$     = "W"
 103: 0148:         CURRENT.CODE$       = RIGHT$(PACK$("0000000000000000"), 8)
 104: 016e:         CURRENT.REPORT.NUM% = DECAP.REPORT.NUM%
 105: 017c: 
 106: 017c:       EXIT FUNCTION
 107: 017e:           
 108: 017e: 
 109: 017e:    END FUNCTION
 110: 018d: 
 111: 018d: \------------------------------------------------------------------------------
 112: 018d: 
 113: 018d: End of Compilation
