   1: 0000: REM \
   2: 0000: \******************************************************************************
   3: 0000: \******************************************************************************
   4: 0000: \***
   5: 0000: \***                DRUG FILE FUNCTIONS
   6: 0000: \***
   7: 0000: \***                REFERENCE   : DRUGFUN.BAS
   8: 0000: \***
   9: 0000: \***    VERSION A.       Nalini Mathusoothanan                     12 JULY 2011.
  10: 0000: \***
  11: 0000: \******************************************************************************
  12: 0000: \******************************************************************************
  13: 0000: 
  14: 0000:   INTEGER*2 GLOBAL            \
  15: 0000:          CURRENT.REPORT.NUM%
  16: 0000: 
  17: 0000:   STRING GLOBAL               \
  18: 0000:          CURRENT.CODE$,       \
  19: 0000:          FILE.OPERATION$
  20: 0000: 
  21: 0000:   %INCLUDE DRUGDEC.J86
  22: 0000: REM \
  23: 0000: \******************************************************************************
  24: 0000: \******************************************************************************
  25: 0000: \***
  26: 0000: \***         %INCLUDE FOR DRUG FILE - FIELD DECLARATIONS
  27: 0000: \***                                  FILE REFERENCE PARAMETERS
  28: 0000: \***
  29: 0000: \***                  FILE TYPE    : Keyed
  30: 0000: \***
  31: 0000: \***                  REFERENCE    : DRUGDEC.J86
  32: 0000: \***
  33: 0000: \***         VERSION A : Nalini Mathusoothanan     12 July 2011
  34: 0000: \***
  35: 0000: \***    Holds stock counting details for ethical lines.
  36: 0000: \*******************************************************************************
  37: 0000: \*******************************************************************************
  38: 0000: 
  39: 0000:   STRING GLOBAL           \
  40: 0000:     DRUG.FILE.NAME$,      \ DRUG file name - DRUG.BIN
  41: 0000:     DRUG.ITEM.CODE$,      \ 3  byte UPD Boots item code (excluding check digit)
  42: 0000:     DRUG.DESCRIPTION$,    \ 40 byte ASC Drug Description
  43: 0000:     DRUG.FILLER$          \ Filler - packed zeroes
  44: 0000: 
  45: 0000:   INTEGER*1 GLOBAL        \
  46: 0000:     DRUG.BIT.FLAGS.1%     \ 1 byte - bit values
  47: 0000:                           \ X"80"  - Active in store (load into POD)
  48: 0000:                           \ X"40"  - Reserved for future use
  49: 0000:                           \ X"20"  - Reserved for future use
  50: 0000:                           \ X"10"  - Reserved for future use
  51: 0000:                           \ X"08"  - Reserved for future use
  52: 0000:                           \ X"04"  - Reserved for future use
  53: 0000:                           \ X"02"  - Reserved for future use
  54: 0000:                           \ X"01"  - Reserved for future use
  55: 0000: 
  56: 0000:   INTEGER*2 GLOBAL        \
  57: 0000:     DRUG.RECL%,           \ Record Length - 56
  58: 0000:     DRUG.REPORT.NUM%,     \ Drug File session Report Number
  59: 0000:     DRUG.SESS.NUM%        \ Drug File Session Number
  60: 0000: 
  61: 0000:   INTEGER*4 GLOBAL        \
  62: 0000:     DRUG.PACK.SIZE%       ! The number of tablets, or the weight, or the volume
  63: 0000: 
  64: 0000:   FUNCTION DRUG.SET PUBLIC
  65: 0014: \*************************
  66: 0014: 
  67: 0014:      DRUG.REPORT.NUM% = 829
  68: 001d:      DRUG.RECL%       = 56
  69: 0026:      DRUG.FILE.NAME$  = "DRUG"
  70: 0035: 
  71: 0035:   END FUNCTION
  72: 0041: \------------------------------------------------------------------------------
  73: 0041: REM EJECT^L
  74: 0041: 
  75: 0041:   FUNCTION READ.DRUG PUBLIC
  76: 0055: \**************************
  77: 0055:   INTEGER*2 READ.DRUG
  78: 0055: 
  79: 0055:     READ.DRUG = 1
  80: 005a:     IF END #DRUG.SESS.NUM% THEN READ.ERROR
  81: 006e:     READ FORM "T4,C40,I1,I4,C8";                                    \
  82: 00c1:          #DRUG.SESS.NUM%                                            \
  83: 00c1:          KEY DRUG.ITEM.CODE$;                                       \
  84: 00c1:          DRUG.DESCRIPTION$,                                         \
  85: 00c1:          DRUG.BIT.FLAGS.1%,                                         \
  86: 00c1:          DRUG.PACK.SIZE%,                                           \
  87: 00c1:          DRUG.FILLER$
  88: 00c1: 
  89: 00c1:      READ.DRUG = 0
  90: 00c6: 
  91: 00c6:      EXIT FUNCTION
  92: 00c8: 
  93: 00c8:      READ.ERROR:
  94: 00c8:         FILE.OPERATION$     EQ "R"
  95: 00d7:         CURRENT.REPORT.NUM% EQ DRUG.REPORT.NUM%
  96: 00e5:         CURRENT.CODE$       EQ UNPACK$(DRUG.ITEM.CODE$)
  97: 0100: 
  98: 0100:         EXIT FUNCTION
  99: 0102: 
 100: 0102:   END FUNCTION
 101: 0111: \------------------------------------------------------------------------------
 102: 0111: 
 103: 0111:   FUNCTION READ.DRUG.LOCK PUBLIC
 104: 0125: \*******************************
 105: 0125: 
 106: 0125:     INTEGER*2 READ.DRUG.LOCK
 107: 0125: 
 108: 0125:     READ.DRUG.LOCK = 1
 109: 012a: 
 110: 012a:     IF END #DRUG.SESS.NUM% THEN READ.LOCK.ERROR
 111: 013e:     READ FORM "T4,C40,I1,I4,C8";                                    \
 112: 0191:          #DRUG.SESS.NUM% AUTOLOCK                                   \
 113: 0191:          KEY DRUG.ITEM.CODE$;                                       \
 114: 0191:          DRUG.DESCRIPTION$,                                         \
 115: 0191:          DRUG.BIT.FLAGS.1%,                                         \
 116: 0191:          DRUG.PACK.SIZE%,                                           \
 117: 0191:          DRUG.FILLER$
 118: 0191: 
 119: 0191:     READ.DRUG.LOCK = 0
 120: 0196:     EXIT FUNCTION
 121: 0198: 
 122: 0198:     READ.LOCK.ERROR:
 123: 0198: 
 124: 0198:        CURRENT.CODE$ = UNPACK$(DRUG.ITEM.CODE$)
 125: 01b3:        FILE.OPERATION$ = "R"
 126: 01c2:        CURRENT.REPORT.NUM% = DRUG.REPORT.NUM%
 127: 01d0: 
 128: 01d0:        EXIT FUNCTION
 129: 01d2: 
 130: 01d2:   END FUNCTION
 131: 01e1: \------------------------------------------------------------------------------
 132: 01e1: 
 133: 01e1:   FUNCTION WRITE.DRUG PUBLIC
 134: 01f5: \**************************
 135: 01f5: 
 136: 01f5:     INTEGER*2 WRITE.DRUG
 137: 01f5: 
 138: 01f5:     WRITE.DRUG = 1
 139: 01fa:     IF END #DRUG.SESS.NUM% THEN WRITE.ERROR
 140: 020e:     WRITE FORM "C3,C40,I1,I4,C8";                                   \
 141: 026e:              #DRUG.SESS.NUM%;                                       \
 142: 026e:              DRUG.ITEM.CODE$,                                       \
 143: 026e:              DRUG.DESCRIPTION$,                                     \
 144: 026e:              DRUG.BIT.FLAGS.1%,                                     \
 145: 026e:              DRUG.PACK.SIZE%,                                       \
 146: 026e:              DRUG.FILLER$
 147: 026e: 
 148: 026e:     WRITE.DRUG = 0
 149: 0273:     EXIT FUNCTION
 150: 0275: 
 151: 0275:     WRITE.ERROR:
 152: 0275: 
 153: 0275:        FILE.OPERATION$ = "W"
 154: 0284:        CURRENT.REPORT.NUM% = DRUG.REPORT.NUM%
 155: 0292:        CURRENT.CODE$ = UNPACK$(DRUG.ITEM.CODE$)
 156: 02ad: 
 157: 02ad:        EXIT FUNCTION
 158: 02af: 
 159: 02af:   END FUNCTION
 160: 02be: \------------------------------------------------------------------------------
 161: 02be: 
 162: 02be:   FUNCTION WRITE.DRUG.HOLD PUBLIC
 163: 02d2:     INTEGER*2 WRITE.DRUG.HOLD
 164: 02d2: 
 165: 02d2:     WRITE.DRUG.HOLD = 1
 166: 02d7: 
 167: 02d7:     IF END #DRUG.SESS.NUM% THEN WRITE.HOLD.ERROR
 168: 02eb:     WRITE FORM "C3,C40,I1,I4,C8"; HOLD                              \
 169: 034b:              #DRUG.SESS.NUM%;                                       \
 170: 034b:              DRUG.ITEM.CODE$,                                       \
 171: 034b:              DRUG.DESCRIPTION$,                                     \
 172: 034b:              DRUG.BIT.FLAGS.1%,                                     \
 173: 034b:              DRUG.PACK.SIZE%,                                       \
 174: 034b:              DRUG.FILLER$
 175: 034b: 
 176: 034b:     WRITE.DRUG.HOLD = 0
 177: 0350:     EXIT FUNCTION
 178: 0352: 
 179: 0352:     WRITE.HOLD.ERROR:
 180: 0352: 
 181: 0352:        FILE.OPERATION$ = "W"
 182: 0361:        CURRENT.REPORT.NUM% = DRUG.REPORT.NUM%
 183: 036f:        CURRENT.CODE$ = UNPACK$(DRUG.ITEM.CODE$)
 184: 038a: 
 185: 038a:        EXIT FUNCTION
 186: 038c: 
 187: 038c:   END FUNCTION
 188: 039b: \------------------------------------------------------------------------------
 189: 039b: 
 190: 039b:   FUNCTION WRITE.DRUG.UNLOCK PUBLIC
 191: 03af: \**********************************
 192: 03af: 
 193: 03af:     INTEGER*2 WRITE.DRUG.UNLOCK
 194: 03af: 
 195: 03af:     WRITE.DRUG.UNLOCK = 1
 196: 03b4: 
 197: 03b4:     IF END #DRUG.SESS.NUM% THEN WRITE.UNLOCK.ERROR
 198: 03c8:     WRITE FORM "C3,C40,I1,I4,C8";                                   \
 199: 0428:              #DRUG.SESS.NUM% AUTOUNLOCK;                            \
 200: 0428:              DRUG.ITEM.CODE$,                                       \
 201: 0428:              DRUG.DESCRIPTION$,                                     \
 202: 0428:              DRUG.BIT.FLAGS.1%,                                     \
 203: 0428:              DRUG.PACK.SIZE%,                                       \
 204: 0428:              DRUG.FILLER$
 205: 0428: 
 206: 0428:     WRITE.DRUG.UNLOCK = 0
 207: 042d:     EXIT FUNCTION
 208: 042f: 
 209: 042f:     WRITE.UNLOCK.ERROR:
 210: 042f: 
 211: 042f:     FILE.OPERATION$ = "W"
 212: 043e:     CURRENT.REPORT.NUM% = DRUG.REPORT.NUM%
 213: 044c:     CURRENT.CODE$ = UNPACK$(DRUG.ITEM.CODE$)
 214: 0467: 
 215: 0467:     EXIT FUNCTION
 216: 0469: 
 217: 0469:   END FUNCTION
 218: 0478: \------------------------------------------------------------------------------
 219: 0478: 
 220: 0478: End of Compilation
