   1: 0000: \********************************************************************
   2: 0000: \***      Space and Range Planogram descriptors (SRPDF)
   3: 0000: \***      Version A           Neil Bennett          07.08.2006
   4: 0000: \***
   5: 0000: \....................................................................
   6: 0000: 
   7: 0000:   INTEGER*2 GLOBAL                   \
   8: 0000:       CURRENT.REPORT.NUM%
   9: 0000: 
  10: 0000:   STRING GLOBAL                      \
  11: 0000:       CURRENT.CODE$,                 \
  12: 0000:       FILE.OPERATION$
  13: 0000: 
  14: 0000:   %INCLUDE SRPDFDEC.J86
  15: 0000: \********************************************************************
  16: 0000: \***      EXTERNAL FUNCTION DECLARATIONS FOR THE SRPDF FILE
  17: 0000: \***      REFERENCE : SRPDFDEC.J86
  18: 0000: \***      Version A           Neil Bennett          7th August 2006
  19: 0000: \***
  20: 0000: \********************************************************************
  21: 0000: 
  22: 0000:   INTEGER*2 GLOBAL        \
  23: 0000:     SRPDF.SESS.NUM%,      \
  24: 0000:     SRPDF.REPORT.NUM%,    \
  25: 0000:     SRPDF.RECL%           !
  26: 0000: 
  27: 0000:   INTEGER*4 GLOBAL        \
  28: 0000:     SRPDF.POGDB%          ! Unique POG Database key
  29: 0000: 
  30: 0000:   STRING GLOBAL           \
  31: 0000:     SRPDF.FILE.NAME$,     \ File name
  32: 0000:     SRPDF.SHRT.DESC$,     \ Medium descriptor (50)
  33: 0000:     SRPDF.FULL.DESC$,     \ Full descriptor (100)
  34: 0000:     SRPDF.FILLER$         !
  35: 0000: 
  36: 0000: 
  37: 0000: 
  38: 0000: \--------------------------------------------------------------------
  39: 0000: 
  40: 0000:   %INCLUDE BTCMEM.J86
  41: 0000: !********************************************************************
  42: 0000: !***
  43: 0000: !***    INCLUDED CODE:  BTCMEM.J86
  44: 0000: !***    AUTHOR:         Stuart William McConnachie
  45: 0000: !***    DATE:           26th February 2006
  46: 0000: !***
  47: 0000: !********************************************************************
  48: 0000: !***
  49: 0000: !***    Controller CBASIC Memory Functions
  50: 0000: !***
  51: 0000: !********************************************************************
  52: 0000: 
  53: 0000: !Get a single byte integer from a string offset
  54: 0000: FUNCTION GETN1 (S$, P%) EXTERNAL
  55: 0000:     STRING S$
  56: 0000:     INTEGER*2 P%
  57: 0000:     INTEGER*2 GETN1
  58: 0000: END FUNCTION
  59: 0000: 
  60: 0000: !Get a two byte integer from a string offset
  61: 0000: FUNCTION GETN2 (S$, P%) EXTERNAL
  62: 0000:     STRING S$
  63: 0000:     INTEGER*2 P%
  64: 0000:     INTEGER*2 GETN2
  65: 0000: END FUNCTION
  66: 0000: 
  67: 0000: !Get a four byte integer from a string offset
  68: 0000: FUNCTION GETN4 (S$, P%) EXTERNAL
  69: 0000:     STRING S$
  70: 0000:     INTEGER*2 P%
  71: 0000:     INTEGER*4 GETN4
  72: 0000: END FUNCTION
  73: 0000: 
  74: 0000: !Get a 10 byte CBASIC real from a string offset
  75: 0000: FUNCTION GETR10 (S$, P%) EXTERNAL
  76: 0000:     STRING S$
  77: 0000:     INTEGER*2 P%
  78: 0000:     REAL GETR10
  79: 0000: END FUNCTION
  80: 0000: 
  81: 0000: !Put a single byte integer into a string at offset
  82: 0000: FUNCTION PUTN1 (S$, P%, N%) EXTERNAL
  83: 0000:     STRING S$
  84: 0000:     INTEGER*2 P%
  85: 0000:     INTEGER*1 N%
  86: 0000:     INTEGER*1 PUTN1
  87: 0000: END FUNCTION
  88: 0000: 
  89: 0000: !Put a two byte integer into a string at offset
  90: 0000: FUNCTION PUTN2 (S$, P%, N%) EXTERNAL
  91: 0000:     STRING S$
  92: 0000:     INTEGER*2 P%
  93: 0000:     INTEGER*2 N%
  94: 0000:     INTEGER*1 PUTN2
  95: 0000: END FUNCTION
  96: 0000: 
  97: 0000: !Put a four byte integer into a string at offset
  98: 0000: FUNCTION PUTN4 (S$, P%, N%) EXTERNAL
  99: 0000:     STRING S$
 100: 0000:     INTEGER*2 P%
 101: 0000:     INTEGER*4 N%
 102: 0000:     INTEGER*1 PUTN4
 103: 0000: END FUNCTION
 104: 0000: 
 105: 0000: !Put a 10 byte CBASIC real into a string at offset
 106: 0000: FUNCTION PUTR10 (S$, P%, R) EXTERNAL
 107: 0000:     STRING S$
 108: 0000:     INTEGER*2 P%
 109: 0000:     REAL R
 110: 0000:     INTEGER*1 PUTR10
 111: 0000: END FUNCTION
 112: 0000: 
 113: 0000: !Peek a two byte integer from a memory address
 114: 0000: FUNCTION PEEKN2 (A%) EXTERNAL
 115: 0000:     INTEGER*4 A%
 116: 0000:     INTEGER*2 PEEKN2
 117: 0000: END FUNCTION
 118: 0000: 
 119: 0000: !Peek a four byte integer from a memory address
 120: 0000: FUNCTION PEEKN4 (A%) EXTERNAL
 121: 0000:     INTEGER*4 A%
 122: 0000:     INTEGER*4 PEEKN4
 123: 0000: END FUNCTION
 124: 0000: 
 125: 0000: !Peek a 10 byte CBASIC real from a memory address
 126: 0000: FUNCTION PEEKR10 (A%) EXTERNAL
 127: 0000:     INTEGER*4 A%
 128: 0000:     REAL PEEKR10
 129: 0000: END FUNCTION
 130: 0000: 
 131: 0000: !Poke a two byte integer to a memory address
 132: 0000: FUNCTION POKEN2 (A%, N%) EXTERNAL
 133: 0000:     INTEGER*4 A%
 134: 0000:     INTEGER*2 N%
 135: 0000:     INTEGER*1 POKEN2
 136: 0000: END FUNCTION
 137: 0000: 
 138: 0000: !Poke a four byte integer to a memory address
 139: 0000: FUNCTION POKEN4 (A%, N%) EXTERNAL
 140: 0000:     INTEGER*4 A%
 141: 0000:     INTEGER*4 N%
 142: 0000:     INTEGER*1 POKEN4
 143: 0000: END FUNCTION
 144: 0000: 
 145: 0000: !Poke a 10 byte CBASIC real to a memory address
 146: 0000: FUNCTION POKER10 (A%, R) EXTERNAL
 147: 0000:     INTEGER*4 A%
 148: 0000:     REAL R
 149: 0000:     INTEGER*1 POKER10
 150: 0000: END FUNCTION
 151: 0000: 
 152: 0000: 
 153: 0000: \--------------------------------------------------------------------
 154: 0000: 
 155: 0000:   FUNCTION BUILD.SRPDF.KEY$
 156: 0014: 
 157: 0014:    STRING     BUILD.SRPDF.KEY$
 158: 0014:    STRING     work$
 159: 0014: 
 160: 0014:    work$ = STRING$(4,CHR$(0))
 161: 002b: 
 162: 002b:    CALL PUTN4(work$, 0, SRPDF.POGDB%)
 163: 0048: 
 164: 0048:    BUILD.SRPDF.KEY$ = work$
 165: 005a:    work$ = ""
 166: 0067: 
 167: 0067:   END FUNCTION
 168: 0078: 
 169: 0078: \--------------------------------------------------------------------
 170: 0078: 
 171: 0078:   FUNCTION SRPDF.SET PUBLIC
 172: 008c: 
 173: 008c:    SRPDF.REPORT.NUM%   = 733
 174: 0095:    SRPDF.RECL%         = 169
 175: 009e:    SRPDF.FILE.NAME$    = "SRPDF"
 176: 00ad: 
 177: 00ad:   END FUNCTION
 178: 00b9: 
 179: 00b9: \--------------------------------------------------------------------
 180: 00b9: 
 181: 00b9:   FUNCTION READ.SRPDF PUBLIC
 182: 00cd: 
 183: 00cd:    INTEGER*2 READ.SRPDF
 184: 00cd:    STRING    key$
 185: 00cd: 
 186: 00cd:    READ.SRPDF = 1
 187: 00d2: 
 188: 00d2:    key$ = BUILD.SRPDF.KEY$
 189: 00df: 
 190: 00df:    IF END #SRPDF.SESS.NUM% THEN READ.SRPDF.ERROR
 191: 00f3: 
 192: 00f3:    READ FORM "T5,C50,C100,C15";                                     \
 193: 0138:           #SRPDF.SESS.NUM% KEY key$;                                \
 194: 0138:              SRPDF.SHRT.DESC$,                                      \
 195: 0138:              SRPDF.FULL.DESC$,                                      \
 196: 0138:              SRPDF.FILLER$
 197: 0138: 
 198: 0138:    READ.SRPDF = 0
 199: 013d:    EXIT FUNCTION
 200: 013f: 
 201: 013f: READ.SRPDF.ERROR:
 202: 013f: 
 203: 013f:    CURRENT.REPORT.NUM% = SRPDF.REPORT.NUM%
 204: 014d:    FILE.OPERATION$ = "R"
 205: 015c:    CURRENT.CODE$ = key$
 206: 016f: 
 207: 016f:   END FUNCTION
 208: 017e: 
 209: 017e: \--------------------------------------------------------------------
 210: 017e: 
 211: 017e:   FUNCTION WRITE.SRPDF PUBLIC
 212: 0192: 
 213: 0192:    INTEGER*2 WRITE.SRPDF
 214: 0192:    STRING    key$
 215: 0192: 
 216: 0192:    WRITE.SRPDF = 1
 217: 0197: 
 218: 0197:    key$ = BUILD.SRPDF.KEY$
 219: 01a4: 
 220: 01a4:    IF END #SRPDF.SESS.NUM% THEN WRITE.SRPDF.ERROR
 221: 01b8: 
 222: 01b8:    WRITE FORM "C4,C50,C100,C15";                                    \
 223: 0207:            #SRPDF.SESS.NUM%;                                        \
 224: 0207:              key$,                                                  \
 225: 0207:              SRPDF.SHRT.DESC$,                                      \
 226: 0207:              SRPDF.FULL.DESC$,                                      \
 227: 0207:              SRPDF.FILLER$
 228: 0207: 
 229: 0207:    WRITE.SRPDF = 0
 230: 020c:    EXIT FUNCTION
 231: 020e: 
 232: 020e: WRITE.SRPDF.ERROR:
 233: 020e: 
 234: 020e:    CURRENT.REPORT.NUM% = SRPDF.REPORT.NUM%
 235: 021c:    FILE.OPERATION$ = "W"
 236: 022b:    CURRENT.CODE$ = key$
 237: 023e: 
 238: 023e:   END FUNCTION
 239: 024d: 
 240: 024d: \--------------------------------------------------------------------
 241: 024d: 
 242: 024d:   FUNCTION DELREC.SRPDF PUBLIC
 243: 0261: 
 244: 0261:    INTEGER*2 DELREC.SRPDF
 245: 0261:    STRING    key$
 246: 0261: 
 247: 0261:    DELREC.SRPDF = 1
 248: 0266: 
 249: 0266:    key$ = BUILD.SRPDF.KEY$
 250: 0273: 
 251: 0273:    IF END #SRPDF.SESS.NUM% THEN DELREC.SRPDF.ERROR
 252: 0287: 
 253: 0287:    DELREC SRPDF.SESS.NUM%; key$
 254: 029b: 
 255: 029b:    DELREC.SRPDF = 0
 256: 02a0:    EXIT FUNCTION
 257: 02a2: 
 258: 02a2: DELREC.SRPDF.ERROR:
 259: 02a2: 
 260: 02a2:    CURRENT.REPORT.NUM% = SRPDF.REPORT.NUM%
 261: 02b0:    FILE.OPERATION$ = "D"
 262: 02bf:    CURRENT.CODE$ = key$
 263: 02d2: 
 264: 02d2:   END FUNCTION
 265: 02e1: End of Compilation
