   1: 0000: \********************************************************************
   2: 0000: \***      Space and Range Planner Common Functions  (SRPFUN)
   3: 0000: \***      Version A           Neil Bennett          24.08.2006
   4: 0000: \***
   5: 0000: \....................................................................
   6: 0000: \***
   7: 0000: \***    GET.CATID Construct a 4 byte integer Category ID from 3
   8: 0000: \***              hierarchical (I4) keys supplied.
   9: 0000: \***
  10: 0000: \********************************************************************
  11: 0000: 
  12: 0000:    FUNCTION GET.CATID%(lev1%,lev2%,lev3%) PUBLIC
  13: 0014: 
  14: 0014:     INTEGER*4 GET.CATID%
  15: 0014:     INTEGER*4 lev1%, lev2%, lev3%
  16: 0014:     STRING    work$
  17: 0014: 
  18: 0014:     IF (lev1% < 0) OR (lev1% >   20)                                \
  19: 0095:     OR (lev2% < 0) OR (lev2% > 9999)                                \
  20: 0095:     OR (lev3% < 0) OR (lev3% > 9999) THEN BEGIN
  21: 0095:        work$ = "-1"
  22: 00a5:     ENDIF ELSE BEGIN
  23: 00a5:        work$ = RIGHT$("00"   + STR$(lev1%), 2)                      \
  24: 0160:              + RIGHT$("0000" + STR$(lev2%), 4)                      \
  25: 0160:              + RIGHT$("0000" + STR$(lev3%), 4)
  26: 0160:     ENDIF
  27: 0160: 
  28: 0160:     GET.CATID% = VAL(work$)
  29: 017b: 
  30: 017b:    END FUNCTION
  31: 018d: 
  32: 018d: \********************************************************************
  33: 018d: End of Compilation
