16:33:30  File opened
1178382168915201910430611612035216120310093759000000000000002000000000000020000000000000200000000000002007000000202020202020202020202020202020202020202020202020202020202020202020202020202020202020202020
1178382179129601915292011612075216120509494759000000000000002000000000000020000000000000200000000000002009000000202020202020202020202020202020202020202020202020202020202020202020202020202020202020202020
1178382337719802000342521701264317012606454959170127162416305900000000000020000000000000200000000000002000000000202020202020202020202020202020202020202020202020202020202020202020202020202020202020202020
1178382335251401997862391701254317012406543159170125104828305900000000000020000000000000200000000000002000000000202020202020202020202020202020202020202020202020202020202020202020202020202020202020202020
1178382246560101941153451612195516121908331359000000000000002017012711345659000000000000200000000000002000000000202020202020202020202020202020202020202020202020202020202020202020202020202020202020202020
1178382341807602004994261701305217013008163159000000000000002000000000000020000000000000200000000000002002000000202020202020202020202020202020202020202020202020202020202020202020202020202020202020202020
1178382243460801940517471612165216121707075259000000000000002000000000000020000000000000200000000000002008000000202020202020202020202020202020202020202020202020202020202020202020202020202020202020202020
117838233002450199256108170120521701200704155900000000000000200000000000002000000000000020000000000000200<000000202020202020202020202020202020202020202020202020202020202020202020202020202020202020202020
1178382333090801994319171701234317012306461559170124180103305900000000000020000000000000200000000000002000000000202020202020202020202020202020202020202020202020202020202020202020202020202020202020202020
117838231874660198221332170112521701120700125900000000000000200000000000002000000000000020000000000000200=000000202020202020202020202020202020202020202020202020202020202020202020202020202020202020202020
1178382281736301958180731612315216122707424659000000000000002000000000000020000000000000200000000000002014000000202020202020202020202020202020202020202020202020202020202020202020202020202020202020202020
1178382253336701944531021612195216121907425859000000000000002000000000000020000000000000200000000000002003000000202020202020202020202020202020202020202020202020202020202020202020202020202020202020202020
1178382342221402005102021701305217013008135859000000000000002000000000000020000000000000200000000000002003000000202020202020202020202020202020202020202020202020202020202020202020202020202020202020202020
1178382299019601967531291701055217010308074759000000000000002000000000000020000000000000200000000000002014000000202020202020202020202020202020202020202020202020202020202020202020202020202020202020202020
1178382254044701944486441612195516121907413859000000000000002017012612191659000000000000200000000000002000000000202020202020202020202020202020202020202020202020202020202020202020202020202020202020202020
1178382341874202004481991701305217013008125159000000000000002000000000000020000000000000200000000000002003000000202020202020202020202020202020202020202020202020202020202020202020202020202020202020202020
1178382338334102000498031701264317012606490359170127091519305900000000000020000000000000200000000000002000000000202020202020202020202020202020202020202020202020202020202020202020202020202020202020202020
1178382337202301998936201701274317012506501959170127160603305900000000000020000000000000200000000000002000000000202020202020202020202020202020202020202020202020202020202020202020202020202020202020202020
1178382339308702001535041701275217012707572559000000000000002000000000000020000000000000200000000000002008000000202020202020202020202020202020202020202020202020202020202020202020202020202020202020202020
1178382338673202001204691701274317012707564759170127161432305900000000000020000000000000200000000000002000000000202020202020202020202020202020202020202020202020202020202020202020202020202020202020202020
1178382314536101979333581701095217010909081859000000000000002000000000000020000000000000200000000000002003000000202020202020202020202020202020202020202020202020202020202020202020202020202020202020202020
1178382342956902006125071701305217013008162159000000000000002000000000000020000000000000200000000000002002000000202020202020202020202020202020202020202020202020202020202020202020202020202020202020202020
1178382336084001998525721701254317012506520559170125143454305900000000000020000000000000200000000000002000000000202020202020202020202020202020202020202020202020202020202020202020202020202020202020202020
1178382331636901993820161701205217012107074759000000000000002000000000000020000000000000200000000000002004000000202020202020202020202020202020202020202020202020202020202020202020202020202020202020202020
1178382249702901942471411612194316121908152359170125124625305900000000000020000000000000200000000000002000000000202020202020202020202020202020202020202020202020202020202020202020202020202020202020202020
1178382231449401936017721612205216121507234859000000000000002000000000000020000000000000200000000000002007000000202020202020202020202020202020202020202020202020202020202020202020202020202020202020202020
1178382230621501935730701612145516121507170859000000000000002017012711390359000000000000200000000000002000000000202020202020202020202020202020202020202020202020202020202020202020202020202020202020202020
117838225217830194413256161219521612190815515900000000000000200000000000002000000000000020000000000000200;000000202020202020202020202020202020202020202020202020202020202020202020202020202020202020202020
1178382334423201995383391701234317012306504459170124181312305900000000000020000000000000200000000000002000000000202020202020202020202020202020202020202020202020202020202020202020202020202020202020202020
1178382279935001957053981612315216122907103459000000000000002000000000000020000000000000200000000000002013000000202020202020202020202020202020202020202020202020202020202020202020202020202020202020202020
1178382110518501883677910000005216120611413259000000000000000000000000000000000000000000000000000000000003000000202020202020202020202020202020202020202020202020202020202020202020202020202020202020202020
1178382337397601999640451701264317012606465759170127105731305900000000000020000000000000200000000000002000000000202020202020202020202020202020202020202020202020202020202020202020202020202020202020202020
1178382281231601952154751612315516122707215659000000000000002017012711395359000000000000200000000000002000000000202020202020202020202020202020202020202020202020202020202020202020202020202020202020202020
1178382341219102004263221701305217013008141859000000000000002000000000000020000000000000200000000000002003000000202020202020202020202020202020202020202020202020202020202020202020202020202020202020202020
117838227482250195233112170105521612230746305900000000000000200000000000002000000000000020000000000000200?000000202020202020202020202020202020202020202020202020202020202020202020202020202020202020202020
1178382343143402006189701701314?0000000000002000000000000000200000000000002000000000000020000000000000200=000000202020202020202020202020202020202020202020202020202020202020202020202020202020202020202020
1178382339564102001657411701275217012707570259000000000000002000000000000020000000000000200000000000002003000000202020202020202020202020202020202020202020202020202020202020202020202020202020202020202020
1178382333157701995154071701214317012306472859170128142421305900000000000020000000000000200000000000002000000000202020202020202020202020202020202020202020202020202020202020202020202020202020202020202020
1178382332258701994374261701215217012107090359000000000000002000000000000020000000000000200000000000002008000000202020202020202020202020202020202020202020202020202020202020202020202020202020202020202020
1178382284119101958249371612315216122807074959000000000000002000000000000020000000000000200000000000002009000000202020202020202020202020202020202020202020202020202020202020202020202020202020202020202020
1178382148969201889837151612015217012615112559000000000000002000000000000020000000000000200000000000002007000000202020202020202020202020202020202020202020202020202020202020202020202020202020202020202020
1178382247908201941822721612195516121908312759000000000000002017012711412959000000000000200000000000002000000000202020202020202020202020202020202020202020202020202020202020202020202020202020202020202020
1178382322106101985522001701145217011406271159000000000000002000000000000020000000000000200000000000002004000000202020202020202020202020202020202020202020202020202020202020202020202020202020202020202020
117838230283930197008428170105521701030822165900000000000000200000000000002000000000000020000000000000200=000000202020202020202020202020202020202020202020202020202020202020202020202020202020202020202020
1178382289965801961567301701055216122907121259000000000000002000000000000020000000000000200000000000002014000000202020202020202020202020202020202020202020202020202020202020202020202020202020202020202020
1178382338264502000528271701264317012606460259170126160731305900000000000020000000000000200000000000002000000000202020202020202020202020202020202020202020202020202020202020202020202020202020202020202020
1178382334651001996970651701244317012406555459170124151535305900000000000020000000000000200000000000002000000000202020202020202020202020202020202020202020202020202020202020202020202020202020202020202020
1178382341555702004705101701305217013008154759000000000000002000000000000020000000000000200000000000002003000000202020202020202020202020202020202020202020202020202020202020202020202020202020202020202020
1178382334627601996385291701244317012406533259170124120846305900000000000020000000000000200000000000002000000000202020202020202020202020202020202020202020202020202020202020202020202020202020202020202020
117838233869310200116358000000521701270800375900000000000000000000000000000000000000000000000000000000000=000000202020202020202020202020202020202020202020202020202020202020202020202020202020202020202020
1178382317044401978860611701115217011110121659000000000000002000000000000020000000000000200000000000002004000000202020202020202020202020202020202020202020202020202020202020202020202020202020202020202020
1178382327240301990152331701184317011806490659170125182045305900000000000020000000000000200000000000002000000000202020202020202020202020202020202020202020202020202020202020202020202020202020202020202020
1178382336479901999061921701254317012506532059170125182143305900000000000020000000000000200000000000002000000000202020202020202020202020202020202020202020202020202020202020202020202020202020202020202020
1178382172509501900613691612055216120508220959000000000000002000000000000020000000000000200000000000002014000000202020202020202020202020202020202020202020202020202020202020202020202020202020202020202020
1178382216144801929835581612125216121209213159000000000000002000000000000020000000000000200000000000002013000000202020202020202020202020202020202020202020202020202020202020202020202020202020202020202020
1178382342507602000536391701305217013008161159000000000000002000000000000020000000000000200000000000002002000000202020202020202020202020202020202020202020202020202020202020202020202020202020202020202020
1178382224627601933686691612145216121408100059000000000000002000000000000020000000000000200000000000002013000000202020202020202020202020202020202020202020202020202020202020202020202020202020202020202020
1178382337923002000634301701264317012606463559170126132319305900000000000020000000000000200000000000002000000000202020202020202020202020202020202020202020202020202020202020202020202020202020202020202020
1178382293797101957559661701035216123007083959000000000000002000000000000020000000000000200000000000002006000000202020202020202020202020202020202020202020202020202020202020202020202020202020202020202020
1178382246511101941406391612195516121908340659000000000000002017012711380859000000000000200000000000002000000000202020202020202020202020202020202020202020202020202020202020202020202020202020202020202020
1178382246560001941153451612195516121908351859000000000000002017012612225759000000000000200000000000002000000000202020202020202020202020202020202020202020202020202020202020202020202020202020202020202020
1178382341818802004677511701305217013008134659000000000000002000000000000020000000000000200000000000002003000000202020202020202020202020202020202020202020202020202020202020202020202020202020202020202020
1178382340802602003752931701284317012806482559170128165710305900000000000020000000000000200000000000002000000000202020202020202020202020202020202020202020202020202020202020202020202020202020202020202020
1178382237254601938192091612155216121607193059000000000000002000000000000020000000000000200000000000002012000000202020202020202020202020202020202020202020202020202020202020202020202020202020202020202020
1178382336810301999033231701254317012506522259170126121503305900000000000020000000000000200000000000002000000000202020202020202020202020202020202020202020202020202020202020202020202020202020202020202020
1178382189785701914325121612085216120808102559000000000000002000000000000020000000000000200000000000002014000000202020202020202020202020202020202020202020202020202020202020202020202020202020202020202020
1178382335609801998471101701244317012406525559170127160930305900000000000020000000000000200000000000002000000000202020202020202020202020202020202020202020202020202020202020202020202020202020202020202020
117838232284920198590230170114521701140627005900000000000000200000000000002000000000000020000000000000200<000000202020202020202020202020202020202020202020202020202020202020202020202020202020202020202020
117838233850870200101139170127521701270800135900000000000000200000000000002000000000000020000000000000200=000000202020202020202020202020202020202020202020202020202020202020202020202020202020202020202020
1178382214735801929674841612125216121209193859000000000000002000000000000020000000000000200000000000002010000000202020202020202020202020202020202020202020202020202020202020202020202020202020202020202020
1178382339349002001525501701274317012707563859170129131719305900000000000020000000000000200000000000002000000000202020202020202020202020202020202020202020202020202020202020202020202020202020202020202020
1178382338835402001610631701274317012708073959170127183335305900000000000020000000000000200000000000002000000000202020202020202020202020202020202020202020202020202020202020202020202020202020202020202020
1178382338151702000495381701264317012606481859170126154802305900000000000020000000000000200000000000002000000000202020202020202020202020202020202020202020202020202020202020202020202020202020202020202020
1178382203461901925758011612105216121008303259000000000000002000000000000020000000000000200000000000002013000000202020202020202020202020202020202020202020202020202020202020202020202020202020202020202020
1178382223987201933018351612135216121307420459000000000000002000000000000020000000000000200000000000002008000000202020202020202020202020202020202020202020202020202020202020202020202020202020202020202020
1178382299019701967531291701055216123109504159000000000000002000000000000020000000000000200000000000002014000000202020202020202020202020202020202020202020202020202020202020202020202020202020202020202020
1178382208299801926753041612115216121008245959000000000000002000000000000020000000000000200000000000002008000000202020202020202020202020202020202020202020202020202020202020202020202020202020202020202020
1178382337202201998936201701274317012506532959170127160603305900000000000020000000000000200000000000002000000000202020202020202020202020202020202020202020202020202020202020202020202020202020202020202020
1178382279121301955464571612315216122707483859000000000000002000000000000020000000000000200000000000002007000000202020202020202020202020202020202020202020202020202020202020202020202020202020202020202020
1178382337369901999960721701264317012606472659170126164320305900000000000020000000000000200000000000002000000000202020202020202020202020202020202020202020202020202020202020202020202020202020202020202020
1178382166347401904793901612025216120210060059000000000000002000000000000020000000000000200000000000002003000000202020202020202020202020202020202020202020202020202020202020202020202020202020202020202020
1178382338898102001800790000004317012707591459170128173745305900000000000000000000000000000000000000000000000000202020202020202020202020202020202020202020202020202020202020202020202020202020202020202020
1178382339514802001656751701274317012707565259170127133401305900000000000020000000000000200000000000002000000000202020202020202020202020202020202020202020202020202020202020202020202020202020202020202020
1178382335259601997815671701244317012406550759170124194910305900000000000020000000000000200000000000002000000000202020202020202020202020202020202020202020202020202020202020202020202020202020202020202020
1178382337286701998743821701254317012506515459170125172337305900000000000020000000000000200000000000002000000000202020202020202020202020202020202020202020202020202020202020202020202020202020202020202020
1178382313634501978204241701095217010909185459000000000000002000000000000020000000000000200000000000002006000000202020202020202020202020202020202020202020202020202020202020202020202020202020202020202020
1178382254207701944327371612195516121907433259000000000000002017012612085359000000000000200000000000002000000000202020202020202020202020202020202020202020202020202020202020202020202020202020202020202020
1178382316043500231604350000005217011007042359000000000000000000000000000000000000000000000000000000000010000000202020202020202020202020202020202020202020202020202020202020202020202020202020202020202020
1178382340040902003370841701284317012806492459170128131717305900000000000020000000000000200000000000002000000000202020202020202020202020202020202020202020202020202020202020202020202020202020202020202020
1178382336343101999151051701254317012506521059170126155613305900000000000020000000000000200000000000002000000000202020202020202020202020202020202020202020202020202020202020202020202020202020202020202020
1178382336081801998545531701254317012506525259170125173605305900000000000020000000000000200000000000002000000000202020202020202020202020202020202020202020202020202020202020202020202020202020202020202020
1178382234769101937047741612155216121507235359000000000000002000000000000020000000000000200000000000002007000000202020202020202020202020202020202020202020202020202020202020202020202020202020202020202020
1178382191212401920691291612085216120808180759000000000000002000000000000020000000000000200000000000002010000000202020202020202020202020202020202020202020202020202020202020202020202020202020202020202020
1178382165505301908215791612025216120209592059000000000000002000000000000020000000000000200000000000002003000000202020202020202020202020202020202020202020202020202020202020202020202020202020202020202020
1178382241842301940110601612175516121706565059000000000000002017012612235959000000000000200000000000002000000000202020202020202020202020202020202020202020202020202020202020202020202020202020202020202020
1178382328152901990169611701195217011906510359000000000000002000000000000020000000000000200000000000002003000000202020202020202020202020202020202020202020202020202020202020202020202020202020202020202020
117838233766250200038075170126521701260650215900000000000000200000000000002000000000000020000000000000200;000000202020202020202020202020202020202020202020202020202020202020202020202020202020202020202020
117838222751310193277658161214521612140801215900000000000000200000000000002000000000000020000000000000200=000000202020202020202020202020202020202020202020202020202020202020202020202020202020202020202020
1178382168465001908345711612035216120308051459000000000000002000000000000020000000000000200000000000002003000000202020202020202020202020202020202020202020202020202020202020202020202020202020202020202020
1178382340124102001501321701285217012806475859000000000000002000000000000020000000000000200000000000002007000000202020202020202020202020202020202020202020202020202020202020202020202020202020202020202020
1178382337074601999335781701254317012506522759170125104517305900000000000020000000000000200000000000002000000000202020202020202020202020202020202020202020202020202020202020202020202020202020202020202020
1178382341670202004845511701305217013008163759000000000000002000000000000020000000000000200000000000002002000000202020202020202020202020202020202020202020202020202020202020202020202020202020202020202020
1178382335278601998180881701244317012406535959170124131647305900000000000020000000000000200000000000002000000000202020202020202020202020202020202020202020202020202020202020202020202020202020202020202020
117838224511210194101725161217521612170708575900000000000000200000000000002000000000000020000000000000200<000000202020202020202020202020202020202020202020202020202020202020202020202020202020202020202020
1178382337769902000712831701264317012606470459170126154809305900000000000020000000000000200000000000002000000000202020202020202020202020202020202020202020202020202020202020202020202020202020202020202020
117838233219700199386404170121521701210712385900000000000000200000000000002000000000000020000000000000200?000000202020202020202020202020202020202020202020202020202020202020202020202020202020202020202020
1178382342812002006195401701305217013008181559000000000000002000000000000020000000000000200000000000002009000000202020202020202020202020202020202020202020202020202020202020202020202020202020202020202020
1178382339582802001658101701274317012707562859170127172020305900000000000020000000000000200000000000002000000000202020202020202020202020202020202020202020202020202020202020202020202020202020202020202020
1178382335745701998820861701244317012406541359170125173409305900000000000020000000000000200000000000002000000000202020202020202020202020202020202020202020202020202020202020202020202020202020202020202020
1178382340892002003459371701284317012806481259170128234728305900000000000020000000000000200000000000002000000000202020202020202020202020202020202020202020202020202020202020202020202020202020202020202020
1178382228521001935432341612145216121407560359000000000000002000000000000020000000000000200000000000002004000000202020202020202020202020202020202020202020202020202020202020202020202020202020202020202020
1178382342431402006042071701305217013008152759000000000000002000000000000020000000000000200000000000002003000000202020202020202020202020202020202020202020202020202020202020202020202020202020202020202020
1178382340460302003555021701285217012806485359000000000000002000000000000020000000000000200000000000002003000000202020202020202020202020202020202020202020202020202020202020202020202020202020202020202020
1178382342870102005906711701304317013008173059170130111114305900000000000020000000000000200000000000002000000000202020202020202020202020202020202020202020202020202020202020202020202020202020202020202020
117838225027780194284489161219521612190824015900000000000000200000000000002000000000000020000000000000200=000000202020202020202020202020202020202020202020202020202020202020202020202020202020202020202020
1178382335272201997815671701244317012406552659170124194910305900000000000020000000000000200000000000002000000000202020202020202020202020202020202020202020202020202020202020202020202020202020202020202020
1178382341703102004846571701305217013008174659000000000000002000000000000020000000000000200000000000002008000000202020202020202020202020202020202020202020202020202020202020202020202020202020202020202020
1178382338221202000237571701264317012606461059170126184959305900000000000020000000000000200000000000002000000000202020202020202020202020202020202020202020202020202020202020202020202020202020202020202020
1178382337549002000190331701264317012606462559170127194536305900000000000020000000000000200000000000002000000000202020202020202020202020202020202020202020202020202020202020202020202020202020202020202020
1178382338236702000747001701264317012606474459170126170039305900000000000020000000000000200000000000002000000000202020202020202020202020202020202020202020202020202020202020202020202020202020202020202020
1178382334186001996504891701234317012306491259170124143121305900000000000020000000000000200000000000002000000000202020202020202020202020202020202020202020202020202020202020202020202020202020202020202020
1178382337728402000512681701264317012606471159170126132751305900000000000020000000000000200000000000002000000000202020202020202020202020202020202020202020202020202020202020202020202020202020202020202020
1178382342494202006182941701305217013008130859000000000000002000000000000020000000000000200000000000002003000000202020202020202020202020202020202020202020202020202020202020202020202020202020202020202020
1178382337760502000182741701264317012606475159170126103633305900000000000020000000000000200000000000002000000000202020202020202020202020202020202020202020202020202020202020202020202020202020202020202020
1178382342503802006083111701305217013008165259000000000000002000000000000020000000000000200000000000002007000000202020202020202020202020202020202020202020202020202020202020202020202020202020202020202020
1178382185383201914325121612085216120709371159000000000000002000000000000020000000000000200000000000002008000000202020202020202020202020202020202020202020202020202020202020202020202020202020202020202020
1178382336990001998935781701254317012506521659170125133031305900000000000020000000000000200000000000002000000000202020202020202020202020202020202020202020202020202020202020202020202020202020202020202020
1178382340366402003313731701284317012806484359170128104037305900000000000020000000000000200000000000002000000000202020202020202020202020202020202020202020202020202020202020202020202020202020202020202020
1178382247404801941155551612205216121908342259000000000000002000000000000020000000000000200000000000002013000000202020202020202020202020202020202020202020202020202020202020202020202020202020202020202020
1178382276991201953863001612245216122407203859000000000000002000000000000020000000000000200000000000002003000000202020202020202020202020202020202020202020202020202020202020202020202020202020202020202020
1178382340339802003273101701294317012806474959170129122719305900000000000020000000000000200000000000002000000000202020202020202020202020202020202020202020202020202020202020202020202020202020202020202020
117838228450300195654233161231521612290714165900000000000000200000000000002000000000000020000000000000200?000000202020202020202020202020202020202020202020202020202020202020202020202020202020202020202020
1178382329367201991391111701195217011906494059000000000000002000000000000020000000000000200000000000002003000000202020202020202020202020202020202020202020202020202020202020202020202020202020202020202020
1178382232953201929351331612155216121507003359000000000000002000000000000020000000000000200000000000002014000000202020202020202020202020202020202020202020202020202020202020202020202020202020202020202020
1178382340718302003618051701284317012806493459170128134530305900000000000020000000000000200000000000002000000000202020202020202020202020202020202020202020202020202020202020202020202020202020202020202020
1178382331251601992056111701234317012107121459170125165820305900000000000020000000000000200000000000002000000000202020202020202020202020202020202020202020202020202020202020202020202020202020202020202020
1178382191212301920691291612085216120808211059000000000000002000000000000020000000000000200000000000002008000000202020202020202020202020202020202020202020202020202020202020202020202020202020202020202020
1178382291308901957431221612315216122906505559000000000000002000000000000020000000000000200000000000002014000000202020202020202020202020202020202020202020202020202020202020202020202020202020202020202020
1178382311784101976733871701075217010706554059000000000000002000000000000020000000000000200000000000002003000000202020202020202020202020202020202020202020202020202020202020202020202020202020202020202020
1178382341656002004466381701305217013008145359000000000000002000000000000020000000000000200000000000002003000000202020202020202020202020202020202020202020202020202020202020202020202020202020202020202020
1178382329934301991633481701214317012007032259170128171311305900000000000020000000000000200000000000002000000000202020202020202020202020202020202020202020202020202020202020202020202020202020202020202020
1178382325850701989042671701175217011709093959000000000000002000000000000020000000000000200000000000002007000000202020202020202020202020202020202020202020202020202020202020202020202020202020202020202020
117838225832770194700211161220521612200846545900000000000000200000000000002000000000000020000000000000200>000000202020202020202020202020202020202020202020202020202020202020202020202020202020202020202020
1178382163855301907682641612025216120209534159000000000000002000000000000020000000000000200000000000002004000000202020202020202020202020202020202020202020202020202020202020202020202020202020202020202020
1178382222957201933203801612135516121307404459000000000000002017012711355059000000000000200000000000002000000000202020202020202020202020202020202020202020202020202020202020202020202020202020202020202020
1178382340562002003315901701284317012806494859170128120031305900000000000020000000000000200000000000002000000000202020202020202020202020202020202020202020202020202020202020202020202020202020202020202020
1178382337432101999960941701264317012606480159170126164327305900000000000020000000000000200000000000002000000000202020202020202020202020202020202020202020202020202020202020202020202020202020202020202020
1178382338765702000264111701274317012708082759170128122320305900000000000020000000000000200000000000002000000000202020202020202020202020202020202020202020202020202020202020202020202020202020202020202020
1178382234838601937048841612155516121507033459000000000000002017012612144859000000000000200000000000002000000000202020202020202020202020202020202020202020202020202020202020202020202020202020202020202020
1178382339671402001678741701274317012707573659170127161534305900000000000020000000000000200000000000002000000000202020202020202020202020202020202020202020202020202020202020202020202020202020202020202020
1178382230621601935730701612145216121507140559000000000000002000000000000020000000000000200000000000002011000000202020202020202020202020202020202020202020202020202020202020202020202020202020202020202020
1178382247404701941155551612205216121908330259000000000000002000000000000020000000000000200000000000002003000000202020202020202020202020202020202020202020202020202020202020202020202020202020202020202020
1178382339536102001716941701275217012707575259000000000000002000000000000020000000000000200000000000002008000000202020202020202020202020202020202020202020202020202020202020202020202020202020202020202020
1178382338211502000637191701264317012606480959170126105850305900000000000020000000000000200000000000002000000000202020202020202020202020202020202020202020202020202020202020202020202020202020202020202020
1178382333535001995157551701224317012306500359170125104430305900000000000020000000000000200000000000002000000000202020202020202020202020202020202020202020202020202020202020202020202020202020202020202020
1178382290308401957431221612315216122907003559000000000000002000000000000020000000000000200000000000002014000000202020202020202020202020202020202020202020202020202020202020202020202020202020202020202020
1178382170725101910861601612035216120308003159000000000000002000000000000020000000000000200000000000002011000000202020202020202020202020202020202020202020202020202020202020202020202020202020202020202020
1178382163935301907486331612025216120209551159000000000000002000000000000020000000000000200000000000002013000000202020202020202020202020202020202020202020202020202020202020202020202020202020202020202020
1178382335560001998560701701244317012406534659170125154707305900000000000020000000000000200000000000002000000000202020202020202020202020202020202020202020202020202020202020202020202020202020202020202020
1178382339617802001897801701274317012707581059170127160139305900000000000020000000000000200000000000002000000000202020202020202020202020202020202020202020202020202020202020202020202020202020202020202020
1178382166059701908225571612025216120210004859000000000000002000000000000020000000000000200000000000002003000000202020202020202020202020202020202020202020202020202020202020202020202020202020202020202020
1178382270417901950706131612225216122207584359000000000000002000000000000020000000000000200000000000002012000000202020202020202020202020202020202020202020202020202020202020202020202020202020202020202020
1178382220233901931266671612145216121307335059000000000000002000000000000020000000000000200000000000002002000000202020202020202020202020202020202020202020202020202020202020202020202020202020202020202020
1178382324056301986507381701175217011608234359000000000000002000000000000020000000000000200000000000002005000000202020202020202020202020202020202020202020202020202020202020202020202020202020202020202020
1178382343218702006661071701314?0000000000002000000000000000200000000000002000000000000020000000000000200=000000202020202020202020202020202020202020202020202020202020202020202020202020202020202020202020
1178382241260701939434551612195216121706582959000000000000002000000000000020000000000000200000000000002007000000202020202020202020202020202020202020202020202020202020202020202020202020202020202020202020
1178382332822501995182501701235217012306465159000000000000002000000000000020000000000000200000000000002003000000202020202020202020202020202020202020202020202020202020202020202020202020202020202020202020
1178382334187101996574111701234317012306484959170125114235305900000000000020000000000000200000000000002000000000202020202020202020202020202020202020202020202020202020202020202020202020202020202020202020
1178382198967501924113801612095216120906540859000000000000002000000000000020000000000000200000000000002008000000202020202020202020202020202020202020202020202020202020202020202020202020202020202020202020
1178382341831802004987771701305217013008143659000000000000002000000000000020000000000000200000000000002003000000202020202020202020202020202020202020202020202020202020202020202020202020202020202020202020
1178382290308501957431221612315216122906474959000000000000002000000000000020000000000000200000000000002006000000202020202020202020202020202020202020202020202020202020202020202020202020202020202020202020
1178382339547702001508571701274317012707582359170127170051305900000000000020000000000000200000000000002000000000202020202020202020202020202020202020202020202020202020202020202020202020202020202020202020
1178382338605602000526811701274317012707594659170127135318305900000000000020000000000000200000000000002000000000202020202020202020202020202020202020202020202020202020202020202020202020202020202020202020
1178382252178201944132561612195216121908220059000000000000002000000000000020000000000000200000000000002007000000202020202020202020202020202020202020202020202020202020202020202020202020202020202020202020
1178382342389102006190491701304317013008133059170130103303305900000000000020000000000000200000000000002000000000202020202020202020202020202020202020202020202020202020202020202020202020202020202020202020
1178382342032002005072931701305217013008184959000000000000002000000000000020000000000000200000000000002009000000202020202020202020202020202020202020202020202020202020202020202020202020202020202020202020
1178382253723901944343161612205216121908092159000000000000002000000000000020000000000000200000000000002004000000202020202020202020202020202020202020202020202020202020202020202020202020202020202020202020
1178382333174201995183741701215217012306473459000000000000002000000000000020000000000000200000000000002003000000202020202020202020202020202020202020202020202020202020202020202020202020202020202020202020
1178382341626302004474431701305217013008145859000000000000002000000000000020000000000000200000000000002003000000202020202020202020202020202020202020202020202020202020202020202020202020202020202020202020
1178382248920401941928311612195516121908151459000000000000002017012612214959000000000000200000000000002000000000202020202020202020202020202020202020202020202020202020202020202020202020202020202020202020
117838221783990193134043161212521612120911085900000000000000200000000000002000000000000020000000000000200;000000202020202020202020202020202020202020202020202020202020202020202020202020202020202020202020
1178382338334002000498031701264317012606495959170127091519305900000000000020000000000000200000000000002000000000202020202020202020202020202020202020202020202020202020202020202020202020202020202020202020
1178382340091702003540981701284317012806474059170128135133305900000000000020000000000000200000000000002000000000202020202020202020202020202020202020202020202020202020202020202020202020202020202020202020
1178382342771702006086131701305217013008153859000000000000002000000000000020000000000000200000000000002003000000202020202020202020202020202020202020202020202020202020202020202020202020202020202020202020
1178382339273202001914001701275217012707594159000000000000002000000000000020000000000000200000000000002007000000202020202020202020202020202020202020202020202020202020202020202020202020202020202020202020
117838224683220194035365161219521612190831365900000000000000200000000000002000000000000020000000000000200;000000202020202020202020202020202020202020202020202020202020202020202020202020202020202020202020
1178382340803902003559281701284317012806490159170128111218305900000000000020000000000000200000000000002000000000202020202020202020202020202020202020202020202020202020202020202020202020202020202020202020
117838221555230192939841161212521612120922595900000000000000200000000000002000000000000020000000000000200;000000202020202020202020202020202020202020202020202020202020202020202020202020202020202020202020
1178382339455602001875601701274317012707580559170129112055305900000000000020000000000000200000000000002000000000202020202020202020202020202020202020202020202020202020202020202020202020202020202020202020
1178382232205401936652611612145516121507191759000000000000002017012711404559000000000000200000000000002000000000202020202020202020202020202020202020202020202020202020202020202020202020202020202020202020
1178382342649102006133761701305217013008170959000000000000002000000000000020000000000000200000000000002008000000202020202020202020202020202020202020202020202020202020202020202020202020202020202020202020
1178382330425801992303941701204317012007035859170124173909305900000000000020000000000000200000000000002000000000202020202020202020202020202020202020202020202020202020202020202020202020202020202020202020
1178382337554502000200361701264317012606484259170126155607305900000000000020000000000000200000000000002000000000202020202020202020202020202020202020202020202020202020202020202020202020202020202020202020
1178382238999201938811891612165516121607161959000000000000002017012711330159000000000000200000000000002000000000202020202020202020202020202020202020202020202020202020202020202020202020202020202020202020
1178382177953901914545661612055216120509454159000000000000002000000000000020000000000000200000000000002003000000202020202020202020202020202020202020202020202020202020202020202020202020202020202020202020
1178382331961701994380811701214317012107071759170124103107305900000000000020000000000000200000000000002000000000202020202020202020202020202020202020202020202020202020202020202020202020202020202020202020
1178382245654601941650881612175216121707043159000000000000002000000000000020000000000000200000000000002002000000202020202020202020202020202020202020202020202020202020202020202020202020202020202020202020
1178382335887901998600361701254317012506534959170125152225305900000000000020000000000000200000000000002000000000202020202020202020202020202020202020202020202020202020202020202020202020202020202020202020
1178382338835302001610631701274317012708080459170127183335305900000000000020000000000000200000000000002000000000202020202020202020202020202020202020202020202020202020202020202020202020202020202020202020
1178382172509601900613691612055216120508154259000000000000002000000000000020000000000000200000000000002008000000202020202020202020202020202020202020202020202020202020202020202020202020202020202020202020
117838233718760199928624170125521701250649585900000000000000200000000000002000000000000020000000000000200>000000202020202020202020202020202020202020202020202020202020202020202020202020202020202020202020
1178382336661801999063011701254317012506513659170125120134305900000000000020000000000000200000000000002000000000202020202020202020202020202020202020202020202020202020202020202020202020202020202020202020
1178382333054101995471391701234317012306475659170126155522305900000000000020000000000000200000000000002000000000202020202020202020202020202020202020202020202020202020202020202020202020202020202020202020
1178382339401402001784961701274317012707561459170127163143305900000000000020000000000000200000000000002000000000202020202020202020202020202020202020202020202020202020202020202020202020202020202020202020
1178382260484301946843741612215216122107123659000000000000002000000000000020000000000000200000000000002007000000202020202020202020202020202020202020202020202020202020202020202020202020202020202020202020
1178382337084801999466031701254317012506535459170125152652305900000000000020000000000000200000000000002000000000202020202020202020202020202020202020202020202020202020202020202020202020202020202020202020
1178382234854501937358111612155216121507032159000000000000002000000000000020000000000000200000000000002007000000202020202020202020202020202020202020202020202020202020202020202020202020202020202020202020
1178382224538501933709051612145216121408071659000000000000002000000000000020000000000000200000000000002013000000202020202020202020202020202020202020202020202020202020202020202020202020202020202020202020
1178382224627701933686691612145216121408105059000000000000002000000000000020000000000000200000000000002013000000202020202020202020202020202020202020202020202020202020202020202020202020202020202020202020
1178382336221501998970461701254317012506512759170125133852305900000000000020000000000000200000000000002000000000202020202020202020202020202020202020202020202020202020202020202020202020202020202020202020
1178382322188901985413921701145217011406260959000000000000002000000000000020000000000000200000000000002007000000202020202020202020202020202020202020202020202020202020202020202020202020202020202020202020
1178382337889402000513911701265217012606473259000000000000002000000000000020000000000000200000000000002003000000202020202020202020202020202020202020202020202020202020202020202020202020202020202020202020
1178382231105101936087581612155216121507192559000000000000002000000000000020000000000000200000000000002011000000202020202020202020202020202020202020202020202020202020202020202020202020202020202020202020
1178382336316801995546471701284317012506514259170128092443305900000000000020000000000000200000000000002000000000202020202020202020202020202020202020202020202020202020202020202020202020202020202020202020
1178382254044601944486441612195516121907411159000000000000002017012612155059000000000000200000000000002000000000202020202020202020202020202020202020202020202020202020202020202020202020202020202020202020
1178382333817301996741871701234317012306501659170125114230305900000000000020000000000000200000000000002000000000202020202020202020202020202020202020202020202020202020202020202020202020202020202020202020
1178382335660501998561221701244317012406531459170124160752305900000000000020000000000000200000000000002000000000202020202020202020202020202020202020202020202020202020202020202020202020202020202020202020
1178382337486701999467371701274317012606464959170126170156305900000000000020000000000000200000000000002000000000202020202020202020202020202020202020202020202020202020202020202020202020202020202020202020
1178382275958501952364141612245516122807125059000000000000002017012711321159000000000000200000000000002000000000202020202020202020202020202020202020202020202020202020202020202020202020202020202020202020
1178382218106001931261081612125216121208545959000000000000002000000000000020000000000000200000000000002007000000202020202020202020202020202020202020202020202020202020202020202020202020202020202020202020
1178382340639702003717061701284317012806491659170128110929305900000000000020000000000000200000000000002000000000202020202020202020202020202020202020202020202020202020202020202020202020202020202020202020
1178382339450102001875491701274317012707565759170127152319305900000000000020000000000000200000000000002000000000202020202020202020202020202020202020202020202020202020202020202020202020202020202020202020
1178382339509302001407451701274317012707562059170127171625305900000000000020000000000000200000000000002000000000202020202020202020202020202020202020202020202020202020202020202020202020202020202020202020
1178382223987101933018351612135216121307452759000000000000002000000000000020000000000000200000000000002013000000202020202020202020202020202020202020202020202020202020202020202020202020202020202020202020
117838233766240200038075170126521701260650475900000000000000200000000000002000000000000020000000000000200=000000202020202020202020202020202020202020202020202020202020202020202020202020202020202020202020
1178382230621401935730701612145216121708104559000000000000002000000000000020000000000000200000000000002011000000202020202020202020202020202020202020202020202020202020202020202020202020202020202020202020
1178382334022401996393891701234317012306492659170129152033305900000000000020000000000000200000000000002000000000202020202020202020202020202020202020202020202020202020202020202020202020202020202020202020
1178382247626701942080261612195516121908320259000000000000002017012612200859000000000000200000000000002000000000202020202020202020202020202020202020202020202020202020202020202020202020202020202020202020
1178382339023802000281101701285217012707563359000000000000002000000000000020000000000000200000000000002003000000202020202020202020202020202020202020202020202020202020202020202020202020202020202020202020
1178382337236901999468211701254317012506515959170125185138305900000000000020000000000000200000000000002000000000202020202020202020202020202020202020202020202020202020202020202020202020202020202020202020
