   1: 0000: \*****************************************************************************
   2: 0000: \***                                                                         *
   3: 0000: \***           RPRPT - MINSITS RP REPORT FILE FUNCTIONS                      *
   4: 0000: \***                                                                         *
   5: 0000: \***                    REFERENCE : RPRPTFUN.BAS                             *
   6: 0000: \***                                                                         *
   7: 0000: \*****************************************************************************
   8: 0000: 
   9: 0000: 
  10: 0000: %INCLUDE RPRPTDEC.J86
  11: 0000: \*****************************************************************************
  12: 0000: \***                                                                         *
  13: 0000: \***           %INCLUDE FOR RPRPT - MINSITS RP REPORT FILE                         *
  14: 0000: \***                                                                         *
  15: 0000: \***                    - FIELD DECLARATIONS                                 *
  16: 0000: \***                    - FILE REFERENCE PARAMETERS                          *
  17: 0000: \***                                                                         *
  18: 0000: \***                    REFERENCE: RPRPTDEC.J86                              *
  19: 0000: \***                                                                         *
  20: 0000: \***           Version A      Nik Sen       24th February 1998                *
  21: 0000: \***                                                                         *
  22: 0000: \*****************************************************************************
  23: 0000: 
  24: 0000:    INTEGER*1 GLOBAL            \
  25: 0000:    RPRPT.SESS.NUM%
  26: 0000: 
  27: 0000:    INTEGER*2 GLOBAL            \   
  28: 0000:    RPRPT.REPORT.NUM%    
  29: 0000: 
  30: 0000:    STRING GLOBAL               \
  31: 0000:    RPRPT.FILE.NAME$
  32: 0000: 
  33: 0000: 
  34: 0000: 
  35: 0000: FUNCTION RPRPT.SET PUBLIC
  36: 0014: 
  37: 0014:     RPRPT.FILE.NAME$  = "RPRPT"
  38: 0023:     RPRPT.REPORT.NUM% = 549    
  39: 002c:      
  40: 002c: END FUNCTION
  41: 0038: 
  42: 0038: End of Compilation
