   1: 0000: \********************************************************************
   2: 0000: \***      Space and Range Planogram descriptors (SRPDF)
   3: 0000: \***      Version A           Neil Bennett          07.08.2006
   4: 0000: \***
   5: 0000: \....................................................................
   6: 0000: 
   7: 0000:   INTEGER*2 GLOBAL                   \
   8: 0000:       CURRENT.REPORT.NUM%
   9: 0000: 
  10: 0000:   STRING GLOBAL                      \
  11: 0000:       CURRENT.CODE$,                 \
  12: 0000:       FILE.OPERATION$
  13: 0000: 
  14: 0000:   %INCLUDE SRPDFDEC.J86
  15: 0000: \********************************************************************
  16: 0000: \***      EXTERNAL FUNCTION DECLARATIONS FOR THE SRPDF FILE
  17: 0000: \***      REFERENCE : SRPDFDEC.J86
  18: 0000: \***      Version A           Neil Bennett          7th August 2006
  19: 0000: \***
  20: 0000: \********************************************************************
  21: 0000: 
  22: 0000:   INTEGER*2 GLOBAL        \
  23: 0000:     SRPDF.SESS.NUM%,      \
  24: 0000:     SRPDF.REPORT.NUM%,    \
  25: 0000:     SRPDF.RECL%           !
  26: 0000: 
  27: 0000:   INTEGER*4 GLOBAL        \
  28: 0000:     SRPDF.POGDB%          ! Unique POG Database key
  29: 0000: 
  30: 0000:   STRING GLOBAL           \
  31: 0000:     SRPDF.FILE.NAME$,     \ File name
  32: 0000:     SRPDF.SHRT.DESC$,     \ Medium descriptor (50)
  33: 0000:     SRPDF.FULL.DESC$,     \ Full descriptor (100)
  34: 0000:     SRPDF.FILLER$         !
  35: 0000: 
  36: 0000: 
  37: 0000: 
  38: 0000: \--------------------------------------------------------------------
  39: 0000: 
  40: 0000:   %INCLUDE BTCMEM.J86
  41: 0000: !********************************************************************
  42: 0000: !***
  43: 0000: !***    INCLUDED CODE:  BTCMEM.J86
  44: 0000: !***    AUTHOR:         Stuart William McConnachie
  45: 0000: !***    DATE:           26th February 2006
  46: 0000: !***
  47: 0000: !********************************************************************
  48: 0000: !***
  49: 0000: !***    Controller CBASIC Memory Functions
  50: 0000: !***
  51: 0000: !********************************************************************
  52: 0000: 
  53: 0000: !Get a single byte integer from a string offset
  54: 0000: FUNCTION GETN1 (S$, P%) EXTERNAL
  55: 0000:     STRING S$
  56: 0000:     INTEGER*2 P%
  57: 0000:     INTEGER*2 GETN1
  58: 0000: END FUNCTION
  59: 0000: 
  60: 0000: !Get a two byte integer from a string offset
  61: 0000: FUNCTION GETN2 (S$, P%) EXTERNAL
  62: 0000:     STRING S$
  63: 0000:     INTEGER*2 P%
  64: 0000:     INTEGER*2 GETN2
  65: 0000: END FUNCTION
  66: 0000: 
  67: 0000: !Get a four byte integer from a string offset
  68: 0000: FUNCTION GETN4 (S$, P%) EXTERNAL
  69: 0000:     STRING S$
  70: 0000:     INTEGER*2 P%
  71: 0000:     INTEGER*4 GETN4
  72: 0000: END FUNCTION
  73: 0000: 
  74: 0000: !Get a 10 byte CBASIC real from a string offset
  75: 0000: FUNCTION GETR10 (S$, P%) EXTERNAL
  76: 0000:     STRING S$
  77: 0000:     INTEGER*2 P%
  78: 0000:     REAL GETR10
  79: 0000: END FUNCTION
  80: 0000: 
  81: 0000: !Put a single byte integer into a string at offset
  82: 0000: FUNCTION PUTN1 (S$, P%, N%) EXTERNAL
  83: 0000:     STRING S$
  84: 0000:     INTEGER*2 P%
  85: 0000:     INTEGER*1 N%
  86: 0000:     INTEGER*1 PUTN1
  87: 0000: END FUNCTION
  88: 0000: 
  89: 0000: !Put a two byte integer into a string at offset
  90: 0000: FUNCTION PUTN2 (S$, P%, N%) EXTERNAL
  91: 0000:     STRING S$
  92: 0000:     INTEGER*2 P%
  93: 0000:     INTEGER*2 N%
  94: 0000:     INTEGER*1 PUTN2
  95: 0000: END FUNCTION
  96: 0000: 
  97: 0000: !Put a four byte integer into a string at offset
  98: 0000: FUNCTION PUTN4 (S$, P%, N%) EXTERNAL
  99: 0000:     STRING S$
 100: 0000:     INTEGER*2 P%
 101: 0000:     INTEGER*4 N%
 102: 0000:     INTEGER*1 PUTN4
 103: 0000: END FUNCTION
 104: 0000: 
 105: 0000: !Put a 10 byte CBASIC real into a string at offset
 106: 0000: FUNCTION PUTR10 (S$, P%, R) EXTERNAL
 107: 0000:     STRING S$
 108: 0000:     INTEGER*2 P%
 109: 0000:     REAL R
 110: 0000:     INTEGER*1 PUTR10
 111: 0000: END FUNCTION
 112: 0000: 
 113: 0000: !Peek a two byte integer from a memory address
 114: 0000: FUNCTION PEEKN2 (A%) EXTERNAL
 115: 0000:     INTEGER*4 A%
 116: 0000:     INTEGER*2 PEEKN2
 117: 0000: END FUNCTION
 118: 0000: 
 119: 0000: !Peek a four byte integer from a memory address
 120: 0000: FUNCTION PEEKN4 (A%) EXTERNAL
 121: 0000:     INTEGER*4 A%
 122: 0000:     INTEGER*4 PEEKN4
 123: 0000: END FUNCTION
 124: 0000: 
 125: 0000: !Peek a 10 byte CBASIC real from a memory address
 126: 0000: FUNCTION PEEKR10 (A%) EXTERNAL
 127: 0000:     INTEGER*4 A%
 128: 0000:     REAL PEEKR10
 129: 0000: END FUNCTION
 130: 0000: 
 131: 0000: !Poke a two byte integer to a memory address
 132: 0000: FUNCTION POKEN2 (A%, N%) EXTERNAL
 133: 0000:     INTEGER*4 A%
 134: 0000:     INTEGER*2 N%
 135: 0000:     INTEGER*1 POKEN2
 136: 0000: END FUNCTION
 137: 0000: 
 138: 0000: !Poke a four byte integer to a memory address
 139: 0000: FUNCTION POKEN4 (A%, N%) EXTERNAL
 140: 0000:     INTEGER*4 A%
 141: 0000:     INTEGER*4 N%
 142: 0000:     INTEGER*1 POKEN4
 143: 0000: END FUNCTION
 144: 0000: 
 145: 0000: !Poke a 10 byte CBASIC real to a memory address
 146: 0000: FUNCTION POKER10 (A%, R) EXTERNAL
 147: 0000:     INTEGER*4 A%
 148: 0000:     REAL R
 149: 0000:     INTEGER*1 POKER10
 150: 0000: END FUNCTION
 151: 0000: 
 152: 0000: 
 153: 0000: \--------------------------------------------------------------------
 154: 0000: 
 155: 0000:   FUNCTION BUILD.SRPDF.KEY$
 156: 0024: 
 157: 0024:    STRING     BUILD.SRPDF.KEY$
 158: 0024:    STRING     work$
 159: 0024: 
 160: 0024:    work$ = STRING$(4,CHR$(0))
 161: 0043: 
 162: 0043:    CALL PUTN4(work$, 0, SRPDF.POGDB%)
 163: 0068: 
 164: 0068:    BUILD.SRPDF.KEY$ = work$
 165: 0082:    work$ = ""
 166: 0097: 
 167: 0097:   END FUNCTION
 168: 00b0: 
 169: 00b0: \--------------------------------------------------------------------
 170: 00b0: 
 171: 00b0:   FUNCTION SRPDF.SET PUBLIC
 172: 00d4: 
 173: 00d4:    SRPDF.REPORT.NUM%   = 733
 174: 00e5:    SRPDF.RECL%         = 169
 175: 00f6:    SRPDF.FILE.NAME$    = "SRPDF"
 176: 010d: 
 177: 010d:   END FUNCTION
 178: 0121: 
 179: 0121: \--------------------------------------------------------------------
 180: 0121: 
 181: 0121:   FUNCTION READ.SRPDF PUBLIC
 182: 0145: 
 183: 0145:    INTEGER*2 READ.SRPDF
 184: 0145:    STRING    key$
 185: 0145: 
 186: 0145:    READ.SRPDF = 1
 187: 0152: 
 188: 0152:    key$ = BUILD.SRPDF.KEY$
 189: 0167: 
 190: 0167:    IF END #SRPDF.SESS.NUM% THEN READ.SRPDF.ERROR
 191: 0183: 
 192: 0183:    READ FORM "T5,C50,C100,C15";                                     \
 193: 01d0:           #SRPDF.SESS.NUM% KEY key$;                                \
 194: 01d0:              SRPDF.SHRT.DESC$,                                      \
 195: 01d0:              SRPDF.FULL.DESC$,                                      \
 196: 01d0:              SRPDF.FILLER$
 197: 01d0: 
 198: 01d0:    READ.SRPDF = 0
 199: 01dd:    EXIT FUNCTION
 200: 01e7: 
 201: 01e7: READ.SRPDF.ERROR:
 202: 01f7: 
 203: 01f7:    CURRENT.REPORT.NUM% = SRPDF.REPORT.NUM%
 204: 020d:    FILE.OPERATION$ = "R"
 205: 0224:    CURRENT.CODE$ = key$
 206: 023f: 
 207: 023f:   END FUNCTION
 208: 0256: 
 209: 0256: \--------------------------------------------------------------------
 210: 0256: 
 211: 0256:   FUNCTION WRITE.SRPDF PUBLIC
 212: 027a: 
 213: 027a:    INTEGER*2 WRITE.SRPDF
 214: 027a:    STRING    key$
 215: 027a: 
 216: 027a:    WRITE.SRPDF = 1
 217: 0287: 
 218: 0287:    key$ = BUILD.SRPDF.KEY$
 219: 029c: 
 220: 029c:    IF END #SRPDF.SESS.NUM% THEN WRITE.SRPDF.ERROR
 221: 02b8: 
 222: 02b8:    WRITE FORM "C4,C50,C100,C15";                                    \
 223: 030f:            #SRPDF.SESS.NUM%;                                        \
 224: 030f:              key$,                                                  \
 225: 030f:              SRPDF.SHRT.DESC$,                                      \
 226: 030f:              SRPDF.FULL.DESC$,                                      \
 227: 030f:              SRPDF.FILLER$
 228: 030f: 
 229: 030f:    WRITE.SRPDF = 0
 230: 031c:    EXIT FUNCTION
 231: 0326: 
 232: 0326: WRITE.SRPDF.ERROR:
 233: 0336: 
 234: 0336:    CURRENT.REPORT.NUM% = SRPDF.REPORT.NUM%
 235: 034c:    FILE.OPERATION$ = "W"
 236: 0363:    CURRENT.CODE$ = key$
 237: 037e: 
 238: 037e:   END FUNCTION
 239: 0395: 
 240: 0395: \--------------------------------------------------------------------
 241: 0395: 
 242: 0395:   FUNCTION DELREC.SRPDF PUBLIC
 243: 03b9: 
 244: 03b9:    INTEGER*2 DELREC.SRPDF
 245: 03b9:    STRING    key$
 246: 03b9: 
 247: 03b9:    DELREC.SRPDF = 1
 248: 03c6: 
 249: 03c6:    key$ = BUILD.SRPDF.KEY$
 250: 03db: 
 251: 03db:    IF END #SRPDF.SESS.NUM% THEN DELREC.SRPDF.ERROR
 252: 03f7: 
 253: 03f7:    DELREC SRPDF.SESS.NUM%; key$
 254: 0413: 
 255: 0413:    DELREC.SRPDF = 0
 256: 0420:    EXIT FUNCTION
 257: 042a: 
 258: 042a: DELREC.SRPDF.ERROR:
 259: 043a: 
 260: 043a:    CURRENT.REPORT.NUM% = SRPDF.REPORT.NUM%
 261: 0450:    FILE.OPERATION$ = "D"
 262: 0467:    CURRENT.CODE$ = key$
 263: 0482: 
 264: 0482:   END FUNCTION
 265: 0499: End of Compilation
