    1: 	    %INCLUDE PSBF01G.J86
    2=a	    REM \
    3=a	    \*******************************************************************
>************
    4=a	    \*******************************************************************
>************
    5=a	    \***
    6=a	    \***       %INCLUDE FOR GLOBAL DEFINITIONS FOR FUNCTION APPLICATION.
>LOG
    7=a	    \***
    8=a	    \***                FUNCTION NUMBER    : PSBF01
    9=a	    \***
   10=a	    \***                REFERENCE          : PSBF01G.J86
   11=a	    \***
   12=a	    \***                DATE OF LAST AMENDMENT  - 27/2/86
   13=a	    \***
   14=a	    \***
   15=a	    \*******************************************************************
>************
   16=a	    
   17=a	          INTEGER GLOBAL  F01.RETURN.CODE%
   18=a	    
   19=a	    
   20: 	    %INCLUDE PSBF20G.J86
   21=a	    REM\
   22=a	    \*******************************************************************
>************
   23=a	    \*******************************************************************
>************
   24=a	    \***
   25=a	    \***     %INCLUDE GLOBAL VARIABLE DEFINITIONS FOR SESS.NUM.UTILITY F
>UNCTION
   26=a	    \***
   27=a	    \***                       REFERENCE     : PSBF20G.J86
   28=a	    \*** 
   29=a	    \***     Version A              Bruce Scrive                   5th M
>ay 1988   
   30=a	    \*** 
   31=a	    \***     Version B              Robert Cowey                   7th M
>ay 1991
   32=a	    \***     Global variable F20.INTEGER.FILE.NO% changed from one byte 
>integer
   33=a	    \***     to two byte integer.
   34=a	    \***
   35=a	    \***     Version D              Andrew Wedgeworth             1st Ju
>ly 1992
   36=a	    \***     F20.RETURN.CODE% removed as it is no longer required.
   37=a	    \***
   38=a	    \*******************************************************************
>************
   39=a	    \*******************************************************************
>************
   40=a	    
   41=a	          STRING    GLOBAL F20.FILE.NAME$,                              
>   \
   42=a	                           F20.STRING.FILE.NO$,                         
>   \
   43=a	                           F20.TABLE.DIMENSIONED.FLAG$,                 
>   \
   44=a	                           SESS.NUM.TABLE$(1)
   45=a	    
   46=a	          INTEGER*2 GLOBAL F20.INTEGER.FILE.NO%
   47=a	    
   48=a	          ! 1 line deleted from here                                    
>   ! DAW 
   49=a	    
   50: 	    %INCLUDE IRFDEC.J86 
   51=a	    
   52=a	    \*******************************************************************
>***************
   53=a	    \***
   54=a	    \***       %INCLUDE FOR ITEM RECORD FILE - FIELD DECLARATIONS
   55=a	    \***                                     - FILE REFERENCE PARAMETERS
   56=a	    \***
   57=a	    \***                      FILE TYPE    : Keyed
   58=a	    \***
   59=a	    \***                      REFERENCE    : IRFDEC.J86
   60=a	    \***
   61=a	    \***     Version A               Andrew Wedgeworth            29th J
>une 1992
   62=a	    \***
   63=a	    \***     Version B               Andrew Wedgeworth        14th Decem
>ber 1992
   64=a	    \***     Version letter incremented to match other IRF code.
   65=a	    \***
   66=a	    \***     Version C             Steve Windsor          12.02.93
   67=a	    \***     Version letter incremented to match other IRF code.
   68=a	    \***
   69=a	    \***     Version D             Steve Windsor          12.05.93
   70=a	    \***     Version letter incremented to match other IRF code.
   71=a	    \***
   72=a	    \***     Version E           Steve Perkins       20th September 1993
   73=a	    \***     Deals project : Handling of Converted/Unconverted records
   74=a	    \***     ++   Anything with 'Delete' after initials should be   ++
   75=a	    \***     ++   deleted once the IRF has been converted in all    ++
   76=a	    \***     ++   stores.                                           ++
   77=a	    \***
   78=a	    \***     Version F           Mark Walker            5th January 1994
   79=a	    \***     Version letter incremented to match other IRF code.
   80=a	    \***
   81=a	    \***     Version 96A         Mark Walker               22nd May 1995
   82=a	    \***     Definition for IRF.POINTS% added.
   83=a	    \***
   84=a	    \***                     Stuart McConnachie           12th June 1995
   85=a	    \***     INDICAT3% comments added for discount/loyalty flags.
   86=a	    \***
   87=a	    \***     Version for 96C  Andrew Wedgeworth            22nd May 1996
   88=a	    \***     Removed IRF.FILLER$ field, as this is now redundant.
   89=a	    \***
   90=a	    \***     Version G     Stuart William McConnachie      11th February
> 2000
   91=a	    \***     Converted IRF.INDICAT2$ to integer flag byte.
   92=a	    \***
   93=a	    \***     REVISION 1.6.               ROBERT COWEY.               9 J
>UL 2002.
   94=a	    \***     Major changes for 2002 Deals Rewrite project.
   95=a	    \***     Incorporated up to date record layout to assist development
> work
   96=a	    \***     (placed in the IRFDEC.J86 to make it visible from ...LST fi
>les).
   97=a	    \***     Moved various comments against variables to record layout.
   98=a	    \***     Relisted variables in alphabetical order.
   99=a	    \***     Deleted redundant variables associated with the old deals s
>ystem ...
  100=a	    \***     DEAL.NUM$, DEAL.SAVING$
  101=a	    \***     Retained variables that are otherwise redundant (to be set 
>to null X'00'
  102=a	    \***     within file functions) ...
  103=a	    \***     INDICAT2%, INDICAT4%, SALEQUAN$, POINTS%
  104=a	    \***     Defined variables to hold interpreted deals data for new de
>als system ...
  105=a	    \***     DEAL.NUM$(n) and LIST.ID%(n) (where 'n' represents entry 0,
> 1 and 2).
  106=a	    \***     These two variables are interpretations of DEAL.DATA% which
> is defined
  107=a	    \***     locally within IRFFUN.BAS to keep underlying data invisible
> to programs.
  108=a	    \***
  109=a	    \***     REVISION 1.7                ROBERT COWEY.               5 A
>UG 2002.
  110=a	    \***     Further changes for 2002 Deals Rewrite project (PSBF19 rela
>ted).
  111=a	    \***     Defined NEW.IRF.DATA$ as a global variable for use with new
> functions
  112=a	    \***     CONCAT.NEW.IRF.DATA$ and SPLIT.NEW.IRF.DATA$.
  113=a	    \***
  114=a	    \***     REVISION 1.8                ROBERT COWEY.              15 J
>UL 2003.
  115=a	    \***     Usage of INDICAT0% bit-3 X'08' changed to Item Contains Alc
>ohol.
  116=a	    \***     No changes to this file other than description.
  117=a	    \***     No changes to IRF file functions.
  118=a	    \***
  119=a	    \***     REVISION 1.9.      STUART WILLIAM MCCONNACHIE           22 
>OCT 2003.
  120=a	    \***     Changes to remove limit of 3 deals per item.
  121=a	    \***     Declaration of new variables for IRF Deal Extension file (I
>RFDEX).
  122=a	    \***
  123=a	    \***     REVISION 2.0.            ALAN CARR                       9 
>FEB 2006.
  124=a	    \***     Add new IRF.INDICAT8% 1 byte, amend IRF.UNUSED$ from 3 to 2
> bytes.
  125=a	    \***
  126=a	    \***     REVISION 2.1              TITTOO THOMAS                  01
> July 2011
  127=a	    \***     The IRF.UNUSED field is disintegrated to 2 new indicator fi
>elds
  128=a	    \***                      IRF.INDICAT9%   1 INT
  129=a	    \***                      IRF.INDICAT10%  1 INT
  130=a	    \***................................................................
>...............
  131=a	    
  132=a	    
  133=a	    \*******************************************************************
>***************
  134=a	    \***
  135=a	    \***    IRF RECORD LAYOUT - REVISION 1.7 - CORRECT FOR 2011 CORE Sto
>res PROJECT
  136=a	    \***
  137=a	    \***     1 11  UPD  BAR.CODE$   Without check digit - File KEY
  138=a	    \***    12  1  INT  INDICAT0%
  139=a	    \***                    X"01" - Contains statins                    
>       ! 2.2 TT
  140=a	    \***                    X"02" - Item not priced (giveaway)
  141=a	    \***                    X"04" - Item not returnable
  142=a	    \***                    X"08" - Item contains alcohol
  143=a	    \***                    X"10" - Blocked from sale                   
>       ! 2.2 TT
  144=a	    \***                    X"20" - Enforced price entry
  145=a	    \***                    X"40" - Enforced quantity entry
  146=a	    \***                    X"80" - Movement kept
  147=a	    \***    13  1  INT  INDICAT1%
  148=a	    \***                    X"01" - Asprin
  149=a	    \***                    X"02" - Paracetamol
  150=a	    \***                    X"04" - TPLU inclusion flag
  151=a	    \***                    X"08" - Giftcard item                       
>       ! 2.2 TT
  152=a	    \***                    X"10" - Withdrawn Block from sale           
>       ! 2.2 TT
  153=a	    \***                    X"20" - Non-solid dose painkiller           
>       ! 2.2 TT
  154=a	    \***                    X"40" - Insurance policy item               
>       ! 2.2 TT
  155=a	    \***                    X"80" - Ibuprofen
  156=a	    \***    14  2  INT  DEAL.DATA%(0)   Interpreted into sub-variables .
>..
  157=a	    \***                    X'3F' - into DEAL.NUM$(0) "0000" to "9999" (
>2 byte UPD)
  158=a	    \***                    X'C0' - into LIST.ID%(0) X'00' X
  159=a	    \***                                             X'01' A
  160=a	    \***                                             X'10' B
  161=a	    \***                                             X'11' C            
>       ! 1.9 RC
  162=a	    \***    16  1  INT  INDICAT8%                                       
>       ! 2.0 AJC
  163=a	    \***                    X"01" - Chlamydia NHS test kit              
>       ! 2.2 TT
  164=a	    \***                    X"02" - Chlamydia open sell test kit        
>       ! 2.2 TT
  165=a	    \***                    X"04" - Unrestricted group code             
>       ! 2.2 TT
  166=a	    \***                    X"08" - Nightingale Till prompt             
>       ! 2.2 TT
  167=a	    \***                    X"10" - Contains Ephedrine                  
>       ! 2.2 TT
  168=a	    \***                    X"60" -  X'00' - If also Blocked From Sale R
>ecall, ! 2.2 TT
  169=a	    \***                                        Emergency               
>       ! 2.2 TT
  170=a	    \***                             X'00' - If NOT Blocked From Sale Re
>call,  ! 2.2 TT
  171=a	    \***                                        No recall               
>       ! 2.2 TT
  172=a	    \***                             X'20' 100% returns                 
>       ! 2.2 TT
  173=a	    \***                             X'40' Withdrawn recall             
>       ! 2.2 TT
  174=a	    \***                             X'60' Reverse Logistics            
>       ! 2.2 TT
  175=a	    \***                    X"80" - WEEE item flag                      
>       ! 2.0 AJC
  176=a	    \***    17  1  INT  INDICAT9%
  177=a	    \***                    X'3F' - Disposal special instruction (0-63)
  178=a	    \***                    X"40" - Resaleable Indicator
  179=a	    \***                    X"80" - Boots.com Extended Indicator
  180=a	    \***    18  1  INT  INDICAT10%
  181=a	    \***                    X'07' - Age restrictions
  182=a	    \***                             X'00' - No Age restriction
  183=a	    \***                             X'01' - Age 12 or over
  184=a	    \***                             X'02' - Age 15 or over
  185=a	    \***                             X'03' - Age 16 or over
  186=a	    \***                             X'04' - Age 18 or over
  187=a	    \***                             X'05' - Age 21 or over
  188=a	    \***                             X'06' - Reserved
  189=a	    \***                             X'07' - Reserved
  190=a	    \***                    X'38' - Ethical classification
  191=a	    \***                             X'00' - No ethical classification
  192=a	    \***                             X'08' - Pharmacy medicine (P)
  193=a	    \***                             X'10' - General Sale License (GSL)
  194=a	    \***                             X'18' - Prescription Only Medicine 
>(POM)
  195=a	    \***                             X'20' - Reserved
  196=a	    \***                             X'28' - Reserved
  197=a	    \***                             X'30' - Reserved
  198=a	    \***                             X'38' - Reserved
  199=a	    \***                    X'C0' - Returns route
  200=a	    \***                             X'00' - Not Returnable (Destroy)
  201=a	    \***                             X'40' - Returns & Recovery
  202=a	    \***                             X'80' - Direct
  203=a	    \***                             X'C0' - Semi-centralised
  204=a	    \***    19  5  UPD  SALEPRIC$   Current price in pence
  205=a	    \***    24  1  INT  INDICAT5%   Guarantee duration
  206=a	    \***                    X'3F' - Lowest 6 bits indicate duration (1-6
>3)
  207=a	    \***                    X'40' - Contains Pseudoephedrine            
>       ! 2.2 TT
  208=a	    \***                    X'80' - Guarantee Duration Type             
>       ! 2.2 TT
  209=a	    \***                              (1 = Months, 0 = Years)           
>       ! 2.2 TT
  210=a	    \***    25 18  ASC  ITEMNAME$   Description used by till
  211=a	    \***    43  3  UPD  BOOTS.CODE$ Without check digit
  212=a	    \***    46  2  INT  DEAL.DATA%(1)   Similar structure to DEAL.DATA%(
>0)
  213=a	    \***    48  2  INT  DEAL.DATA%(2)   Similar structure to DEAL.DATA%(
>0)
  214=a	    \***    50  1  INT  INDICAT3%
  215=a	    \***                    X"01" - Discountexempt (item exempt from dis
>count)
  216=a	    \***                    X"02" - Boots brand item
  217=a	    \***                    X"04" - Item redeemable for loyalty
  218=a	    \***                    X"08" - Loyalty exempt (item exempt from loy
>alty)
  219=a	    \***                    X"10" - **Redundant                         
>       ! 2.2 TT
  220=a	    \***                    X"20" - Local Price active
  221=a	    \***                    X"40" - Stock system item
  222=a	    \***                    X"80" - **Redundant                         
>       ! 2.2 TT
  223=a	    \***
  224=a	    \***    Record Length 50
  225=a	    \***
  226=a	    \***
  227=a	    \***    IRF DEAL EXTENSION RECORD LAYOUT ! 1.9 RC
  228=a	    \***
  229=a	    \***     1  3  UPD  BOOTS.CODE$
  230=a	    \***     4  2  INT  IRF.DEAL.DATA%(3)   Similar structure to DEAL.DA
>TA%(0)
  231=a	    \***     6  2  INT  IRF.DEAL.DATA%(4)   Similar structure to DEAL.DA
>TA%(0)
  232=a	    \***     8  2  INT  IRF.DEAL.DATA%(5)   Similar structure to DEAL.DA
>TA%(0)
  233=a	    \***    10  2  INT  IRF.DEAL.DATA%(6)   Similar structure to DEAL.DA
>TA%(0)
  234=a	    \***    12  2  INT  IRF.DEAL.DATA%(7)   Similar structure to DEAL.DA
>TA%(0)
  235=a	    \***    14  2  INT  IRF.DEAL.DATA%(8)   Similar structure to DEAL.DA
>TA%(0)
  236=a	    \***    16  2  INT  IRF.DEAL.DATA%(9)   Similar structure to DEAL.DA
>TA%(0)
  237=a	    \***
  238=a	    \***    Record Length 17
  239=a	    \***
  240=a	    \*******************************************************************
>***************
  241=a	    
  242=a	    
  243=a	        STRING GLOBAL            \
  244=a	            IRF.ALT.FILE.NAME$,  \
  245=a	            IRF.BAR.CODE$,       \
  246=a	            IRF.BOOTS.CODE$,     \
  247=a	            IRF.DEAL.SAVING$,    \ 2 byte - deal saving amount (0 - œ99.
>99) ! ESP
  248=a	            IRF.DEPARTME$,       \ 3 byte UPD. Department number        
>  ! ESP Delete
  249=a	            IRF.FILE.NAME$,      \
  250=a	            IRF.HOLDING.PRICE$,  \ 4 byte UPD. Current H.O. price in pen
>ce if a local
  251=a	                                 \ price is in effect, zero otherwise.  
>   ! ESP Delete
  252=a	            IRF.ITEMNAME$,       \
  253=a	    \       IRF.MPGROUP$,        \ Removed SBH 31/1/96
  254=a	            IRF.RECORD$,         \                                      
>   ! ESP Delete
  255=a	            IRF.SALEPRIC$,       \
  256=a	            IRF.SALEQUAN$,       \ Redundant (set to null within functio
>ns)    ! 1.6 RC
  257=a	            IRF.UNUSED$,         \                                      
>                  ! 1.6 RC
  258=a	            NEW.IRF.DATA$        !                                      
>       ! 1.7 RC
  259=a	    
  260=a	        STRING GLOBAL            \                                      
>       ! 1.6 RC
  261=a	            IRF.DEAL.NUM$(1)                                            
>       ! 1.6 RC
  262=a	    
  263=a	        INTEGER*1 GLOBAL         \
  264=a	            IRF.DD.SUB%,         \ IRF.DEAL.DATA% subscript             
>       ! 1.6 RC
  265=a	            IRF.INDICAT0%,       \
  266=a	            IRF.INDICAT1%,       \
  267=a	            IRF.INDICAT2%,       \ Redundant (set to null within functio
>ns)    ! 1.6 RC
  268=a	            IRF.INDICAT3%,       \
  269=a	            IRF.INDICAT4%,       \ Redundant (set to null within functio
>ns)    ! 1.6 RC
  270=a	            IRF.INDICAT5%,       \                                      
>       ! 2.0 AJC
  271=a	            IRF.INDICAT8%,       \                                      
>       ! 2.0 AJC
  272=a	            IRF.INDICAT9%,       \                                      
>       ! 2.2 TT
  273=a	            IRF.INDICAT10%                                              
>       ! 2.2 TT
  274=a	    
  275=a	        INTEGER*1 GLOBAL         \                                      
>       ! 1.6 RC
  276=a	            IRF.LIST.ID%(1)                                             
>       ! 1.6 RC
  277=a	    
  278=a	        INTEGER*2 GLOBAL         \
  279=a	            IRF.ALT.REPORT.NUM%, \
  280=a	            IRF.ALT.SESS.NUM%,   \
  281=a	            IRF.POINTS%,         \ Redundant (set to null within functio
>ns)    ! 1.6 RC
  282=a	            IRF.RECL%,           \
  283=a	            IRF.REPORT.NUM%,     \
  284=a	            IRF.SESS.NUM%,       \
  285=a	            IRF.MAX.DEALS%       !                                      
>       ! 1.9 SM
  286=a	    
  287=a	        STRING GLOBAL IRFDEX.FILE.NAME$                                 
>       ! 1.9 SM
  288=a	    
  289=a	        INTEGER*2 GLOBAL IRFDEX.SESS.NUM%                               
>       ! 1.9 SM
  290=a	        INTEGER*2 GLOBAL IRFDEX.REPORT.NUM%                             
>       ! 1.9 SM
  291=a	        INTEGER*2 GLOBAL IRFDEX.RECL%                                   
>       ! 1.9 SM
  292=a	    
  293=a	    
  294=a	    !   INTEGER*2 GLOBAL      \ IRF.DEAL.DATA%(n) variables are defined 
>locally  1.6 RC
  295=a	    !       IRF.DEAL.DATA%(1) \ within IRFFUN.BAS to keep invisible to p
>rograms  1.6 RC
  296=a	    
  297: 	    %INCLUDE IDFDEC.J86
  298=a	    REM \
  299=a	    \*******************************************************************
>***********
  300=a	    \*******************************************************************
>***********
  301=a	    \***
  302=a	    \***         %INCLUDE FOR ITEM DATA FILE - FIELD DECLARATIONS
  303=a	    \***                                       FILE REFERENCE PARAMETERS
  304=a	    \***
  305=a	    \***                  FILE TYPE    : Keyed
  306=a	    \***
  307=a	    \***                  REFERENCE    : IDFDEC.J86
  308=a	    \***
  309=a	    \***         VERSION A : Andrew Wedgeworth  29th June 1992    
  310=a	    \***
  311=a	    \***    VERSION C.              Robert Cowey.                       
>25 AUG 1993.
  312=a	    \***    Replaced un-used RANK$ with BSNS.CNTR$ and FILLER$.
  313=a	    \***
  314=a	    \***    VERSION D.              Andrew Wedgeworth               15th
> March 1995
  315=a	    \***    Comments updated to reflect the fact that some bits on the f
>ile are
  316=a	    \***    no longer used.
  317=a	    \***
  318=a	    \*******************************************************************
>************
  319=a	    \*******************************************************************
>************
  320=a	    
  321=a	      STRING GLOBAL           \
  322=a	        IDF.FILE.NAME$,       \  
  323=a	        IDF.BOOTS.CODE$,      \ 4 byte UPD with check digit (key)
  324=a	        IDF.FIRST.BAR.CODE$,  \ 6 byte UPD without check digit
  325=a	        IDF.SECOND.BAR.CODE$, \ 6 byte UPD without check digit
  326=a	        IDF.NO.OF.BAR.CODES$, \ 2 byte UPD. Total number of bar codes fo
>r this item
  327=a	        IDF.PRODUCT.GRP$,     \ 3 byte UPD. The first two digits are the
> concept
  328=a	                              \ group and the last four the concept sequ
>ence
  329=a	        IDF.STNDRD.DESC$,     \ 24 bytes
  330=a	        IDF.STATUS.1$,        \ 1 byte, values B,C,D,P,X,Z and blank
  331=a	        IDF.INTRO.DATE$,      \ 3 byte UPD YYMMDD. Date first added to t
>his file
  332=a	        IDF.BSNS.CNTR$,       \ 1 byte ASC. Business Centre ID letter   
>   ! CRC
  333=a	        IDF.FILLER$,          \ 1 byte un-used                          
>   ! CRC
  334=a	        IDF.PARENT.CODE$,     \ 4 byte UPD with check digit ; may be zer
>o if no
  335=a	                              \ flashpacks, current IDF.BOOTS.CODE$ if p
>arent line
  336=a	                              \ or Boots Code of parent line if a flashp
>ack.
  337=a	        IDF.DATE.OF.LAST.SALE$! 3 byte UPD. Date of last sale.
  338=a	    
  339=a	      INTEGER*1 GLOBAL        \
  340=a	        IDF.BIT.FLAGS.1%,     \ 1 byte - bit values
  341=a	                              \ X"80"  - Group code flag
  342=a	                              \ X"40"  - Keylines flag
  343=a	                              \ X"20"  - Markdown flag
  344=a	                              \ X"10"  - Warehouse flag
  345=a	                              \ X"08"  - CSR flag
  346=a	                              \ X"04"  - Directs A flag
  347=a	                              \ X"02"  - Directs B flag
  348=a	                              \ X"01"  - Directs C flag
  349=a	        IDF.BIT.FLAGS.2%      \ 1 byte - bit values
  350=a	                              \ X"80"  - Own brand line flag
  351=a	                              \ X"40"  - Exclusive line flag
  352=a	                              \ X"20"  - Unused 
  353=a	                              \ X"10"  - Unused
  354=a	                              \ X"08"  - Stock system flag
  355=a	                              \ X"04"  - Pending count flag
  356=a	                              \ X"02"  - Reserved
  357=a	                              ! X"01"  - Reserved
  358=a	    
  359=a	      INTEGER*2 GLOBAL        \
  360=a	        IDF.RECL%,            \  
  361=a	        IDF.REPORT.NUM%,      \ 
  362=a	        IDF.SESS.NUM%
  363: 	     
  364: 	    
  365: 	    
  366: 	    
  367: 	    %INCLUDE PSBF01E.J86                                                
>   !HSMG
  368=a	    REM \
  369=a	    \*******************************************************************
>************
  370=a	    \*******************************************************************
>************
  371=a	    \***
  372=a	    \***      %INCLUDE FOR EXTERNAL DEFINITION OF FUNCTION APPLICATION.L
>OG
  373=a	    \***
  374=a	    \***                      FUNCTION NUMBER   : PSBF01
  375=a	    \***
  376=a	    \***                    INCLUDE REFERENCE : PSBF01E.J86
  377=a	    \*** 
  378=a	    \***      Version B           Andrew Wedgeworth          1st July 19
>92
  379=a	    \***      Three parameters which passed to the function have been re
>moved.
  380=a	    \***      APPLICATION.LOG has been added as a variable name (this ho
>lds the
  381=a	    \***      return code).
  382=a	    \***
  383=a	    \*******************************************************************
>************
  384=a	    
  385=a	    
  386=a	       FUNCTION APPLICATION.LOG (MESSAGE.NO%,                           
>          \
  387=a	                                 VAR.STRING.1$,                         
>          \
  388=a	                                 VAR.STRING.2$,                         
>          \
  389=a	                                 EVENT.NO%)  EXTERNAL
  390=a	    
  391=a	          INTEGER*1 EVENT.NO%
  392=a	    
  393=a	          INTEGER*2 APPLICATION.LOG,                                    
>   \ GAW
  394=a	                    MESSAGE.NO%
  395=a	    
  396=a	          STRING VAR.STRING.1$,                                         
>   \
  397=a	                 VAR.STRING.2$
  398=a	    
  399=a	       END FUNCTION
  400=a	    
  401=a	    \*******************************************************************
>************
  402: 	    %INCLUDE IRFEXT.J86                                                 
>   !BMJK                                                   
  403=a	    \*******************************************************************
>**************
  404=a	    \***
  405=a	    \***      EXTERNAL FUNCTION DEFINITIONS FOR THE ITEM REFERENCE FILE
  406=a	    \***
  407=a	    \***                    REFERENCE : IRFEXT.J86
  408=a	    \***
  409=a	    \***      Version A          Andrew Wedgeworth        9th July 1992
  410=a	    \***
  411=a	    \***      Version B          Andrew Wedgeworth        14th December 
>1992
  412=a	    \***      Version letter incremented to match other IRF code.
  413=a	    \***
  414=a	    \***      Version C           Steve Windsor        12.02.93
  415=a	    \***      Added external reference to read the alternate IRF.
  416=a	    \***
  417=a	    \***      Version D           Steve Windsor        12.05.93
  418=a	    \***      Added all external references that wre in the original FNS
>.
  419=a	    \***
  420=a	    \***      Version E           Steve Perkins        21.09.93
  421=a	    \***      Deals project: Fields changed for new deals project
  422=a	    \*** 
  423=a	    \***      Version F           Mark Walker          5th January 1994
  424=a	    \***      Version letter incremented to match other IRF code.       
>    
  425=a	    \***                                                                
>    
  426=a	    \***      Version G     Stuart William McConnachie      11th Februar
>y 2000
  427=a	    \***      Converted IRF.INDICAT2$ to integer flag byte.
  428=a	    \***
  429=a	    \***      REVISION 1.6.               ROBERT COWEY.               9 
>JUL 2002.
  430=a	    \***      Major changes to IRF layout for 2002 Deals Rewrite project
>.
  431=a	    \***      No changes to this particular file for this revision.
  432=a	    \***
  433=a	    \***      REVISION 1.7.               ROBERT COWEY.               5 
>AUG 2002.
  434=a	    \***      Further changes for 2002 Deals Rewrite project (PSBF19 rel
>ated).
  435=a	    \***      Defined new functions CONCAT.NEW.IRF.DATA$ and SPLIT.NEW.I
>RF.DATA$.
  436=a	    \***
  437=a	    \***      REVISION 1.8                ROBERT COWEY.              15 
>JUL 2003.
  438=a	    \***      Usage of INDICAT0% bit-3 X'08' changed to Item Contains Al
>cohol.
  439=a	    \***      No changes to this file other than description.
  440=a	    \***      No changes to IRF file functions.
  441=a	    \***
  442=a	    \***      REVISION 1.9.      STUART WILLIAM MCCONNACHIE           22
> OCT 2003.
  443=a	    \***      Changes to remove limit of 3 deals per item.
  444=a	    \***      No changes to this file.
  445=a	    \***
  446=a	    \***      REVISION 2.0.             ALAN CARR                      9
> FEB 2006.
  447=a	    \***      Add new IRF.INDICAT8% 1 byte, amend IRF.UNUSED$ from 3 to 
>2 bytes.
  448=a	    \***      No changes to this file.
  449=a	    \***
  450=a	    \***................................................................
>..............
  451=a	       
  452=a	       FUNCTION IRF.SET EXTERNAL
  453=a	       END FUNCTION
  454=a	    
  455=a	      FUNCTION CONCAT.NEW.IRF.DATA$ EXTERNAL                            
>      ! 1.7 RC
  456=a	      END FUNCTION                                                      
>      ! 1.7 RC
  457=a	    
  458=a	      FUNCTION SPLIT.NEW.IRF.DATA$ EXTERNAL                             
>      ! 1.7 RC
  459=a	      END FUNCTION                                                      
>      ! 1.7 RC
  460=a	      
  461=a	      FUNCTION READ.IRF EXTERNAL
  462=a	       INTEGER*2 READ.IRF
  463=a	      END FUNCTION
  464=a	    
  465=a	      FUNCTION READ.IRF.ALT EXTERNAL
  466=a	       INTEGER*2 READ.IRF.ALT
  467=a	      END FUNCTION
  468=a	    
  469=a	      FUNCTION READ.IRF.LOCK EXTERNAL
  470=a	       INTEGER*2 READ.IRF.LOCK
  471=a	      END FUNCTION
  472=a	    
  473=a	      FUNCTION WRITE.IRF EXTERNAL
  474=a	       INTEGER*2 WRITE.IRF
  475=a	      END FUNCTION
  476=a	    
  477=a	      FUNCTION WRITE.IRF.UNLOCK EXTERNAL
  478=a	       INTEGER*2 WRITE.IRF.UNLOCK
  479=a	      END FUNCTION
  480=a	    
  481=a	      FUNCTION WRITE.IRF.HOLD EXTERNAL
  482=a	       INTEGER*2 WRITE.IRF.HOLD
  483=a	      END FUNCTION
  484=a	    
  485=a	      FUNCTION WRITE.IRF.HOLD.UNLOCK EXTERNAL
  486=a	       INTEGER*2 WRITE.IRF.HOLD.UNLOCK
  487=a	      END FUNCTION
  488=a	    
  489=a	      
  490: 	    %INCLUDE PSBF20E.J86
  491=a	    REM\
  492=a	    \*******************************************************************
>************
  493=a	    \*******************************************************************
>************
  494=a	    \***
  495=a	    \***       %INCLUDE FOR EXTERNAL DEFINITION OF SESS.NUM.UTILITY
  496=a	    \***
  497=a	    \***                  REFERENCE     : PSBF20E.J86
  498=a	    \***
  499=a	    \***     VERSION C            Janet Smith                13th May 19
>92
  500=a	    \***     Increased PASSED.INTEGER to 2 bytes to cater for more than
  501=a	    \***     128 files.
  502=a	    \***
  503=a	    \***     VERSION D.           Andrew Wedgeworth          1st July 19
>92
  504=a	    \***     Removal of redundant parameters and addition of SESS.NUM.UT
>ILITY
  505=a	    \***     as a variable.  This new variable contains the function's r
>eturn
  506=a	    \***     code.
  507=a	    \***
  508=a	    \*******************************************************************
>************
  509=a	    \*******************************************************************
>************
  510=a	    
  511=a	       FUNCTION SESS.NUM.UTILITY (FUNCTION.FLAG$,                       
>   \
  512=a	                                  PASSED.INTEGER%,                      
>   \
  513=a	                                  PASSED.STRING$)                       
>   \
  514=a	       EXTERNAL
  515=a	    
  516=a	       STRING    FUNCTION.FLAG$,                                        
>   \
  517=a	                 PASSED.STRING$
  518=a	       ! 3 variables removed from here                                  
>   ! CAW
  519=a	    
  520=a	    
  521=a	       INTEGER*2 SESS.NUM.UTILITY,                                      
>   \ CAW
  522=a	                 PASSED.INTEGER%                                        
>  ! CJAS
  523=a	    
  524=a	       END FUNCTION
  525=a	    
  526: 	    %INCLUDE IDFEXT.J86 
  527=a	    \*******************************************************************
>************
  528=a	    \***                                                                
>         ***
  529=a	    \***      EXTERNAL FUNCTION DEFINITIONS FOR THE ITEM DESCRIPTION FIL
>E        ***
  530=a	    \***                                                                
>         ***
  531=a	    \***                       REFERENCE : IDFEXT.J86                   
>         ***
  532=a	    \***                                                                
>         ***
  533=a	    \***      Version A           Andrew Wedgeworth         9th July 199
>2        ***
  534=a	    \***
  535=a	    \***    VERSION C.              Robert Cowey.                       
>25 AUG 1993.
  536=a	    \***    No changes to this file.
  537=a	    \***
  538=a	    \***   VERSION D               Nik Sen                 22nd December
> 1994
  539=a	    \***   WRITE.IDF.HOLD added
  540=a	    \***
  541=a	    \*******************************************************************
>************
  542=a	    
  543=a	           FUNCTION IDF.SET EXTERNAL                                    
>  
  544=a	           END FUNCTION                                                 
>  
  545=a	    
  546=a	    
  547=a	           FUNCTION READ.IDF EXTERNAL                                   
>  
  548=a	              INTEGER*2 READ.IDF                                        
>  
  549=a	           END FUNCTION                                                 
>  
  550=a	    
  551=a	    
  552=a	           FUNCTION READ.IDF.LOCK EXTERNAL                              
>  
  553=a	              INTEGER*2 READ.IDF.LOCK                                   
>  
  554=a	           END FUNCTION                                                 
>  
  555=a	    
  556=a	           FUNCTION WRITE.IDF EXTERNAL
  557=a	              INTEGER*2 WRITE.IDF
  558=a	           END FUNCTION           
  559=a	    
  560=a	           FUNCTION WRITE.IDF.HOLD EXTERNAL
  561=a	              INTEGER*2 WRITE.IDF.HOLD
  562=a	           END FUNCTION
  563=a	    
  564=a	           FUNCTION WRITE.IDF.UNLOCK EXTERNAL                           
>       
  565=a	              INTEGER*2 WRITE.IDF.UNLOCK                                
>      
  566=a	           END FUNCTION                                                 
>  
  567: 	    
  568: 	    
  569: 	    
  570: 	    ON ERROR GOTO ERROR.DETECTED
  571: 	    
  572: 	           GOSUB INITIALIZATION
  573: 	           GOSUB MAIN.PROGRAM
  574: 	           GOSUB TERMINATION
  575: 	    
  576: 	    STOP
  577: 	    
  578: 	    INITIALIZATION:
  579: 	    
  580: 	           BLOCK.FILE$ = "C:/DATETIME.TXT"
*** error		      ^8
  581: 	     
  582: 	    
  583: 	    RETURN
  584: 	    
  585: 	    CALL.F20.SESS.NUM.UTILITY: 
  586: 	            
  587: 	             FILE.OPERATION$ = FUNCTION.FLAG$
*** error			   ^8		    ^8
  588: 	             CURRENT.REPORT.NUM% = PASSED.INTEGER%
*** error			       ^8		 ^8
  589: 	             RC% = SESS.NUM.UTILITY (FUNCTION.FLAG$, PASSED.INTEGER%,   
>    \
*** error	       ^8				  ^8		   ^8
  590: 	                                     PASSED.STRING$)
*** error						  ^8
  591: 	             IF RC% <> 0 THEN GOTO ERROR.DETECTED
*** error		  ^8
  592: 	    
  593: 	    RETURN
  594: 	    
  595: 	    
  596: 	    
  597: 	    MAIN.PROGRAM:
  598: 	    
  599: 	           TIME$ = DATE$
*** error		^56
*** error		^8
  600: 	           
  601: 	           PRINT(TIME$)
  602: 	          
  603: 	             
  604: 	    
  605: 	     
  606: 	    
  607: 	    NO.FILE:
  608: 	    
  609: 	        EOF1 = TRUE
*** error	   ^8	  ^8
  610: 	           
  611: 	           EOF = TRUE
*** error	      ^8     ^8
  612: 	    
  613: 	           GOTO TERMINATION
  614: 	    
  615: 	    RETURN
  616: 	    
  617: 	    
  618: 	    TERMINATION:
  619: 	    
  620: 	        FUNCTION.FLAG$ EQ "C"
*** error		     ^8
  621: 	           PASSED.INTEGER% EQ IRF.REPORT.NUM% 
*** error			  ^8
  622: 	        PASSED.STRING$ EQ IRF.FILE.NAME$
*** error		     ^8
  623: 	        GOSUB CALL.F20.SESS.NUM.UTILITY
  624: 	        IRF.SESS.NUM% EQ F20.INTEGER.FILE.NO%
  625: 	           
  626: 	           FUNCTION.FLAG$ EQ "C"
*** error			 ^8
  627: 	           PASSED.INTEGER% EQ IDF.REPORT.NUM% 
*** error			  ^8
  628: 	        PASSED.STRING$ EQ IDF.FILE.NAME$
*** error		     ^8
  629: 	        GOSUB CALL.F20.SESS.NUM.UTILITY
  630: 	        UODOT.SESS.NUM% EQ F20.INTEGER.FILE.NO%
*** error		      ^8
  631: 	    
  632: 	           CLOSE IDF.SESS.NUM%
  633: 	    
  634: 	           CLOSE IRF.SESS.NUM%
  635: 	    
  636: 	    RETURN
  637: 	    
  638: 	    
  639: 	    
  640: 	    ERROR.DETECTED:
  641: 	    
  642: 	    PRINT   "An Error Occurred "   + ERR   + STR$(ERRF%)   + STR$(ERRL)
  643: 	    
  644: 	    END
  645: 	    
  646: 	    
  647: 	    
End of Compilation
