   1: 0000: \******************************************************************************
   2: 0000: \******************************************************************************
   3: 0000: \***
   4: 0000: \***               FUNCTIONS FOR THE DEC CONFIGURATION FILE
   5: 0000: \***
   6: 0000: \***                     REFERENCE    : DECCFFUN.BAS
   7: 0000: \***
   8: 0000: \***       Version A      Mark Goode      20th October 2010
   9: 0000: \***
  10: 0000: \******************************************************************************
  11: 0000: \*******************************************************************************
  12: 0000: 
  13: 0000:    %INCLUDE DECCFDEC.J86
  14: 0000: REM \
  15: 0000: \******************************************************************************
  16: 0000: \******************************************************************************
  17: 0000: \***
  18: 0000: \***                 %INCLUDE FOR THE DEC CONFIGURATION FILE
  19: 0000: \***   
  20: 0000: \***                      FILE TYPE  :   Direct
  21: 0000: \***
  22: 0000: \***                      REFERENCE  :   DECCFDEC.J86
  23: 0000: \***
  24: 0000: \***    Version A         Mark Goode      20th October 2010
  25: 0000: \***
  26: 0000: \******************************************************************************
  27: 0000: \*******************************************************************************
  28: 0000: 
  29: 0000:   STRING GLOBAL           \
  30: 0000:     DECCF.RECORD$,        \    
  31: 0000:     DECCF.MSGID$,         \    Message ID
  32: 0000:     DECCF.MSGNAME$,       \    Message Name
  33: 0000:     DECCF.DIRECTION$,     \    Message Direction
  34: 0000:     DECCF.TYPE$,          \    Queue / Topice i.e. "Q" / "T"
  35: 0000:     DECCF.QOS$,           \    Quality Of Service
  36: 0000:     DECCF.DELIVERY$,      \    "S" - Real Time "Q" - Write to queue file
  37: 0000:     DECCF.FILE.NAME$      !    DEC Configuration file name
  38: 0000:     
  39: 0000:   INTEGER*2 GLOBAL        \          
  40: 0000:     DECCF.RECL%,          \ 
  41: 0000:     DECCF.REPORT.NUM%,    \      
  42: 0000:     DECCF.SESS.NUM%
  43: 0000: 
  44: 0000:   INTEGER*4 GLOBAL        \
  45: 0000:     DECCF.REC.NUM%
  46: 0000: 
  47: 0000: 
  48: 0000:    INTEGER*2 GLOBAL CURRENT.REPORT.NUM%
  49: 0000: 
  50: 0000:    STRING GLOBAL                                                       \
  51: 0000:       CURRENT.CODE$,                                                   \
  52: 0000:       FILE.OPERATION$          
  53: 0000:    
  54: 0000: \------------------------------------------------------------------------------   
  55: 0000: 
  56: 0000:    FUNCTION DECCF.SET PUBLIC   
  57: 0014:  \***************************
  58: 0014:   
  59: 0014:       DECCF.REPORT.NUM% = 815
  60: 001d:       DECCF.FILE.NAME$  = "DECCONF"
  61: 002c:       DECCF.RECL% = 56
  62: 0035:   
  63: 0035:    END FUNCTION
  64: 0041: 
  65: 0041: \------------------------------------------------------------------------------
  66: 0041:   
  67: 0041:    FUNCTION READ.DECCF PUBLIC
  68: 0055:  \****************************   
  69: 0055: 
  70: 0055:       INTEGER*2 I%, READ.DECCF      
  71: 0055:     
  72: 0055:       READ.DECCF = 1
  73: 005a: 
  74: 005a:       IF END #DECCF.SESS.NUM% THEN END.OF.DECCF    
  75: 006e:       READ FORM "T1,C56"; #DECCF.SESS.NUM%,DECCF.REC.NUM%; DECCF.RECORD$
  76: 00a0:     
  77: 00a0:       READ.DECCF = 0     
  78: 00a5:       EXIT FUNCTION      
  79: 00a7:       
  80: 00a7:       
  81: 00a7:       END.OF.DECCF:
  82: 00a7:       
  83: 00a7:          FILE.OPERATION$     = "R"
  84: 00b6:          CURRENT.CODE$       = RIGHT$(PACK$("0000000000000000" +        \
  85: 0109:                                       STR$(DECCF.REC.NUM%)), 8)
  86: 0109:          CURRENT.REPORT.NUM% = DECCF.REPORT.NUM%
  87: 0117: 
  88: 0117:       EXIT FUNCTION
  89: 0119:           
  90: 0119:    END FUNCTION                             
  91: 0128: 
  92: 0128: \---------------------------------------------------------------------------- 
  93: 0128: 
  94: 0128:    FUNCTION WRITE.DECCF PUBLIC
  95: 013c:  \****************************   
  96: 013c: 
  97: 013c:       INTEGER*2 I%, WRITE.DECCF                                                   
  98: 013c:     
  99: 013c:       WRITE.DECCF = 1      
 100: 0141:   
 101: 0141:       DECCF.RECORD$ = DECCF.MSGID$ + DECCF.MSGNAME$ + DECCF.DIRECTION$ + DECCF.TYPE$ + DECCF.QOS$ + DECCF.DELIVERY$
 102: 0191:   
 103: 0191:       IF END #DECCF.SESS.NUM% THEN END.OF.WRITE.DECCF  
 104: 01a5:       WRITE FORM "C54,C2"; #DECCF.SESS.NUM%, DECCF.REC.NUM%;           \
 105: 0200:                             DECCF.RECORD$, CHR$(0DH) + CHR$(0AH)
 106: 0200:  
 107: 0200:       WRITE.DECCF = 0     
 108: 0205:       EXIT FUNCTION      
 109: 0207:       
 110: 0207:       
 111: 0207:       END.OF.WRITE.DECCF:
 112: 0207:       
 113: 0207:       FILE.OPERATION$     = "W"
 114: 0216:       CURRENT.CODE$       = RIGHT$(PACK$("0000000000000000" +        \
 115: 0269:                                    STR$(DECCF.REC.NUM%)), 8)
 116: 0269:       CURRENT.REPORT.NUM% = DECCF.REPORT.NUM%
 117: 0277: 
 118: 0277:       EXIT FUNCTION
 119: 0279:           
 120: 0279: 
 121: 0279:    END FUNCTION
 122: 0288: 
 123: 0288: \------------------------------------------------------------------------------
 124: 0288: 
 125: 0288: End of Compilation
