   1: 0000: \******************************************************************************
   2: 0000: \******************************************************************************
   3: 0000: \***
   4: 0000: \***                     REDEEM ITEMS CHANGE FILE    
   5: 0000: \***                                                                
   6: 0000: \***                      REFERENCE : RICFFUN 
   7: 0000: \***                                                                
   8: 0000: \***                      FILE TYPE : Direct                 
   9: 0000: \***                                                                
  10: 0000: \***                                                                
  11: 0000: \***   Version A.              Jamie Thorpe                  1st July 1997
  12: 0000: \***   Original version.   
  13: 0000: \***
  14: 0000: \***   Version B              Rebecca Dakin                   20th July 1999
  15: 0000: \***   Fields added for processing of Unit Pricing information.                                    
  16: 0000: \***                                                                       
  17: 0000: \******************************************************************************
  18: 0000: \******************************************************************************
  19: 0000: 
  20: 0000:        %INCLUDE RICFDEC.J86 ! RICF variable declarations      
  21: 0000: \******************************************************************************
  22: 0000: \******************************************************************************
  23: 0000: \***
  24: 0000: \***                     REDEEM ITEMS CHANGE FILE    
  25: 0000: \***                                                                
  26: 0000: \***                      REFERENCE : RICFDEC.J86 
  27: 0000: \***                                                                
  28: 0000: \***                      FILE TYPE : Sequential                       
  29: 0000: \***                                                                
  30: 0000: \***                                                                
  31: 0000: \***   Version A.              Jamie Thorpe                  1st July 1997
  32: 0000: \***   Original version.                                                    
  33: 0000: \***                                                                         
  34: 0000: \***                                                                       
  35: 0000: \******************************************************************************
  36: 0000: \******************************************************************************
  37: 0000: 
  38: 0000:  
  39: 0000: STRING GLOBAL        RICF.FILE.NAME$,       \ 
  40: 0000:                      RICF.RECORD$,          \          
  41: 0000:                      RICF.ITEM.CODE$,       \
  42: 0000:                      RICF.DELIVERY.FLAG$,   \
  43: 0000:                      RICF.REDEEM.ITEM$,     \
  44: 0000:                   RICF.ITEM.DESCRIPTION$,   \
  45: 0000:                      RICF.PRICE$,           \
  46: 0000:                      RICF.FILLER$,          \ 
  47: 0000:                      RICF.REC.COUNT$,       \
  48: 0000:                      RICF.ITEM.QTY$,        \ BRD
  49: 0000:                      RICF.UNIT.MEASUREMENT$,\ BRD
  50: 0000:                      RICF.UNIT.NAME$,       \ BRD
  51: 0000:                      RICF.PRODUCT.GROUP$
  52: 0000:                    
  53: 0000:                     
  54: 0000:     
  55: 0000: 
  56: 0000:   INTEGER*2 GLOBAL   RICF.ALT.SESS.NUM%,  \
  57: 0000:                      RICF.REPORT.NUM%,    \ 
  58: 0000:                      RICF.ALT.REPORT.NUM%,\ 
  59: 0000:                      RICF.SESS.NUM%,      \
  60: 0000:                      RICF.RECL%,         \
  61: 0000:                      RICF.RECORD.NO%
  62: 0000:                      
  63: 0000: 
  64: 0000:        INTEGER*2 GLOBAL        CURRENT.REPORT.NUM%             
  65: 0000:                         
  66: 0000:        STRING GLOBAL           FILE.OPERATION$  
  67: 0000: 
  68: 0000: \****************************** SET FUNCTION **********************************
  69: 0000: 
  70: 0000:        FUNCTION RICF.SET PUBLIC
  71: 0014: 
  72: 0014:            INTEGER*2 RICF.SET
  73: 0014:     
  74: 0014:            RICF.SET = 1
  75: 0019: 
  76: 0019:            RICF.FILE.NAME$  = "ADXLXACN::D:\ADX_UDT1\RICF.BIN"
  77: 0028:            RICF.REPORT.NUM% =  513
  78: 0031:            RICF.RECL% = 80                                 ! BRD
  79: 003a: 
  80: 003a:            RICF.SET = 0
  81: 003f: 
  82: 003f:        END FUNCTION
  83: 004e: 
  84: 004e: \******************************* READ FUNCTION ************************************
  85: 004e: 
  86: 004e:        FUNCTION READ.RICF PUBLIC
  87: 0062: 
  88: 0062:            INTEGER*2 READ.RICF
  89: 0062: 
  90: 0062:            READ.RICF = 1
  91: 0067: 
  92: 0067:            IF END # RICF.SESS.NUM% THEN READ.RICF.IF.END
  93: 007b:            READ FORM "C4,C1,C1,C45,C4,C3,C4,C2,C10,C6" ; # RICF.SESS.NUM%, RICF.RECORD.NO% ; \
  94: 010f:                        RICF.ITEM.CODE$,                 \
  95: 010f:                        RICF.DELIVERY.FLAG$,             \
  96: 010f:                        RICF.REDEEM.ITEM$,               \
  97: 010f:                        RICF.ITEM.DESCRIPTION$,          \
  98: 010f:                        RICF.PRICE$,                     \
  99: 010f:                        RICF.PRODUCT.GROUP$,             \
 100: 010f:                        RICF.ITEM.QTY$,                  \ BRD
 101: 010f:                        RICF.UNIT.MEASUREMENT$,          \ BRD
 102: 010f:                        RICF.UNIT.NAME$,                 \ BRD
 103: 010f:                        RICF.FILLER$                  
 104: 010f:        
 105: 010f:            READ.RICF = 0
 106: 0114: 
 107: 0114:        EXIT FUNCTION
 108: 0116: 
 109: 0116: READ.RICF.IF.END:
 110: 0116: 
 111: 0116:        FILE.OPERATION$     = "R"
 112: 0125:        CURRENT.REPORT.NUM% = RICF.REPORT.NUM%
 113: 0133:     
 114: 0133:        END FUNCTION                
 115: 0142: 
 116: 0142: \****************************** WRITE FUNCTION ***************************************
 117: 0142: 
 118: 0142:    FUNCTION WRITE.RICF PUBLIC
 119: 0156: 
 120: 0156:        INTEGER*2 WRITE.RICF
 121: 0156: 
 122: 0156:        WRITE.RICF = 1
 123: 015b: 
 124: 015b:        IF END#RICF.SESS.NUM% THEN WRITE.RICF.ERROR
 125: 016f:        WRITE FORM "C4,C1,C1,C45,C4,C3,C4,C2,C10,C6" ; # RICF.SESS.NUM%, RICF.RECORD.NO% ; \
 126: 0230:                        RICF.ITEM.CODE$,                 \
 127: 0230:                        RICF.DELIVERY.FLAG$,             \
 128: 0230:                        RICF.REDEEM.ITEM$,               \
 129: 0230:                        RICF.ITEM.DESCRIPTION$,          \
 130: 0230:                        RICF.PRICE$,                     \
 131: 0230:                        RICF.PRODUCT.GROUP$,             \
 132: 0230:                        RICF.ITEM.QTY$,                  \ BRD
 133: 0230:                        RICF.UNIT.MEASUREMENT$,          \ BRD
 134: 0230:                        RICF.UNIT.NAME$,                 \ BRD
 135: 0230:                        RICF.FILLER$                  
 136: 0230:        
 137: 0230:        WRITE.RICF = 0
 138: 0235: 
 139: 0235:    EXIT FUNCTION
 140: 0237: 
 141: 0237:    WRITE.RICF.ERROR:
 142: 0237: 
 143: 0237:    CURRENT.REPORT.NUM% = RICF.REPORT.NUM%
 144: 0245:    FILE.OPERATION$ = "W"
 145: 0254: 
 146: 0254:   END FUNCTION                                                                      
 147: 0263: End of Compilation
