   1: 0000: \/******************************************************************/
   2: 0000: \/*                                                                */
   3: 0000: \/* CIPRM File Functions                                           */
   4: 0000: \/*                                                                */
   5: 0000: \/* REFERENCE   : CIPRMFUN.BAS                                     */
   6: 0000: \/*                                                                */
   7: 0000: \/* VERSION A.          Neil Bennett.              16 April 2007   */
   8: 0000: \/*                                                                */
   9: 0000: \/******************************************************************/
  10: 0000: 
  11: 0000:    INTEGER*2 GLOBAL CURRENT.REPORT.NUM%
  12: 0000: 
  13: 0000:    STRING GLOBAL    CURRENT.CODE$,                                  \
  14: 0000:                     FILE.OPERATION$
  15: 0000: 
  16: 0000:    %INCLUDE CIPRMDEC.J86
  17: 0000: \/******************************************************************/
  18: 0000: \/*                                                                */
  19: 0000: \/* CIPRM FILE GLOBAl VARIABLE DECLARATIONS                        */
  20: 0000: \/*                                                                */
  21: 0000: \/* REFERENCE   : CIPRMDEC.J86                                     */
  22: 0000: \/*                                                                */
  23: 0000: \/* VERSION A.          Neil Bennett.              16 APRIL 2007   */
  24: 0000: \/*                                                                */
  25: 0000: \/******************************************************************/
  26: 0000: 
  27: 0000:    STRING GLOBAL                \
  28: 0000:       CIPRM.FILE.NAME$,         \
  29: 0000:                                 \
  30: 0000:       CIPRM.RCD$                !
  31: 0000: 
  32: 0000:    INTEGER*2 GLOBAL             \
  33: 0000:       CIPRM.REPORT.NUM%,        \
  34: 0000:       CIPRM.SESS.NUM%           !
  35: 0000: 
  36: 0000: \/******************************************************************/
  37: 0000: 
  38: 0000: \/* - - - - - - - - - - - - - - - - - - - - - - - - - - - - - - - -*/
  39: 0000: \/* FUNCTION CIPRM.SET                                             */
  40: 0000: \/* - - - - - - - - - - - - - - - - - - - - - - - - - - - - - - - -*/
  41: 0000: 
  42: 0000:    FUNCTION CIPRM.SET PUBLIC
  43: 0014: 
  44: 0014:       INTEGER*1 CIPRM.SET
  45: 0014: 
  46: 0014:       CIPRM.REPORT.NUM% = 740
  47: 001d:       CIPRM.FILE.NAME$  = "CIPRM"
  48: 002c: 
  49: 002c:    END FUNCTION
  50: 003b: 
  51: 003b: \/* - - - - - - - - - - - - - - - - - - - - - - - - - - - - - - - -*/
  52: 003b: \/* FUNCTION READ.CIPRM                                            */
  53: 003b: \/* - - - - - - - - - - - - - - - - - - - - - - - - - - - - - - - -*/
  54: 003b: 
  55: 003b:    FUNCTION READ.CIPRM PUBLIC
  56: 004f: 
  57: 004f:       INTEGER*2 READ.CIPRM
  58: 004f: 
  59: 004f:       READ.CIPRM = 1
  60: 0054: 
  61: 0054:       IF END #CIPRM.SESS.NUM% THEN READ.ERROR
  62: 0068:       READ #CIPRM.SESS.NUM%; LINE CIPRM.RCD$
  63: 0081: 
  64: 0081:       READ.CIPRM = 0
  65: 0086:    EXIT FUNCTION
  66: 0088: 
  67: 0088: 
  68: 0088: READ.ERROR:
  69: 0088: 
  70: 0088:       FILE.OPERATION$     = "R"
  71: 0097:       CURRENT.REPORT.NUM% = CIPRM.REPORT.NUM%
  72: 00a5:       CURRENT.CODE$       = ""
  73: 00b4: 
  74: 00b4:    END FUNCTION
  75: 00c3: 
  76: 00c3: \/* - - - - - - - - - - - - - - - - - - - - - - - - - - - - - - - -*/
  77: 00c3: \/* FUNCTION WRITE.CIPRM                                           */
  78: 00c3: \/* - - - - - - - - - - - - - - - - - - - - - - - - - - - - - - - -*/
  79: 00c3: 
  80: 00c3:    FUNCTION WRITE.CIPRM PUBLIC
  81: 00d7: 
  82: 00d7:       INTEGER*2 WRITE.CIPRM
  83: 00d7:       STRING    form$
  84: 00d7: 
  85: 00d7:       WRITE.CIPRM = 1
  86: 00dc: 
  87: 00dc:       IF RIGHT$(CIPRM.RCD$, 2) <> CHR$(13) + CHR$(10) THEN BEGIN
  88: 0124:          CIPRM.RCD$ = CIPRM.RCD$ + CHR$(13) + CHR$(10)
  89: 0156:       ENDIF
  90: 0156:       form$ = "C" + STR$(LEN(CIPRM.RCD$))
  91: 0184: 
  92: 0184:       IF END #CIPRM.SESS.NUM% THEN WRITE.ERROR
  93: 0198:       WRITE FORM form$; #CIPRM.SESS.NUM%; CIPRM.RCD$
  94: 01be: 
  95: 01be:       WRITE.CIPRM = 0
  96: 01c3:       EXIT FUNCTION
  97: 01c5: 
  98: 01c5: WRITE.ERROR:
  99: 01c5: 
 100: 01c5:       FILE.OPERATION$ = "W"
 101: 01d4:       CURRENT.REPORT.NUM% = CIPRM.REPORT.NUM%
 102: 01e2:       CURRENT.CODE$ = ""
 103: 01f1: 
 104: 01f1:    END FUNCTION
 105: 0200: 
 106: 0200: \/******************************************************************/
 107: 0200: End of Compilation
