   1: 0000: \*****************************************************************************
   2: 0000: \*****************************************************************************
   3: 0000: \***
   4: 0000: \***            TODAYS PRICE CHANGE REPORT FILE FUNCTIONS 
   5: 0000: \***
   6: 0000: \***      Version A           Steve Windsor               5th Jan 1993
   7: 0000: \***
   8: 0000: \*****************************************************************************
   9: 0000: \*****************************************************************************
  10: 0000: 
  11: 0000: 
  12: 0000:    INTEGER*2 GLOBAL                  \
  13: 0000:       CURRENT.REPORT.NUM%
  14: 0000: 
  15: 0000:    STRING GLOBAL                     \
  16: 0000:       CURRENT.CODE$,                 \
  17: 0000:       FILE.OPERATION$
  18: 0000: 
  19: 0000:    %INCLUDE PCTFDEC.J86
  20: 0000: \*****************************************************************************
  21: 0000: \***          %INCLUDE FOR TODAYS PRICE CHANGES - FIELD DECLARATIONS
  22: 0000: \***          FILE TYPE    :              REFERENCE    : PCTFDEC
  23: 0000: \***          Version A             Steve Windsor          8.2.93
  24: 0000: \.............................................................................
  25: 0000: 
  26: 0000:   STRING GLOBAL           \
  27: 0000:     PCTF.FILE.NAME$
  28: 0000: 
  29: 0000:   INTEGER*2 GLOBAL        \
  30: 0000:     PCTF.REPORT.NUM%,     \ 
  31: 0000:     PCTF.SESS.NUM%
  32: 0000:  
  33: 0000: 
  34: 0000: 
  35: 0000:    FUNCTION PCTF.SET PUBLIC
  36: 0014: REM \
  37: 0014: 
  38: 0014:     PCTF.REPORT.NUM%  = 20  
  39: 001d:     PCTF.FILE.NAME$   = "PCTF"
  40: 002c: END FUNCTION
  41: 0038: 
  42: 0038: \----------------------------------------------------------------------------
  43: 0038: 
  44: 0038: REM \
  45: 0038: 
  46: 0038:   FUNCTION READ.PCTF PUBLIC
  47: 004c: 
  48: 004c:    STRING RPRT.LINE$  
  49: 004c:    INTEGER*2 READ.PCTF
  50: 004c: 
  51: 004c:    READ.PCTF = 1
  52: 0051: 
  53: 0051:    IF END#PCTF.SESS.NUM% THEN READ.PCTF.ERROR
  54: 0065: 
  55: 0065:     READ #PCTF.SESS.NUM%; RPRT.LINE$
  56: 0081: 
  57: 0081:    READ.PCTF = 0
  58: 0086:    EXIT FUNCTION
  59: 0088: 
  60: 0088:    READ.PCTF.ERROR:
  61: 0088: 
  62: 0088:    CURRENT.REPORT.NUM% = PCTF.REPORT.NUM%
  63: 0096:    FILE.OPERATION$ = "R"
  64: 00a5:    CURRENT.CODE$ = ""
  65: 00b4: 
  66: 00b4:    EXIT FUNCTION
  67: 00b6:   END FUNCTION
  68: 00c5: 
  69: 00c5: 
  70: 00c5:   FUNCTION WRITE.PCTF PUBLIC
  71: 00d9: 
  72: 00d9:    STRING RPRT.LINE$  
  73: 00d9:    INTEGER*2 WRITE.PCTF
  74: 00d9: 
  75: 00d9:    WRITE.PCTF = 1
  76: 00de: 
  77: 00de:    IF END#PCTF.SESS.NUM% THEN WRITE.PCTF.ERROR
  78: 00f2: 
  79: 00f2:     WRITE #PCTF.SESS.NUM%; RPRT.LINE$
  80: 010d: 
  81: 010d:    WRITE.PCTF = 0
  82: 0112:    EXIT FUNCTION
  83: 0114: 
  84: 0114:    WRITE.PCTF.ERROR:
  85: 0114: 
  86: 0114:    CURRENT.REPORT.NUM% = PCTF.REPORT.NUM%
  87: 0122:    FILE.OPERATION$ = "W"
  88: 0131:    CURRENT.CODE$ = ""
  89: 0140: 
  90: 0140:    EXIT FUNCTION
  91: 0142:   END FUNCTION
  92: 0151: 
  93: 0151: End of Compilation
