   1: 0000: \*****************************************************************************
   2: 0000: \*****************************************************************************
   3: 0000: \***
   4: 0000: \***            SHELF-EDGE LABEL (SATURDAY) FILE FUNCTIONS 
   5: 0000: \***
   6: 0000: \***      Version A           Steve Windsor               5th Jan 1993
   7: 0000: \***
   8: 0000: \***      Version B           Jamie Thorpe                7th Jun 1999
   9: 0000: \***      Removed version lettering.
  10: 0000: \***
  11: 0000: \*****************************************************************************
  12: 0000: \*****************************************************************************
  13: 0000: 
  14: 0000: 
  15: 0000:    INTEGER*2 GLOBAL                  \
  16: 0000:       CURRENT.REPORT.NUM%
  17: 0000: 
  18: 0000:    STRING GLOBAL                     \
  19: 0000:       CURRENT.CODE$,                 \
  20: 0000:       FILE.OPERATION$
  21: 0000: 
  22: 0000:    %INCLUDE SATDEC.J86               ! BJT
  23: 0000: \*****************************************************************************
  24: 0000: \***       %INCLUDE FOR SHELF-EDGE LABELS SATURDAY - FIELD DECLARATIONS
  25: 0000: \***            FILE TYPE    :         REFERENCE    : SATDEC
  26: 0000: \***      Version A             Steve Windsor          8.2.93
  27: 0000: \.............................................................................
  28: 0000: 
  29: 0000:   STRING GLOBAL           \
  30: 0000:     SAT.FILE.NAME$
  31: 0000: 
  32: 0000:   INTEGER*2 GLOBAL        \
  33: 0000:     SAT.REPORT.NUM%,      \
  34: 0000:     SAT.SESS.NUM%
  35: 0000:  
  36: 0000: 
  37: 0000: 
  38: 0000:    FUNCTION SAT.SET PUBLIC
  39: 0014: REM \
  40: 0014: 
  41: 0014:     SAT.REPORT.NUM%  = 27  
  42: 001d:     SAT.FILE.NAME$   = "SSAT"
  43: 002c: END FUNCTION
  44: 0038: 
  45: 0038: \----------------------------------------------------------------------------
  46: 0038: 
  47: 0038: REM \
  48: 0038: 
  49: 0038:   FUNCTION READ.SAT PUBLIC
  50: 004c: 
  51: 004c:    STRING RPRT.LINE$ 
  52: 004c:    INTEGER*2 READ.SAT
  53: 004c: 
  54: 004c:    READ.SAT = 1
  55: 0051: 
  56: 0051:    IF END#SAT.SESS.NUM% THEN READ.SAT.ERROR
  57: 0065: 
  58: 0065:     READ #SAT.SESS.NUM%; RPRT.LINE$
  59: 0081: 
  60: 0081:    READ.SAT = 0
  61: 0086:    EXIT FUNCTION
  62: 0088: 
  63: 0088:    READ.SAT.ERROR:
  64: 0088: 
  65: 0088:    CURRENT.REPORT.NUM% = SAT.REPORT.NUM%
  66: 0096:    FILE.OPERATION$ = "R"
  67: 00a5:    CURRENT.CODE$ = ""
  68: 00b4: 
  69: 00b4:    EXIT FUNCTION
  70: 00b6:   END FUNCTION
  71: 00c5: 
  72: 00c5: 
  73: 00c5:   FUNCTION WRITE.SAT PUBLIC
  74: 00d9: 
  75: 00d9:    STRING RPRT.LINE$ 
  76: 00d9:    INTEGER*2 WRITE.SAT
  77: 00d9: 
  78: 00d9:    WRITE.SAT = 1
  79: 00de: 
  80: 00de:    IF END#SAT.SESS.NUM% THEN WRITE.SAT.ERROR
  81: 00f2: 
  82: 00f2:     WRITE #SAT.SESS.NUM%; RPRT.LINE$
  83: 010d: 
  84: 010d:    WRITE.SAT = 0
  85: 0112:    EXIT FUNCTION
  86: 0114: 
  87: 0114:    WRITE.SAT.ERROR:
  88: 0114: 
  89: 0114:    CURRENT.REPORT.NUM% = SAT.REPORT.NUM%
  90: 0122:    FILE.OPERATION$ = "W"
  91: 0131:    CURRENT.CODE$ = ""
  92: 0140: 
  93: 0140:    EXIT FUNCTION
  94: 0142:   END FUNCTION
  95: 0151: 
  96: 0151: End of Compilation
