   1: 0000: \*****************************************************************************
   2: 0000: \***              SHELF-EDGE LABEL (TUESDAY) FILE FUNCTIONS 
   3: 0000: \***      Version A           Steve Windsor             5th Jan 1993
   4: 0000: \***
   5: 0000: \***      Version B           Jamie Thorpe                7th Jun 1999
   6: 0000: \***      Removed version lettering.
   7: 0000: \.............................................................................
   8: 0000: 
   9: 0000:    INTEGER*2 GLOBAL                  \
  10: 0000:       CURRENT.REPORT.NUM%
  11: 0000: 
  12: 0000:    STRING GLOBAL                     \
  13: 0000:       CURRENT.CODE$,                 \
  14: 0000:       FILE.OPERATION$
  15: 0000: 
  16: 0000:    %INCLUDE TUEDEC.J86               ! BJT
  17: 0000: \*****************************************************************************
  18: 0000: \***              %INCLUDE FOR SEL TUE - FIELD DECLARATIONS
  19: 0000: \***          FILE TYPE    :         REFERENCE    : TUEDEC 
  20: 0000: \***      Version A             Steve Windsor          8.2.93
  21: 0000: \.............................................................................
  22: 0000: 
  23: 0000:   STRING GLOBAL           \
  24: 0000:     TUE.FILE.NAME$
  25: 0000: 
  26: 0000:   INTEGER*2 GLOBAL        \
  27: 0000:     TUE.REPORT.NUM%,      \ 
  28: 0000:     TUE.SESS.NUM%
  29: 0000:  
  30: 0000: 
  31: 0000: FUNCTION TUE.SET PUBLIC
  32: 0014: 
  33: 0014:     TUE.REPORT.NUM%  = 23   
  34: 001d:     TUE.FILE.NAME$   = "STUE"
  35: 002c: END FUNCTION
  36: 0038: 
  37: 0038: \----------------------------------------------------------------------------
  38: 0038: 
  39: 0038:   FUNCTION READ.TUE PUBLIC
  40: 004c: 
  41: 004c:    STRING RPRT.LINE$ 
  42: 004c:    INTEGER*2 READ.TUE
  43: 004c: 
  44: 004c:    READ.TUE = 1
  45: 0051: 
  46: 0051:    IF END#TUE.SESS.NUM% THEN READ.TUE.ERROR
  47: 0065: 
  48: 0065:     READ #TUE.SESS.NUM%; RPRT.LINE$
  49: 0081: 
  50: 0081:    READ.TUE = 0
  51: 0086:    EXIT FUNCTION
  52: 0088: 
  53: 0088:    READ.TUE.ERROR:
  54: 0088: 
  55: 0088:    CURRENT.REPORT.NUM% = TUE.REPORT.NUM%
  56: 0096:    FILE.OPERATION$ = "R"
  57: 00a5:    CURRENT.CODE$ = ""
  58: 00b4: 
  59: 00b4:    EXIT FUNCTION
  60: 00b6:   END FUNCTION
  61: 00c5: 
  62: 00c5: 
  63: 00c5:   FUNCTION WRITE.TUE PUBLIC
  64: 00d9: 
  65: 00d9:    STRING RPRT.LINE$ 
  66: 00d9:    INTEGER*2 WRITE.TUE
  67: 00d9: 
  68: 00d9:    WRITE.TUE = 1
  69: 00de: 
  70: 00de:    IF END#TUE.SESS.NUM% THEN WRITE.TUE.ERROR
  71: 00f2: 
  72: 00f2:     WRITE #TUE.SESS.NUM%; RPRT.LINE$
  73: 010d: 
  74: 010d:    WRITE.TUE = 0
  75: 0112:    EXIT FUNCTION
  76: 0114: 
  77: 0114:    WRITE.TUE.ERROR:
  78: 0114: 
  79: 0114:    CURRENT.REPORT.NUM% = TUE.REPORT.NUM%
  80: 0122:    FILE.OPERATION$ = "W"
  81: 0131:    CURRENT.CODE$ = ""
  82: 0140: 
  83: 0140:    EXIT FUNCTION
  84: 0142:   END FUNCTION
  85: 0151: 
  86: 0151: End of Compilation
