   1: 0000: 
   2: 0000: \REM
   3: 0000: \*******************************************************************************
   4: 0000: \*******************************************************************************
   5: 0000: \***
   6: 0000: \***    %INCLUDE FOR PHARMACY LOCAL FILES PUBLIC FUNCTIONS
   7: 0000: \***
   8: 0000: \***        REFERENCE   :   PHRMLFU (BAS)
   9: 0000: \***
  10: 0000: \***        FILE TYPE   :   Accessed as direct
  11: 0000: \***
  12: 0000: \***    VERSION A.              ROBERT COWEY.                       24 MAR 1994.
  13: 0000: \***    Original version dealing with Pharmacy password field only.
  14: 0000: \***
  15: 0000: \*******************************************************************************
  16: 0000: \*******************************************************************************
  17: 0000: 
  18: 0000: 
  19: 0000:     %INCLUDE PHRMLDEC.J86 ! PHRML variable declarations
  20: 0000: 
  21: 0000: \REM
  22: 0000: \*******************************************************************************
  23: 0000: \*******************************************************************************
  24: 0000: \***
  25: 0000: \***    %INCLUDE FOR PHARMACY LOCAL FILES VARIABLE DECLARATIONS
  26: 0000: \***
  27: 0000: \***        REFERENCE   :   PHRMLDE (J86)
  28: 0000: \***
  29: 0000: \***        FILE TYPE   :   Accessed as dircet
  30: 0000: \***
  31: 0000: \***    VERSION A.              ROBERT COWEY.                       24 MAR 1994.
  32: 0000: \***    Original version dealing with Pharmacy password field only.
  33: 0000: \***
  34: 0000: \*******************************************************************************
  35: 0000: \*******************************************************************************
  36: 0000: 
  37: 0000: 
  38: 0000: \*******************************************************************************
  39: 0000: \*******************************************************************************
  40: 0000: \***
  41: 0000: \***    PHRML FILE LAYOUT
  42: 0000: \***
  43: 0000: \***        1  32499  ASC  Not referenced   Pharmacy specific information
  44: 0000: \***    32500      9  ASC  PASSWORD$        First nine bytes of ten byte 
  45: 0000: \***                                        Pharmacy password
  46: 0000: \***        *      3  ASC                   Non encrypted ASC password
  47: 0000: \***        *      6  ASC                   Unused bytes set to CHR$(0)
  48: 0000: \***    32509    101  ASC  Not referenced   Pharmacy specific information
  49: 0000: \***
  50: 0000: \***    Record length 9 (to facilitate easy access to password field)
  51: 0000: \***
  52: 0000: \*******************************************************************************
  53: 0000: \*******************************************************************************
  54: 0000: 
  55: 0000:  
  56: 0000:     STRING GLOBAL \
  57: 0000:         PHRML.FILE.NAME$, \
  58: 0000:         PHRML.PASSWORD$
  59: 0000: 
  60: 0000: 
  61: 0000:     INTEGER*2 GLOBAL \
  62: 0000:         PHRML.RECL%, \
  63: 0000:         PHRML.REPORT.NUM%, \
  64: 0000:         PHRML.SESS.NUM%
  65: 0000: 
  66: 0000: 
  67: 0000:     INTEGER*4 GLOBAL \
  68: 0000:         PHRML.REC.NUM%
  69: 0000: 
  70: 0000: 
  71: 0000:     STRING GLOBAL \
  72: 0000:         CURRENT.CODE$, \
  73: 0000:         FILE.OPERATION$
  74: 0000: 
  75: 0000:     INTEGER*2 GLOBAL \
  76: 0000:         CURRENT.REPORT.NUM%
  77: 0000: 
  78: 0000: 
  79: 0000: FUNCTION PHRML.SET PUBLIC
  80: 0014: 
  81: 0014:     INTEGER*2 PHRML.SET
  82: 0014:     PHRML.SET EQ 1
  83: 0019: 
  84: 0019:     PHRML.FILE.NAME$  EQ "PHRML"
  85: 0028:     PHRML.REPORT.NUM% EQ  150
  86: 0031:     PHRML.RECL%       EQ  9
  87: 003a: 
  88: 003a:     PHRML.SET EQ 0
  89: 003f: 
  90: 003f: END FUNCTION
  91: 004e: 
  92: 004e: 
  93: 004e: FUNCTION WRITE.PHRML.PASSWORD PUBLIC
  94: 0062: 
  95: 0062:     INTEGER*2 WRITE.PHRML.PASSWORD
  96: 0062:     WRITE.PHRML.PASSWORD EQ 1
  97: 0067: 
  98: 0067:     PHRML.REC.NUM% EQ 3612
  99: 0076: 
 100: 0076:     IF END # PHRML.SESS.NUM% THEN WRITE.PHRML.IF.END
 101: 008a:     WRITE FORM "C9"; \
 102: 00bc:       # PHRML.SESS.NUM%, \
 103: 00bc:         PHRML.REC.NUM%; \
 104: 00bc:           PHRML.PASSWORD$
 105: 00bc: 
 106: 00bc:     WRITE.PHRML.PASSWORD EQ 0
 107: 00c1:     EXIT FUNCTION
 108: 00c3: 
 109: 00c3: WRITE.PHRML.IF.END:
 110: 00c3: 
 111: 00c3:     FILE.OPERATION$     EQ "W"
 112: 00d2:     CURRENT.REPORT.NUM% EQ  PHRML.REPORT.NUM%
 113: 00e0:     CURRENT.CODE$       EQ \
 114: 0128:       PACK$(RIGHT$("00000000000000" + STR$(PHRML.REC.NUM%),14))
 115: 0128: 
 116: 0128:     EXIT FUNCTION
 117: 012a: 
 118: 012a: END FUNCTION
 119: 0139: 
 120: 0139: End of Compilation
